This file contains any messages produced by compilers while
running configure, to aid debugging if configure makes a mistake.

It was created by FileDialog configure 1.0, which was
generated by GNU Autoconf 2.69.  Invocation command line was

  $ ../../../lib-src/FileDialog/configure --disable-option-checking --prefix=/usr/local/ --with-lib-preference=local system --with-ffmpeg=system --disable-dynamic-loading --with-mod-script-pipe --with-wx-config=/usr/bin/wx-config --enable-static=yes --enable-shared=no --disable-xmms-plugin --disable-doxygen-docs --disable-thorough-tests --disable-programs --disable-sqlite --disable-external-libs --disable-alsa --disable-programs --disable-programs PORTAUDIO_CFLAGS=-I/home/user/projects/audacity-speech-tagger/audacity-minsrc-2.3.3/build/../lib-src/portaudio-v19/include PORTAUDIO_LIBS=/home/user/projects/audacity-speech-tagger/audacity-minsrc-2.3.3/build/../lib-src/portaudio-v19/lib/libportaudio.la --cache-file=/dev/null --srcdir=../../../lib-src/FileDialog

## --------- ##
## Platform. ##
## --------- ##

hostname = 2jh2xg2j
uname -m = x86_64
uname -r = 4.15.0-96-generic
uname -s = Linux
uname -v = #97-Ubuntu SMP Wed Apr 1 03:25:46 UTC 2020

/usr/bin/uname -p = unknown
/bin/uname -X     = unknown

/bin/arch              = unknown
/usr/bin/arch -k       = unknown
/usr/convex/getsysinfo = unknown
/usr/bin/hostinfo      = unknown
/bin/machine           = unknown
/usr/bin/oslevel       = unknown
/bin/universe          = unknown

PATH: /home/user/anaconda3/envs/py36/bin
PATH: /home/user/.rbenv/plugins/ruby-build/bin
PATH: /home/user/.rbenv/shims
PATH: /home/user/.rbenv/bin
PATH: /home/user/gems/bin
PATH: /home/user/anaconda3/bin
PATH: /usr/local/bin
PATH: /home/user/bin
PATH: /home/user/.local/bin
PATH: /usr/local/sbin
PATH: /usr/local/bin
PATH: /usr/sbin
PATH: /usr/bin
PATH: /sbin
PATH: /bin
PATH: /usr/games
PATH: /usr/local/games
PATH: /snap/bin
PATH: /usr/lib/jvm/java-8-oracle/bin
PATH: /usr/lib/jvm/java-8-oracle/db/bin
PATH: /usr/lib/jvm/java-8-oracle/jre/bin
PATH: /usr/share/logtalk/tools/lgtdoc/xml
PATH: /usr/share/logtalk/scripts
PATH: /usr/share/logtalk/integration


## ----------- ##
## Core tests. ##
## ----------- ##

configure:2437: checking for a BSD-compatible install
configure:2505: result: /usr/bin/install -c
configure:2516: checking whether build environment is sane
configure:2571: result: yes
configure:2722: checking for a thread-safe mkdir -p
configure:2761: result: /bin/mkdir -p
configure:2768: checking for gawk
configure:2784: found /usr/bin/gawk
configure:2795: result: gawk
configure:2806: checking whether make sets $(MAKE)
configure:2828: result: yes
configure:2857: checking whether make supports nested variables
configure:2874: result: yes
configure:3000: checking whether to enable maintainer-specific portions of Makefiles
configure:3009: result: no
configure:3094: checking for g++
configure:3110: found /usr/bin/g++
configure:3121: result: g++
configure:3148: checking for C++ compiler version
configure:3157: g++ --version >&5
g++ (Ubuntu 7.5.0-3ubuntu1~18.04) 7.5.0
Copyright (C) 2017 Free Software Foundation, Inc.
This is free software; see the source for copying conditions.  There is NO
warranty; not even for MERCHANTABILITY or FITNESS FOR A PARTICULAR PURPOSE.

configure:3168: $? = 0
configure:3157: g++ -v >&5
Using built-in specs.
COLLECT_GCC=g++
COLLECT_LTO_WRAPPER=/usr/lib/gcc/x86_64-linux-gnu/7/lto-wrapper
OFFLOAD_TARGET_NAMES=nvptx-none
OFFLOAD_TARGET_DEFAULT=1
Target: x86_64-linux-gnu
Configured with: ../src/configure -v --with-pkgversion='Ubuntu 7.5.0-3ubuntu1~18.04' --with-bugurl=file:///usr/share/doc/gcc-7/README.Bugs --enable-languages=c,ada,c++,go,brig,d,fortran,objc,obj-c++ --prefix=/usr --with-gcc-major-version-only --program-suffix=-7 --program-prefix=x86_64-linux-gnu- --enable-shared --enable-linker-build-id --libexecdir=/usr/lib --without-included-gettext --enable-threads=posix --libdir=/usr/lib --enable-nls --enable-bootstrap --enable-clocale=gnu --enable-libstdcxx-debug --enable-libstdcxx-time=yes --with-default-libstdcxx-abi=new --enable-gnu-unique-object --disable-vtable-verify --enable-libmpx --enable-plugin --enable-default-pie --with-system-zlib --with-target-system-zlib --enable-objc-gc=auto --enable-multiarch --disable-werror --with-arch-32=i686 --with-abi=m64 --with-multilib-list=m32,m64,mx32 --enable-multilib --with-tune=generic --enable-offload-targets=nvptx-none --without-cuda-driver --enable-checking=release --build=x86_64-linux-gnu --host=x86_64-linux-gnu --target=x86_64-linux-gnu
Thread model: posix
gcc version 7.5.0 (Ubuntu 7.5.0-3ubuntu1~18.04) 
configure:3168: $? = 0
configure:3157: g++ -V >&5
g++: error: unrecognized command line option '-V'
g++: fatal error: no input files
compilation terminated.
configure:3168: $? = 1
configure:3157: g++ -qversion >&5
g++: error: unrecognized command line option '-qversion'; did you mean '--version'?
g++: fatal error: no input files
compilation terminated.
configure:3168: $? = 1
configure:3188: checking whether the C++ compiler works
configure:3210: g++    conftest.cpp  >&5
configure:3214: $? = 0
configure:3262: result: yes
configure:3265: checking for C++ compiler default output file name
configure:3267: result: a.out
configure:3273: checking for suffix of executables
configure:3280: g++ -o conftest    conftest.cpp  >&5
configure:3284: $? = 0
configure:3306: result: 
configure:3328: checking whether we are cross compiling
configure:3336: g++ -o conftest    conftest.cpp  >&5
configure:3340: $? = 0
configure:3347: ./conftest
configure:3351: $? = 0
configure:3366: result: no
configure:3371: checking for suffix of object files
configure:3393: g++ -c   conftest.cpp >&5
configure:3397: $? = 0
configure:3418: result: o
configure:3422: checking whether we are using the GNU C++ compiler
configure:3441: g++ -c   conftest.cpp >&5
configure:3441: $? = 0
configure:3450: result: yes
configure:3459: checking whether g++ accepts -g
configure:3479: g++ -c -g  conftest.cpp >&5
configure:3479: $? = 0
configure:3520: result: yes
configure:3554: checking for style of include used by make
configure:3582: result: GNU
configure:3608: checking dependency style of g++
configure:3719: result: gcc3
configure:3782: checking for gcc
configure:3798: found /usr/bin/gcc
configure:3809: result: gcc
configure:4038: checking for C compiler version
configure:4047: gcc --version >&5
gcc (Ubuntu 7.5.0-3ubuntu1~18.04) 7.5.0
Copyright (C) 2017 Free Software Foundation, Inc.
This is free software; see the source for copying conditions.  There is NO
warranty; not even for MERCHANTABILITY or FITNESS FOR A PARTICULAR PURPOSE.

configure:4058: $? = 0
configure:4047: gcc -v >&5
Using built-in specs.
COLLECT_GCC=gcc
COLLECT_LTO_WRAPPER=/usr/lib/gcc/x86_64-linux-gnu/7/lto-wrapper
OFFLOAD_TARGET_NAMES=nvptx-none
OFFLOAD_TARGET_DEFAULT=1
Target: x86_64-linux-gnu
Configured with: ../src/configure -v --with-pkgversion='Ubuntu 7.5.0-3ubuntu1~18.04' --with-bugurl=file:///usr/share/doc/gcc-7/README.Bugs --enable-languages=c,ada,c++,go,brig,d,fortran,objc,obj-c++ --prefix=/usr --with-gcc-major-version-only --program-suffix=-7 --program-prefix=x86_64-linux-gnu- --enable-shared --enable-linker-build-id --libexecdir=/usr/lib --without-included-gettext --enable-threads=posix --libdir=/usr/lib --enable-nls --enable-bootstrap --enable-clocale=gnu --enable-libstdcxx-debug --enable-libstdcxx-time=yes --with-default-libstdcxx-abi=new --enable-gnu-unique-object --disable-vtable-verify --enable-libmpx --enable-plugin --enable-default-pie --with-system-zlib --with-target-system-zlib --enable-objc-gc=auto --enable-multiarch --disable-werror --with-arch-32=i686 --with-abi=m64 --with-multilib-list=m32,m64,mx32 --enable-multilib --with-tune=generic --enable-offload-targets=nvptx-none --without-cuda-driver --enable-checking=release --build=x86_64-linux-gnu --host=x86_64-linux-gnu --target=x86_64-linux-gnu
Thread model: posix
gcc version 7.5.0 (Ubuntu 7.5.0-3ubuntu1~18.04) 
configure:4058: $? = 0
configure:4047: gcc -V >&5
gcc: error: unrecognized command line option '-V'
gcc: fatal error: no input files
compilation terminated.
configure:4058: $? = 1
configure:4047: gcc -qversion >&5
gcc: error: unrecognized command line option '-qversion'; did you mean '--version'?
gcc: fatal error: no input files
compilation terminated.
configure:4058: $? = 1
configure:4062: checking whether we are using the GNU C compiler
configure:4081: gcc -c   conftest.c >&5
configure:4081: $? = 0
configure:4090: result: yes
configure:4099: checking whether gcc accepts -g
configure:4119: gcc -c -g  conftest.c >&5
configure:4119: $? = 0
configure:4160: result: yes
configure:4177: checking for gcc option to accept ISO C89
configure:4240: gcc  -c -g -O2  conftest.c >&5
configure:4240: $? = 0
configure:4253: result: none needed
configure:4278: checking whether gcc understands -c and -o together
configure:4300: gcc -c conftest.c -o conftest2.o
configure:4303: $? = 0
configure:4300: gcc -c conftest.c -o conftest2.o
configure:4303: $? = 0
configure:4315: result: yes
configure:4334: checking dependency style of gcc
configure:4445: result: gcc3
configure:4510: checking for ar
configure:4526: found /usr/bin/ar
configure:4537: result: ar
configure:4563: checking the archiver (ar) interface
configure:4579: gcc -c -g -O2  conftest.c >&5
configure:4579: $? = 0
configure:4581: ar cru libconftest.a conftest.o >&5
ar: `u' modifier ignored since `D' is the default (see `U')
configure:4584: $? = 0
configure:4612: result: ar
configure:4686: checking for g++
configure:4702: found /usr/bin/g++
configure:4713: result: g++
configure:4738: checking for Objective C++ compiler version
configure:4747: g++ --version >&5
g++ (Ubuntu 7.5.0-3ubuntu1~18.04) 7.5.0
Copyright (C) 2017 Free Software Foundation, Inc.
This is free software; see the source for copying conditions.  There is NO
warranty; not even for MERCHANTABILITY or FITNESS FOR A PARTICULAR PURPOSE.

configure:4758: $? = 0
configure:4747: g++ -v >&5
Using built-in specs.
COLLECT_GCC=g++
COLLECT_LTO_WRAPPER=/usr/lib/gcc/x86_64-linux-gnu/7/lto-wrapper
OFFLOAD_TARGET_NAMES=nvptx-none
OFFLOAD_TARGET_DEFAULT=1
Target: x86_64-linux-gnu
Configured with: ../src/configure -v --with-pkgversion='Ubuntu 7.5.0-3ubuntu1~18.04' --with-bugurl=file:///usr/share/doc/gcc-7/README.Bugs --enable-languages=c,ada,c++,go,brig,d,fortran,objc,obj-c++ --prefix=/usr --with-gcc-major-version-only --program-suffix=-7 --program-prefix=x86_64-linux-gnu- --enable-shared --enable-linker-build-id --libexecdir=/usr/lib --without-included-gettext --enable-threads=posix --libdir=/usr/lib --enable-nls --enable-bootstrap --enable-clocale=gnu --enable-libstdcxx-debug --enable-libstdcxx-time=yes --with-default-libstdcxx-abi=new --enable-gnu-unique-object --disable-vtable-verify --enable-libmpx --enable-plugin --enable-default-pie --with-system-zlib --with-target-system-zlib --enable-objc-gc=auto --enable-multiarch --disable-werror --with-arch-32=i686 --with-abi=m64 --with-multilib-list=m32,m64,mx32 --enable-multilib --with-tune=generic --enable-offload-targets=nvptx-none --without-cuda-driver --enable-checking=release --build=x86_64-linux-gnu --host=x86_64-linux-gnu --target=x86_64-linux-gnu
Thread model: posix
gcc version 7.5.0 (Ubuntu 7.5.0-3ubuntu1~18.04) 
configure:4758: $? = 0
configure:4747: g++ -V >&5
g++: error: unrecognized command line option '-V'
g++: fatal error: no input files
compilation terminated.
configure:4758: $? = 1
configure:4747: g++ -qversion >&5
g++: error: unrecognized command line option '-qversion'; did you mean '--version'?
g++: fatal error: no input files
compilation terminated.
configure:4758: $? = 1
configure:4762: checking whether we are using the GNU Objective C++ compiler
configure:4781: g++ -c   conftest.mm >&5
g++: error trying to exec 'cc1objplus': execvp: No such file or directory
configure:4781: $? = 1
configure: failed program was:
| /* confdefs.h */
| #define PACKAGE_NAME "FileDialog"
| #define PACKAGE_TARNAME "FileDialog"
| #define PACKAGE_VERSION "1.0"
| #define PACKAGE_STRING "FileDialog 1.0"
| #define PACKAGE_BUGREPORT "feedback@audacityteam.org"
| #define PACKAGE_URL ""
| #define PACKAGE "FileDialog"
| #define VERSION "1.0"
| /* end confdefs.h.  */
| 
| int
| main ()
| {
| #ifndef __GNUC__
|        choke me
| #endif
| 
|   ;
|   return 0;
| }
configure:4790: result: no
configure:4799: checking whether g++ accepts -g
configure:4819: g++ -c -g  conftest.mm >&5
g++: error trying to exec 'cc1objplus': execvp: No such file or directory
configure:4819: $? = 1
configure: failed program was:
| /* confdefs.h */
| #define PACKAGE_NAME "FileDialog"
| #define PACKAGE_TARNAME "FileDialog"
| #define PACKAGE_VERSION "1.0"
| #define PACKAGE_STRING "FileDialog 1.0"
| #define PACKAGE_BUGREPORT "feedback@audacityteam.org"
| #define PACKAGE_URL ""
| #define PACKAGE "FileDialog"
| #define VERSION "1.0"
| /* end confdefs.h.  */
| 
| int
| main ()
| {
| 
|   ;
|   return 0;
| }
configure:4834: g++ -c   conftest.mm >&5
g++: error trying to exec 'cc1objplus': execvp: No such file or directory
configure:4834: $? = 1
configure: failed program was:
| /* confdefs.h */
| #define PACKAGE_NAME "FileDialog"
| #define PACKAGE_TARNAME "FileDialog"
| #define PACKAGE_VERSION "1.0"
| #define PACKAGE_STRING "FileDialog 1.0"
| #define PACKAGE_BUGREPORT "feedback@audacityteam.org"
| #define PACKAGE_URL ""
| #define PACKAGE "FileDialog"
| #define VERSION "1.0"
| /* end confdefs.h.  */
| 
| int
| main ()
| {
| 
|   ;
|   return 0;
| }
configure:4850: g++ -c -g  conftest.mm >&5
g++: error trying to exec 'cc1objplus': execvp: No such file or directory
configure:4850: $? = 1
configure: failed program was:
| /* confdefs.h */
| #define PACKAGE_NAME "FileDialog"
| #define PACKAGE_TARNAME "FileDialog"
| #define PACKAGE_VERSION "1.0"
| #define PACKAGE_STRING "FileDialog 1.0"
| #define PACKAGE_BUGREPORT "feedback@audacityteam.org"
| #define PACKAGE_URL ""
| #define PACKAGE "FileDialog"
| #define VERSION "1.0"
| /* end confdefs.h.  */
| 
| int
| main ()
| {
| 
|   ;
|   return 0;
| }
configure:4860: result: no
configure:4885: checking dependency style of g++
configure:4994: result: gcc3
configure:5039: checking build system type
configure:5053: result: x86_64-unknown-linux-gnu
configure:5073: checking host system type
configure:5086: result: x86_64-unknown-linux-gnu
configure:5127: checking how to print strings
configure:5154: result: printf
configure:5175: checking for a sed that does not truncate output
configure:5239: result: /bin/sed
configure:5257: checking for grep that handles long lines and -e
configure:5315: result: /bin/grep
configure:5320: checking for egrep
configure:5382: result: /bin/grep -E
configure:5387: checking for fgrep
configure:5449: result: /bin/grep -F
configure:5484: checking for ld used by gcc
configure:5551: result: /usr/bin/ld
configure:5558: checking if the linker (/usr/bin/ld) is GNU ld
configure:5573: result: yes
configure:5585: checking for BSD- or MS-compatible name lister (nm)
configure:5634: result: /usr/bin/nm -B
configure:5764: checking the name lister (/usr/bin/nm -B) interface
configure:5771: g++ -c -g -O2  conftest.cpp >&5
configure:5774: /usr/bin/nm -B "conftest.o"
configure:5777: output
0000000000000000 B some_variable
configure:5784: result: BSD nm
configure:5787: checking whether ln -s works
configure:5791: result: yes
configure:5799: checking the maximum length of command line arguments
configure:5930: result: 1572864
configure:5947: checking whether the shell understands some XSI constructs
configure:5957: result: yes
configure:5961: checking whether the shell understands "+="
configure:5967: result: yes
configure:6002: checking how to convert x86_64-unknown-linux-gnu file names to x86_64-unknown-linux-gnu format
configure:6042: result: func_convert_file_noop
configure:6049: checking how to convert x86_64-unknown-linux-gnu file names to toolchain format
configure:6069: result: func_convert_file_noop
configure:6076: checking for /usr/bin/ld option to reload object files
configure:6083: result: -r
configure:6157: checking for objdump
configure:6173: found /usr/bin/objdump
configure:6184: result: objdump
configure:6216: checking how to recognize dependent libraries
configure:6414: result: pass_all
configure:6499: checking for dlltool
configure:6529: result: no
configure:6559: checking how to associate runtime and link libraries
configure:6586: result: printf %s\n
configure:6711: checking for archiver @FILE support
configure:6728: g++ -c -g -O2  conftest.cpp >&5
configure:6728: $? = 0
configure:6731: ar cru libconftest.a @conftest.lst >&5
ar: `u' modifier ignored since `D' is the default (see `U')
configure:6734: $? = 0
configure:6739: ar cru libconftest.a @conftest.lst >&5
ar: `u' modifier ignored since `D' is the default (see `U')
ar: conftest.o: No such file or directory
configure:6742: $? = 1
configure:6754: result: @
configure:6812: checking for strip
configure:6828: found /usr/bin/strip
configure:6839: result: strip
configure:6911: checking for ranlib
configure:6927: found /usr/bin/ranlib
configure:6938: result: ranlib
configure:7040: checking command to parse /usr/bin/nm -B output from gcc object
configure:7160: g++ -c -g -O2  conftest.cpp >&5
configure:7163: $? = 0
configure:7167: /usr/bin/nm -B conftest.o \| sed -n -e 's/^.*[ ]\([ABCDGIRSTW][ABCDGIRSTW]*\)[ ][ ]*\([_A-Za-z][_A-Za-z0-9]*\)$/\1 \2 \2/p' | sed '/ __gnu_lto/d' \> conftest.nm
configure:7170: $? = 0
configure:7236: g++ -o conftest -g -O2   conftest.cpp conftstm.o >&5
configure:7239: $? = 0
configure:7277: result: ok
configure:7314: checking for sysroot
configure:7344: result: no
configure:7421: g++ -c -g -O2  conftest.cpp >&5
configure:7424: $? = 0
configure:7613: checking for mt
configure:7629: found /bin/mt
configure:7640: result: mt
configure:7663: checking if mt is a manifest tool
configure:7669: mt '-?'
configure:7677: result: no
configure:8319: checking how to run the C preprocessor
configure:8350: gcc -E  conftest.c
configure:8350: $? = 0
configure:8364: gcc -E  conftest.c
conftest.c:11:10: fatal error: ac_nonexistent.h: No such file or directory
 #include <ac_nonexistent.h>
          ^~~~~~~~~~~~~~~~~~
compilation terminated.
configure:8364: $? = 1
configure: failed program was:
| /* confdefs.h */
| #define PACKAGE_NAME "FileDialog"
| #define PACKAGE_TARNAME "FileDialog"
| #define PACKAGE_VERSION "1.0"
| #define PACKAGE_STRING "FileDialog 1.0"
| #define PACKAGE_BUGREPORT "feedback@audacityteam.org"
| #define PACKAGE_URL ""
| #define PACKAGE "FileDialog"
| #define VERSION "1.0"
| /* end confdefs.h.  */
| #include <ac_nonexistent.h>
configure:8389: result: gcc -E
configure:8409: gcc -E  conftest.c
configure:8409: $? = 0
configure:8423: gcc -E  conftest.c
conftest.c:11:10: fatal error: ac_nonexistent.h: No such file or directory
 #include <ac_nonexistent.h>
          ^~~~~~~~~~~~~~~~~~
compilation terminated.
configure:8423: $? = 1
configure: failed program was:
| /* confdefs.h */
| #define PACKAGE_NAME "FileDialog"
| #define PACKAGE_TARNAME "FileDialog"
| #define PACKAGE_VERSION "1.0"
| #define PACKAGE_STRING "FileDialog 1.0"
| #define PACKAGE_BUGREPORT "feedback@audacityteam.org"
| #define PACKAGE_URL ""
| #define PACKAGE "FileDialog"
| #define VERSION "1.0"
| /* end confdefs.h.  */
| #include <ac_nonexistent.h>
configure:8452: checking for ANSI C header files
configure:8472: gcc -c -g -O2  conftest.c >&5
configure:8472: $? = 0
configure:8545: gcc -o conftest -g -O2   conftest.c  >&5
configure:8545: $? = 0
configure:8545: ./conftest
configure:8545: $? = 0
configure:8556: result: yes
configure:8569: checking for sys/types.h
configure:8569: gcc -c -g -O2  conftest.c >&5
configure:8569: $? = 0
configure:8569: result: yes
configure:8569: checking for sys/stat.h
configure:8569: gcc -c -g -O2  conftest.c >&5
configure:8569: $? = 0
configure:8569: result: yes
configure:8569: checking for stdlib.h
configure:8569: gcc -c -g -O2  conftest.c >&5
configure:8569: $? = 0
configure:8569: result: yes
configure:8569: checking for string.h
configure:8569: gcc -c -g -O2  conftest.c >&5
configure:8569: $? = 0
configure:8569: result: yes
configure:8569: checking for memory.h
configure:8569: gcc -c -g -O2  conftest.c >&5
configure:8569: $? = 0
configure:8569: result: yes
configure:8569: checking for strings.h
configure:8569: gcc -c -g -O2  conftest.c >&5
configure:8569: $? = 0
configure:8569: result: yes
configure:8569: checking for inttypes.h
configure:8569: gcc -c -g -O2  conftest.c >&5
configure:8569: $? = 0
configure:8569: result: yes
configure:8569: checking for stdint.h
configure:8569: gcc -c -g -O2  conftest.c >&5
configure:8569: $? = 0
configure:8569: result: yes
configure:8569: checking for unistd.h
configure:8569: gcc -c -g -O2  conftest.c >&5
configure:8569: $? = 0
configure:8569: result: yes
configure:8583: checking for dlfcn.h
configure:8583: gcc -c -g -O2  conftest.c >&5
configure:8583: $? = 0
configure:8583: result: yes
configure:8799: checking for objdir
configure:8814: result: .libs
configure:9085: checking if gcc supports -fno-rtti -fno-exceptions
configure:9103: gcc -c -g -O2  -fno-rtti -fno-exceptions conftest.c >&5
cc1: warning: command line option '-fno-rtti' is valid for C++/ObjC++ but not for C
configure:9107: $? = 0
configure:9120: result: no
configure:9447: checking for gcc option to produce PIC
configure:9454: result: -fPIC -DPIC
configure:9462: checking if gcc PIC flag -fPIC -DPIC works
configure:9480: gcc -c -g -O2  -fPIC -DPIC -DPIC conftest.c >&5
configure:9484: $? = 0
configure:9497: result: yes
configure:9526: checking if gcc static flag -static works
configure:9554: result: yes
configure:9569: checking if gcc supports -c -o file.o
configure:9590: gcc -c -g -O2  -o out/conftest2.o conftest.c >&5
configure:9594: $? = 0
configure:9616: result: yes
configure:9624: checking if gcc supports -c -o file.o
configure:9671: result: yes
configure:9704: checking whether the gcc linker (/usr/bin/ld -m elf_x86_64) supports shared libraries
configure:10861: result: yes
configure:11101: checking dynamic linker characteristics
configure:11601: gcc -o conftest -g -O2   -Wl,-rpath -Wl,/foo conftest.c  >&5
configure:11601: $? = 0
configure:11835: result: GNU/Linux ld.so
configure:11942: checking how to hardcode library paths into programs
configure:11967: result: immediate
configure:12507: checking whether stripping libraries is possible
configure:12512: result: yes
configure:12547: checking if libtool supports shared libraries
configure:12549: result: yes
configure:12552: checking whether to build shared libraries
configure:12573: result: no
configure:12576: checking whether to build static libraries
configure:12580: result: yes
configure:12603: checking how to run the C++ preprocessor
configure:12630: g++ -E  conftest.cpp
configure:12630: $? = 0
configure:12644: g++ -E  conftest.cpp
conftest.cpp:23:10: fatal error: ac_nonexistent.h: No such file or directory
 #include <ac_nonexistent.h>
          ^~~~~~~~~~~~~~~~~~
compilation terminated.
configure:12644: $? = 1
configure: failed program was:
| /* confdefs.h */
| #define PACKAGE_NAME "FileDialog"
| #define PACKAGE_TARNAME "FileDialog"
| #define PACKAGE_VERSION "1.0"
| #define PACKAGE_STRING "FileDialog 1.0"
| #define PACKAGE_BUGREPORT "feedback@audacityteam.org"
| #define PACKAGE_URL ""
| #define PACKAGE "FileDialog"
| #define VERSION "1.0"
| #define STDC_HEADERS 1
| #define HAVE_SYS_TYPES_H 1
| #define HAVE_SYS_STAT_H 1
| #define HAVE_STDLIB_H 1
| #define HAVE_STRING_H 1
| #define HAVE_MEMORY_H 1
| #define HAVE_STRINGS_H 1
| #define HAVE_INTTYPES_H 1
| #define HAVE_STDINT_H 1
| #define HAVE_UNISTD_H 1
| #define HAVE_DLFCN_H 1
| #define LT_OBJDIR ".libs/"
| /* end confdefs.h.  */
| #include <ac_nonexistent.h>
configure:12669: result: g++ -E
configure:12689: g++ -E  conftest.cpp
configure:12689: $? = 0
configure:12703: g++ -E  conftest.cpp
conftest.cpp:23:10: fatal error: ac_nonexistent.h: No such file or directory
 #include <ac_nonexistent.h>
          ^~~~~~~~~~~~~~~~~~
compilation terminated.
configure:12703: $? = 1
configure: failed program was:
| /* confdefs.h */
| #define PACKAGE_NAME "FileDialog"
| #define PACKAGE_TARNAME "FileDialog"
| #define PACKAGE_VERSION "1.0"
| #define PACKAGE_STRING "FileDialog 1.0"
| #define PACKAGE_BUGREPORT "feedback@audacityteam.org"
| #define PACKAGE_URL ""
| #define PACKAGE "FileDialog"
| #define VERSION "1.0"
| #define STDC_HEADERS 1
| #define HAVE_SYS_TYPES_H 1
| #define HAVE_SYS_STAT_H 1
| #define HAVE_STDLIB_H 1
| #define HAVE_STRING_H 1
| #define HAVE_MEMORY_H 1
| #define HAVE_STRINGS_H 1
| #define HAVE_INTTYPES_H 1
| #define HAVE_STDINT_H 1
| #define HAVE_UNISTD_H 1
| #define HAVE_DLFCN_H 1
| #define LT_OBJDIR ".libs/"
| /* end confdefs.h.  */
| #include <ac_nonexistent.h>
configure:12872: checking for ld used by g++
configure:12939: result: /usr/bin/ld -m elf_x86_64
configure:12946: checking if the linker (/usr/bin/ld -m elf_x86_64) is GNU ld
configure:12961: result: yes
configure:13016: checking whether the g++ linker (/usr/bin/ld -m elf_x86_64) supports shared libraries
configure:14018: result: yes
configure:14054: g++ -c -g -O2  conftest.cpp >&5
configure:14057: $? = 0
configure:14577: checking for g++ option to produce PIC
configure:14584: result: -fPIC -DPIC
configure:14592: checking if g++ PIC flag -fPIC -DPIC works
configure:14610: g++ -c -g -O2  -fPIC -DPIC -DPIC conftest.cpp >&5
configure:14614: $? = 0
configure:14627: result: yes
configure:14650: checking if g++ static flag -static works
configure:14678: result: yes
configure:14690: checking if g++ supports -c -o file.o
configure:14711: g++ -c -g -O2  -o out/conftest2.o conftest.cpp >&5
configure:14715: $? = 0
configure:14737: result: yes
configure:14742: checking if g++ supports -c -o file.o
configure:14789: result: yes
configure:14819: checking whether the g++ linker (/usr/bin/ld -m elf_x86_64) supports shared libraries
configure:14858: result: yes
configure:14999: checking dynamic linker characteristics
configure:15667: result: GNU/Linux ld.so
configure:15720: checking how to hardcode library paths into programs
configure:15745: result: immediate
configure:15811: checking for ANSI C header files
configure:15915: result: yes
configure:15957: checking for wx-config
configure:15976: found /usr/bin/wx-config
configure:15988: result: /usr/bin/wx-config
configure:16027: checking for gtk3 use in wxWidgets
configure:16053: result: no
configure:16113: checking for pkg-config
configure:16131: found /usr/bin/pkg-config
configure:16143: result: /usr/bin/pkg-config
configure:16168: checking pkg-config is at least version 0.9.0
configure:16171: result: yes
configure:16181: checking for GTK
configure:16188: $PKG_CONFIG --exists --print-errors "$gtk_version"
configure:16191: $? = 0
configure:16205: $PKG_CONFIG --exists --print-errors "$gtk_version"
configure:16208: $? = 0
configure:16246: result: yes
configure:16455: checking that generated files are newer than configure
configure:16461: result: done
configure:16508: creating ./config.status

## ---------------------- ##
## Running config.status. ##
## ---------------------- ##

This file was extended by FileDialog config.status 1.0, which was
generated by GNU Autoconf 2.69.  Invocation command line was

  CONFIG_FILES    = 
  CONFIG_HEADERS  = 
  CONFIG_LINKS    = 
  CONFIG_COMMANDS = 
  $ ./config.status 

on 2jh2xg2j

config.status:1100: creating Makefile
config.status:1257: executing depfiles commands
config.status:1257: executing libtool commands

## ---------------- ##
## Cache variables. ##
## ---------------- ##

ac_cv_build=x86_64-unknown-linux-gnu
ac_cv_c_compiler_gnu=yes
ac_cv_cxx_compiler_gnu=yes
ac_cv_env_CCC_set=
ac_cv_env_CCC_value=
ac_cv_env_CC_set=
ac_cv_env_CC_value=
ac_cv_env_CFLAGS_set=
ac_cv_env_CFLAGS_value=
ac_cv_env_CPPFLAGS_set=
ac_cv_env_CPPFLAGS_value=
ac_cv_env_CPP_set=
ac_cv_env_CPP_value=
ac_cv_env_CXXCPP_set=
ac_cv_env_CXXCPP_value=
ac_cv_env_CXXFLAGS_set=
ac_cv_env_CXXFLAGS_value=
ac_cv_env_CXX_set=
ac_cv_env_CXX_value=
ac_cv_env_GTK_CFLAGS_set=
ac_cv_env_GTK_CFLAGS_value=
ac_cv_env_GTK_LIBS_set=
ac_cv_env_GTK_LIBS_value=
ac_cv_env_LDFLAGS_set=
ac_cv_env_LDFLAGS_value=
ac_cv_env_LIBS_set=
ac_cv_env_LIBS_value=
ac_cv_env_OBJCXXFLAGS_set=
ac_cv_env_OBJCXXFLAGS_value=
ac_cv_env_OBJCXX_set=
ac_cv_env_OBJCXX_value=
ac_cv_env_PKG_CONFIG_LIBDIR_set=
ac_cv_env_PKG_CONFIG_LIBDIR_value=
ac_cv_env_PKG_CONFIG_PATH_set=
ac_cv_env_PKG_CONFIG_PATH_value=
ac_cv_env_PKG_CONFIG_set=
ac_cv_env_PKG_CONFIG_value=
ac_cv_env_build_alias_set=
ac_cv_env_build_alias_value=
ac_cv_env_host_alias_set=
ac_cv_env_host_alias_value=
ac_cv_env_target_alias_set=
ac_cv_env_target_alias_value=
ac_cv_header_dlfcn_h=yes
ac_cv_header_inttypes_h=yes
ac_cv_header_memory_h=yes
ac_cv_header_stdc=yes
ac_cv_header_stdint_h=yes
ac_cv_header_stdlib_h=yes
ac_cv_header_string_h=yes
ac_cv_header_strings_h=yes
ac_cv_header_sys_stat_h=yes
ac_cv_header_sys_types_h=yes
ac_cv_header_unistd_h=yes
ac_cv_host=x86_64-unknown-linux-gnu
ac_cv_objcxx_compiler_gnu=no
ac_cv_objext=o
ac_cv_path_EGREP='/bin/grep -E'
ac_cv_path_FGREP='/bin/grep -F'
ac_cv_path_GREP=/bin/grep
ac_cv_path_SED=/bin/sed
ac_cv_path_WX_CONFIG=/usr/bin/wx-config
ac_cv_path_ac_pt_PKG_CONFIG=/usr/bin/pkg-config
ac_cv_path_install='/usr/bin/install -c'
ac_cv_path_mkdir=/bin/mkdir
ac_cv_prog_AWK=gawk
ac_cv_prog_CPP='gcc -E'
ac_cv_prog_CXXCPP='g++ -E'
ac_cv_prog_ac_ct_AR=ar
ac_cv_prog_ac_ct_CC=gcc
ac_cv_prog_ac_ct_CXX=g++
ac_cv_prog_ac_ct_MANIFEST_TOOL=mt
ac_cv_prog_ac_ct_OBJCXX=g++
ac_cv_prog_ac_ct_OBJDUMP=objdump
ac_cv_prog_ac_ct_RANLIB=ranlib
ac_cv_prog_ac_ct_STRIP=strip
ac_cv_prog_cc_c89=
ac_cv_prog_cc_g=yes
ac_cv_prog_cxx_g=yes
ac_cv_prog_make_make_set=yes
ac_cv_prog_objcxx_g=no
am_cv_CC_dependencies_compiler_type=gcc3
am_cv_CXX_dependencies_compiler_type=gcc3
am_cv_OBJCXX_dependencies_compiler_type=gcc3
am_cv_ar_interface=ar
am_cv_make_support_nested_variables=yes
am_cv_prog_cc_c_o=yes
lt_cv_ar_at_file=@
lt_cv_deplibs_check_method=pass_all
lt_cv_file_magic_cmd='$MAGIC_CMD'
lt_cv_file_magic_test_file=
lt_cv_ld_reload_flag=-r
lt_cv_nm_interface='BSD nm'
lt_cv_objdir=.libs
lt_cv_path_LD=/usr/bin/ld
lt_cv_path_LDCXX='/usr/bin/ld -m elf_x86_64'
lt_cv_path_NM='/usr/bin/nm -B'
lt_cv_path_mainfest_tool=no
lt_cv_prog_compiler_c_o=yes
lt_cv_prog_compiler_c_o_CXX=yes
lt_cv_prog_compiler_pic='-fPIC -DPIC'
lt_cv_prog_compiler_pic_CXX='-fPIC -DPIC'
lt_cv_prog_compiler_pic_works=yes
lt_cv_prog_compiler_pic_works_CXX=yes
lt_cv_prog_compiler_rtti_exceptions=no
lt_cv_prog_compiler_static_works=yes
lt_cv_prog_compiler_static_works_CXX=yes
lt_cv_prog_gnu_ld=yes
lt_cv_prog_gnu_ldcxx=yes
lt_cv_sharedlib_from_linklib_cmd='printf %s\n'
lt_cv_shlibpath_overrides_runpath=yes
lt_cv_sys_global_symbol_pipe='sed -n -e '\''s/^.*[	 ]\([ABCDGIRSTW][ABCDGIRSTW]*\)[	 ][	 ]*\([_A-Za-z][_A-Za-z0-9]*\)$/\1 \2 \2/p'\'' | sed '\''/ __gnu_lto/d'\'''
lt_cv_sys_global_symbol_to_c_name_address='sed -n -e '\''s/^: \([^ ]*\)[ ]*$/  {\"\1\", (void *) 0},/p'\'' -e '\''s/^[ABCDGIRSTW]* \([^ ]*\) \([^ ]*\)$/  {"\2", (void *) \&\2},/p'\'''
lt_cv_sys_global_symbol_to_c_name_address_lib_prefix='sed -n -e '\''s/^: \([^ ]*\)[ ]*$/  {\"\1\", (void *) 0},/p'\'' -e '\''s/^[ABCDGIRSTW]* \([^ ]*\) \(lib[^ ]*\)$/  {"\2", (void *) \&\2},/p'\'' -e '\''s/^[ABCDGIRSTW]* \([^ ]*\) \([^ ]*\)$/  {"lib\2", (void *) \&\2},/p'\'''
lt_cv_sys_global_symbol_to_cdecl='sed -n -e '\''s/^T .* \(.*\)$/extern int \1();/p'\'' -e '\''s/^[ABCDGIRSTW]* .* \(.*\)$/extern char \1;/p'\'''
lt_cv_sys_max_cmd_len=1572864
lt_cv_to_host_file_cmd=func_convert_file_noop
lt_cv_to_tool_file_cmd=func_convert_file_noop
pkg_cv_GTK_CFLAGS='-pthread -I/usr/include/gtk-2.0 -I/usr/lib/x86_64-linux-gnu/gtk-2.0/include -I/usr/include/gio-unix-2.0/ -I/usr/include/cairo -I/usr/include/pango-1.0 -I/usr/include/atk-1.0 -I/usr/include/cairo -I/usr/include/pixman-1 -I/usr/include/gdk-pixbuf-2.0 -I/usr/include/libpng16 -I/usr/include/pango-1.0 -I/usr/include/harfbuzz -I/usr/include/pango-1.0 -I/usr/include/glib-2.0 -I/usr/lib/x86_64-linux-gnu/glib-2.0/include -I/usr/include/freetype2 -I/usr/include/libpng16 -I/usr/include/freetype2 -I/usr/include/libpng16'
pkg_cv_GTK_LIBS='-lgtk-x11-2.0 -lgdk-x11-2.0 -lpangocairo-1.0 -latk-1.0 -lcairo -lgdk_pixbuf-2.0 -lgio-2.0 -lpangoft2-1.0 -lpango-1.0 -lgobject-2.0 -lglib-2.0 -lfontconfig -lfreetype'

## ----------------- ##
## Output variables. ##
## ----------------- ##

ACLOCAL='${SHELL} /home/user/projects/audacity-speech-tagger/audacity-minsrc-2.3.3/lib-src/FileDialog/autotools/missing aclocal-1.14'
AMDEPBACKSLASH='\'
AMDEP_FALSE='#'
AMDEP_TRUE=''
AMTAR='$${TAR-tar}'
AM_BACKSLASH='\'
AM_DEFAULT_V='$(AM_DEFAULT_VERBOSITY)'
AM_DEFAULT_VERBOSITY='1'
AM_V='$(V)'
AR='ar'
AUTOCONF='${SHELL} /home/user/projects/audacity-speech-tagger/audacity-minsrc-2.3.3/lib-src/FileDialog/autotools/missing autoconf'
AUTOHEADER='${SHELL} /home/user/projects/audacity-speech-tagger/audacity-minsrc-2.3.3/lib-src/FileDialog/autotools/missing autoheader'
AUTOMAKE='${SHELL} /home/user/projects/audacity-speech-tagger/audacity-minsrc-2.3.3/lib-src/FileDialog/autotools/missing automake-1.14'
AWK='gawk'
CC='gcc'
CCDEPMODE='depmode=gcc3'
CFLAGS='-g -O2 -DwxDEBUG_LEVEL=0'
CPP='gcc -E'
CPPFLAGS='-I/usr/lib/x86_64-linux-gnu/wx/include/gtk2-unicode-3.0 -I/usr/include/wx-3.0 -D_FILE_OFFSET_BITS=64 -DWXUSINGDLL -D__WXGTK__ -pthread --std=gnu++11 -pthread -I/usr/include/gtk-2.0 -I/usr/lib/x86_64-linux-gnu/gtk-2.0/include -I/usr/include/gio-unix-2.0/ -I/usr/include/cairo -I/usr/include/pango-1.0 -I/usr/include/atk-1.0 -I/usr/include/cairo -I/usr/include/pixman-1 -I/usr/include/gdk-pixbuf-2.0 -I/usr/include/libpng16 -I/usr/include/pango-1.0 -I/usr/include/harfbuzz -I/usr/include/pango-1.0 -I/usr/include/glib-2.0 -I/usr/lib/x86_64-linux-gnu/glib-2.0/include -I/usr/include/freetype2 -I/usr/include/libpng16 -I/usr/include/freetype2 -I/usr/include/libpng16'
CXX='g++'
CXXCPP='g++ -E'
CXXDEPMODE='depmode=gcc3'
CXXFLAGS='-g -O2 -DwxDEBUG_LEVEL=0'
CYGPATH_W='echo'
DEFS='-DPACKAGE_NAME=\"FileDialog\" -DPACKAGE_TARNAME=\"FileDialog\" -DPACKAGE_VERSION=\"1.0\" -DPACKAGE_STRING=\"FileDialog\ 1.0\" -DPACKAGE_BUGREPORT=\"feedback@audacityteam.org\" -DPACKAGE_URL=\"\" -DPACKAGE=\"FileDialog\" -DVERSION=\"1.0\" -DSTDC_HEADERS=1 -DHAVE_SYS_TYPES_H=1 -DHAVE_SYS_STAT_H=1 -DHAVE_STDLIB_H=1 -DHAVE_STRING_H=1 -DHAVE_MEMORY_H=1 -DHAVE_STRINGS_H=1 -DHAVE_INTTYPES_H=1 -DHAVE_STDINT_H=1 -DHAVE_UNISTD_H=1 -DHAVE_DLFCN_H=1 -DLT_OBJDIR=\".libs/\" -DSTDC_HEADERS=1 -DHAVE_GTK=1'
DEPDIR='.deps'
DLLTOOL='false'
DSYMUTIL=''
DUMPBIN=''
ECHO_C=''
ECHO_N='-n'
ECHO_T=''
EGREP='/bin/grep -E'
EXEEXT=''
FGREP='/bin/grep -F'
GREP='/bin/grep'
GTK_CFLAGS='-pthread -I/usr/include/gtk-2.0 -I/usr/lib/x86_64-linux-gnu/gtk-2.0/include -I/usr/include/gio-unix-2.0/ -I/usr/include/cairo -I/usr/include/pango-1.0 -I/usr/include/atk-1.0 -I/usr/include/cairo -I/usr/include/pixman-1 -I/usr/include/gdk-pixbuf-2.0 -I/usr/include/libpng16 -I/usr/include/pango-1.0 -I/usr/include/harfbuzz -I/usr/include/pango-1.0 -I/usr/include/glib-2.0 -I/usr/lib/x86_64-linux-gnu/glib-2.0/include -I/usr/include/freetype2 -I/usr/include/libpng16 -I/usr/include/freetype2 -I/usr/include/libpng16'
GTK_FALSE='#'
GTK_LIBS='-lgtk-x11-2.0 -lgdk-x11-2.0 -lpangocairo-1.0 -latk-1.0 -lcairo -lgdk_pixbuf-2.0 -lgio-2.0 -lpangoft2-1.0 -lpango-1.0 -lgobject-2.0 -lglib-2.0 -lfontconfig -lfreetype'
GTK_TRUE=''
HAVE_GTK=''
INSTALL_DATA='${INSTALL} -m 644'
INSTALL_PROGRAM='${INSTALL}'
INSTALL_SCRIPT='${INSTALL}'
INSTALL_STRIP_PROGRAM='$(install_sh) -c -s'
LD='/usr/bin/ld -m elf_x86_64'
LDFLAGS=''
LIBOBJS=''
LIBS=' -lgtk-x11-2.0 -lgdk-x11-2.0 -lpangocairo-1.0 -latk-1.0 -lcairo -lgdk_pixbuf-2.0 -lgio-2.0 -lpangoft2-1.0 -lpango-1.0 -lgobject-2.0 -lglib-2.0 -lfontconfig -lfreetype'
LIBTOOL='$(SHELL) $(top_builddir)/libtool'
LIPO=''
LN_S='ln -s'
LTLIBOBJS=''
MAC_FALSE=''
MAC_TRUE='#'
MAINT='#'
MAINTAINER_MODE_FALSE=''
MAINTAINER_MODE_TRUE='#'
MAKEINFO='${SHELL} /home/user/projects/audacity-speech-tagger/audacity-minsrc-2.3.3/lib-src/FileDialog/autotools/missing makeinfo'
MANIFEST_TOOL=':'
MKDIR_P='/bin/mkdir -p'
NM='/usr/bin/nm -B'
NMEDIT=''
OBJCXX='g++'
OBJCXXDEPMODE='depmode=gcc3'
OBJCXXFLAGS=''
OBJDUMP='objdump'
OBJEXT='o'
OTOOL64=''
OTOOL=''
PACKAGE='FileDialog'
PACKAGE_BUGREPORT='feedback@audacityteam.org'
PACKAGE_NAME='FileDialog'
PACKAGE_STRING='FileDialog 1.0'
PACKAGE_TARNAME='FileDialog'
PACKAGE_URL=''
PACKAGE_VERSION='1.0'
PATH_SEPARATOR=':'
PKG_CONFIG='/usr/bin/pkg-config'
PKG_CONFIG_LIBDIR=''
PKG_CONFIG_PATH=''
RANLIB='ranlib'
SED='/bin/sed'
SET_MAKE=''
SHELL='/bin/bash'
STRIP='strip'
VERSION='1.0'
WINDOWS_FALSE=''
WINDOWS_TRUE='#'
WX_CONFIG='/usr/bin/wx-config'
WX_CXXFLAGS='-I/usr/lib/x86_64-linux-gnu/wx/include/gtk2-unicode-3.0 -I/usr/include/wx-3.0 -D_FILE_OFFSET_BITS=64 -DWXUSINGDLL -D__WXGTK__ -pthread --std=gnu++11'
WX_LIBS=''
ac_ct_AR='ar'
ac_ct_CC='gcc'
ac_ct_CXX='g++'
ac_ct_DUMPBIN=''
ac_ct_OBJCXX='g++'
am__EXEEXT_FALSE=''
am__EXEEXT_TRUE='#'
am__fastdepCC_FALSE='#'
am__fastdepCC_TRUE=''
am__fastdepCXX_FALSE='#'
am__fastdepCXX_TRUE=''
am__fastdepOBJCXX_FALSE='#'
am__fastdepOBJCXX_TRUE=''
am__include='include'
am__isrc=' -I$(srcdir)'
am__leading_dot='.'
am__nodep='_no'
am__quote=''
am__tar='$${TAR-tar} chof - "$$tardir"'
am__untar='$${TAR-tar} xf -'
bindir='${exec_prefix}/bin'
build='x86_64-unknown-linux-gnu'
build_alias=''
build_cpu='x86_64'
build_os='linux-gnu'
build_vendor='unknown'
datadir='${datarootdir}'
datarootdir='${prefix}/share'
docdir='${datarootdir}/doc/${PACKAGE_TARNAME}'
dvidir='${docdir}'
exec_prefix='${prefix}'
host='x86_64-unknown-linux-gnu'
host_alias=''
host_cpu='x86_64'
host_os='linux-gnu'
host_vendor='unknown'
htmldir='${docdir}'
includedir='${prefix}/include'
infodir='${datarootdir}/info'
install_sh='${SHELL} /home/user/projects/audacity-speech-tagger/audacity-minsrc-2.3.3/lib-src/FileDialog/autotools/install-sh'
libdir='${exec_prefix}/lib'
libexecdir='${exec_prefix}/libexec'
localedir='${datarootdir}/locale'
localstatedir='${prefix}/var'
mandir='${datarootdir}/man'
mkdir_p='$(MKDIR_P)'
oldincludedir='/usr/include'
pdfdir='${docdir}'
prefix='/usr/local'
program_transform_name='s,x,x,'
psdir='${docdir}'
runstatedir='${localstatedir}/run'
sbindir='${exec_prefix}/sbin'
sharedstatedir='${prefix}/com'
sysconfdir='${prefix}/etc'
target_alias=''

## ----------- ##
## confdefs.h. ##
## ----------- ##

/* confdefs.h */
#define PACKAGE_NAME "FileDialog"
#define PACKAGE_TARNAME "FileDialog"
#define PACKAGE_VERSION "1.0"
#define PACKAGE_STRING "FileDialog 1.0"
#define PACKAGE_BUGREPORT "feedback@audacityteam.org"
#define PACKAGE_URL ""
#define PACKAGE "FileDialog"
#define VERSION "1.0"
#define STDC_HEADERS 1
#define HAVE_SYS_TYPES_H 1
#define HAVE_SYS_STAT_H 1
#define HAVE_STDLIB_H 1
#define HAVE_STRING_H 1
#define HAVE_MEMORY_H 1
#define HAVE_STRINGS_H 1
#define HAVE_INTTYPES_H 1
#define HAVE_STDINT_H 1
#define HAVE_UNISTD_H 1
#define HAVE_DLFCN_H 1
#define LT_OBJDIR ".libs/"
#define STDC_HEADERS 1
#define HAVE_GTK 1

configure: exit 0
