This file contains any messages produced by compilers while
running configure, to aid debugging if configure makes a mistake.

It was created by twolame configure 0.3.13, which was
generated by GNU Autoconf 2.69.  Invocation command line was

  $ ../../../lib-src/twolame/configure --disable-option-checking --prefix=/usr/local/ --with-lib-preference=local system --with-ffmpeg=system --disable-dynamic-loading --with-mod-script-pipe --with-wx-config=/usr/bin/wx-config --enable-static=yes --enable-shared=no --disable-xmms-plugin --disable-doxygen-docs --disable-thorough-tests --disable-programs --disable-sqlite --disable-external-libs --disable-alsa --disable-programs --disable-programs PORTAUDIO_CFLAGS=-I/home/user/projects/audacity-speech-tagger/audacity-minsrc-2.3.3/build/../lib-src/portaudio-v19/include PORTAUDIO_LIBS=/home/user/projects/audacity-speech-tagger/audacity-minsrc-2.3.3/build/../lib-src/portaudio-v19/lib/libportaudio.la --cache-file=/dev/null --srcdir=../../../lib-src/twolame

## --------- ##
## Platform. ##
## --------- ##

hostname = 2jh2xg2j
uname -m = x86_64
uname -r = 4.15.0-96-generic
uname -s = Linux
uname -v = #97-Ubuntu SMP Wed Apr 1 03:25:46 UTC 2020

/usr/bin/uname -p = unknown
/bin/uname -X     = unknown

/bin/arch              = unknown
/usr/bin/arch -k       = unknown
/usr/convex/getsysinfo = unknown
/usr/bin/hostinfo      = unknown
/bin/machine           = unknown
/usr/bin/oslevel       = unknown
/bin/universe          = unknown

PATH: /home/user/anaconda3/envs/py36/bin
PATH: /home/user/.rbenv/plugins/ruby-build/bin
PATH: /home/user/.rbenv/shims
PATH: /home/user/.rbenv/bin
PATH: /home/user/gems/bin
PATH: /home/user/anaconda3/bin
PATH: /usr/local/bin
PATH: /home/user/bin
PATH: /home/user/.local/bin
PATH: /usr/local/sbin
PATH: /usr/local/bin
PATH: /usr/sbin
PATH: /usr/bin
PATH: /sbin
PATH: /bin
PATH: /usr/games
PATH: /usr/local/games
PATH: /snap/bin
PATH: /usr/lib/jvm/java-8-oracle/bin
PATH: /usr/lib/jvm/java-8-oracle/db/bin
PATH: /usr/lib/jvm/java-8-oracle/jre/bin
PATH: /usr/share/logtalk/tools/lgtdoc/xml
PATH: /usr/share/logtalk/scripts
PATH: /usr/share/logtalk/integration


## ----------- ##
## Core tests. ##
## ----------- ##

configure:2468: checking for a BSD-compatible install
configure:2536: result: /usr/bin/install -c
configure:2547: checking whether build environment is sane
configure:2602: result: yes
configure:2753: checking for a thread-safe mkdir -p
configure:2792: result: /bin/mkdir -p
configure:2799: checking for gawk
configure:2815: found /usr/bin/gawk
configure:2826: result: gawk
configure:2837: checking whether make sets $(MAKE)
configure:2859: result: yes
configure:2888: checking whether make supports nested variables
configure:2905: result: yes
configure:3061: checking build system type
configure:3075: result: x86_64-unknown-linux-gnu
configure:3095: checking host system type
configure:3108: result: x86_64-unknown-linux-gnu
configure:3149: checking how to print strings
configure:3176: result: printf
configure:3209: checking for style of include used by make
configure:3237: result: GNU
configure:3308: checking for gcc
configure:3324: found /usr/bin/gcc
configure:3335: result: gcc
configure:3564: checking for C compiler version
configure:3573: gcc --version >&5
gcc (Ubuntu 7.5.0-3ubuntu1~18.04) 7.5.0
Copyright (C) 2017 Free Software Foundation, Inc.
This is free software; see the source for copying conditions.  There is NO
warranty; not even for MERCHANTABILITY or FITNESS FOR A PARTICULAR PURPOSE.

configure:3584: $? = 0
configure:3573: gcc -v >&5
Using built-in specs.
COLLECT_GCC=gcc
COLLECT_LTO_WRAPPER=/usr/lib/gcc/x86_64-linux-gnu/7/lto-wrapper
OFFLOAD_TARGET_NAMES=nvptx-none
OFFLOAD_TARGET_DEFAULT=1
Target: x86_64-linux-gnu
Configured with: ../src/configure -v --with-pkgversion='Ubuntu 7.5.0-3ubuntu1~18.04' --with-bugurl=file:///usr/share/doc/gcc-7/README.Bugs --enable-languages=c,ada,c++,go,brig,d,fortran,objc,obj-c++ --prefix=/usr --with-gcc-major-version-only --program-suffix=-7 --program-prefix=x86_64-linux-gnu- --enable-shared --enable-linker-build-id --libexecdir=/usr/lib --without-included-gettext --enable-threads=posix --libdir=/usr/lib --enable-nls --enable-bootstrap --enable-clocale=gnu --enable-libstdcxx-debug --enable-libstdcxx-time=yes --with-default-libstdcxx-abi=new --enable-gnu-unique-object --disable-vtable-verify --enable-libmpx --enable-plugin --enable-default-pie --with-system-zlib --with-target-system-zlib --enable-objc-gc=auto --enable-multiarch --disable-werror --with-arch-32=i686 --with-abi=m64 --with-multilib-list=m32,m64,mx32 --enable-multilib --with-tune=generic --enable-offload-targets=nvptx-none --without-cuda-driver --enable-checking=release --build=x86_64-linux-gnu --host=x86_64-linux-gnu --target=x86_64-linux-gnu
Thread model: posix
gcc version 7.5.0 (Ubuntu 7.5.0-3ubuntu1~18.04) 
configure:3584: $? = 0
configure:3573: gcc -V >&5
gcc: error: unrecognized command line option '-V'
gcc: fatal error: no input files
compilation terminated.
configure:3584: $? = 1
configure:3573: gcc -qversion >&5
gcc: error: unrecognized command line option '-qversion'; did you mean '--version'?
gcc: fatal error: no input files
compilation terminated.
configure:3584: $? = 1
configure:3604: checking whether the C compiler works
configure:3626: gcc    conftest.c  >&5
configure:3630: $? = 0
configure:3678: result: yes
configure:3681: checking for C compiler default output file name
configure:3683: result: a.out
configure:3689: checking for suffix of executables
configure:3696: gcc -o conftest    conftest.c  >&5
configure:3700: $? = 0
configure:3722: result: 
configure:3744: checking whether we are cross compiling
configure:3752: gcc -o conftest    conftest.c  >&5
configure:3756: $? = 0
configure:3763: ./conftest
configure:3767: $? = 0
configure:3782: result: no
configure:3787: checking for suffix of object files
configure:3809: gcc -c   conftest.c >&5
configure:3813: $? = 0
configure:3834: result: o
configure:3838: checking whether we are using the GNU C compiler
configure:3857: gcc -c   conftest.c >&5
configure:3857: $? = 0
configure:3866: result: yes
configure:3875: checking whether gcc accepts -g
configure:3895: gcc -c -g  conftest.c >&5
configure:3895: $? = 0
configure:3936: result: yes
configure:3953: checking for gcc option to accept ISO C89
configure:4016: gcc  -c -g -O2  conftest.c >&5
configure:4016: $? = 0
configure:4029: result: none needed
configure:4054: checking whether gcc understands -c and -o together
configure:4076: gcc -c conftest.c -o conftest2.o
configure:4079: $? = 0
configure:4076: gcc -c conftest.c -o conftest2.o
configure:4079: $? = 0
configure:4091: result: yes
configure:4110: checking dependency style of gcc
configure:4221: result: gcc3
configure:4236: checking for a sed that does not truncate output
configure:4300: result: /bin/sed
configure:4318: checking for grep that handles long lines and -e
configure:4376: result: /bin/grep
configure:4381: checking for egrep
configure:4443: result: /bin/grep -E
configure:4448: checking for fgrep
configure:4510: result: /bin/grep -F
configure:4545: checking for ld used by gcc
configure:4612: result: /usr/bin/ld
configure:4619: checking if the linker (/usr/bin/ld) is GNU ld
configure:4634: result: yes
configure:4646: checking for BSD- or MS-compatible name lister (nm)
configure:4695: result: /usr/bin/nm -B
configure:4825: checking the name lister (/usr/bin/nm -B) interface
configure:4832: gcc -c -g -O2  conftest.c >&5
configure:4835: /usr/bin/nm -B "conftest.o"
configure:4838: output
0000000000000000 B some_variable
configure:4845: result: BSD nm
configure:4848: checking whether ln -s works
configure:4852: result: yes
configure:4860: checking the maximum length of command line arguments
configure:4991: result: 1572864
configure:5008: checking whether the shell understands some XSI constructs
configure:5018: result: yes
configure:5022: checking whether the shell understands "+="
configure:5028: result: yes
configure:5063: checking how to convert x86_64-unknown-linux-gnu file names to x86_64-unknown-linux-gnu format
configure:5103: result: func_convert_file_noop
configure:5110: checking how to convert x86_64-unknown-linux-gnu file names to toolchain format
configure:5130: result: func_convert_file_noop
configure:5137: checking for /usr/bin/ld option to reload object files
configure:5144: result: -r
configure:5218: checking for objdump
configure:5234: found /usr/bin/objdump
configure:5245: result: objdump
configure:5277: checking how to recognize dependent libraries
configure:5475: result: pass_all
configure:5560: checking for dlltool
configure:5590: result: no
configure:5620: checking how to associate runtime and link libraries
configure:5647: result: printf %s\n
configure:5708: checking for ar
configure:5724: found /usr/bin/ar
configure:5735: result: ar
configure:5772: checking for archiver @FILE support
configure:5789: gcc -c -g -O2  conftest.c >&5
configure:5789: $? = 0
configure:5792: ar cru libconftest.a @conftest.lst >&5
ar: `u' modifier ignored since `D' is the default (see `U')
configure:5795: $? = 0
configure:5800: ar cru libconftest.a @conftest.lst >&5
ar: `u' modifier ignored since `D' is the default (see `U')
ar: conftest.o: No such file or directory
configure:5803: $? = 1
configure:5815: result: @
configure:5873: checking for strip
configure:5889: found /usr/bin/strip
configure:5900: result: strip
configure:5972: checking for ranlib
configure:5988: found /usr/bin/ranlib
configure:5999: result: ranlib
configure:6101: checking command to parse /usr/bin/nm -B output from gcc object
configure:6221: gcc -c -g -O2  conftest.c >&5
configure:6224: $? = 0
configure:6228: /usr/bin/nm -B conftest.o \| sed -n -e 's/^.*[ ]\([ABCDGIRSTW][ABCDGIRSTW]*\)[ ][ ]*\([_A-Za-z][_A-Za-z0-9]*\)$/\1 \2 \2/p' | sed '/ __gnu_lto/d' \> conftest.nm
configure:6231: $? = 0
configure:6297: gcc -o conftest -g -O2   conftest.c conftstm.o >&5
configure:6300: $? = 0
configure:6338: result: ok
configure:6375: checking for sysroot
configure:6405: result: no
configure:6482: gcc -c -g -O2  conftest.c >&5
configure:6485: $? = 0
configure:6674: checking for mt
configure:6690: found /bin/mt
configure:6701: result: mt
configure:6724: checking if mt is a manifest tool
configure:6730: mt '-?'
configure:6738: result: no
configure:7380: checking how to run the C preprocessor
configure:7411: gcc -E  conftest.c
configure:7411: $? = 0
configure:7425: gcc -E  conftest.c
conftest.c:11:10: fatal error: ac_nonexistent.h: No such file or directory
 #include <ac_nonexistent.h>
          ^~~~~~~~~~~~~~~~~~
compilation terminated.
configure:7425: $? = 1
configure: failed program was:
| /* confdefs.h */
| #define PACKAGE_NAME "twolame"
| #define PACKAGE_TARNAME "twolame"
| #define PACKAGE_VERSION "0.3.13"
| #define PACKAGE_STRING "twolame 0.3.13"
| #define PACKAGE_BUGREPORT "twolame-discuss@lists.sourceforge.net"
| #define PACKAGE_URL ""
| #define PACKAGE "twolame"
| #define VERSION "0.3.13"
| /* end confdefs.h.  */
| #include <ac_nonexistent.h>
configure:7450: result: gcc -E
configure:7470: gcc -E  conftest.c
configure:7470: $? = 0
configure:7484: gcc -E  conftest.c
conftest.c:11:10: fatal error: ac_nonexistent.h: No such file or directory
 #include <ac_nonexistent.h>
          ^~~~~~~~~~~~~~~~~~
compilation terminated.
configure:7484: $? = 1
configure: failed program was:
| /* confdefs.h */
| #define PACKAGE_NAME "twolame"
| #define PACKAGE_TARNAME "twolame"
| #define PACKAGE_VERSION "0.3.13"
| #define PACKAGE_STRING "twolame 0.3.13"
| #define PACKAGE_BUGREPORT "twolame-discuss@lists.sourceforge.net"
| #define PACKAGE_URL ""
| #define PACKAGE "twolame"
| #define VERSION "0.3.13"
| /* end confdefs.h.  */
| #include <ac_nonexistent.h>
configure:7513: checking for ANSI C header files
configure:7533: gcc -c -g -O2  conftest.c >&5
configure:7533: $? = 0
configure:7606: gcc -o conftest -g -O2   conftest.c  >&5
configure:7606: $? = 0
configure:7606: ./conftest
configure:7606: $? = 0
configure:7617: result: yes
configure:7630: checking for sys/types.h
configure:7630: gcc -c -g -O2  conftest.c >&5
configure:7630: $? = 0
configure:7630: result: yes
configure:7630: checking for sys/stat.h
configure:7630: gcc -c -g -O2  conftest.c >&5
configure:7630: $? = 0
configure:7630: result: yes
configure:7630: checking for stdlib.h
configure:7630: gcc -c -g -O2  conftest.c >&5
configure:7630: $? = 0
configure:7630: result: yes
configure:7630: checking for string.h
configure:7630: gcc -c -g -O2  conftest.c >&5
configure:7630: $? = 0
configure:7630: result: yes
configure:7630: checking for memory.h
configure:7630: gcc -c -g -O2  conftest.c >&5
configure:7630: $? = 0
configure:7630: result: yes
configure:7630: checking for strings.h
configure:7630: gcc -c -g -O2  conftest.c >&5
configure:7630: $? = 0
configure:7630: result: yes
configure:7630: checking for inttypes.h
configure:7630: gcc -c -g -O2  conftest.c >&5
configure:7630: $? = 0
configure:7630: result: yes
configure:7630: checking for stdint.h
configure:7630: gcc -c -g -O2  conftest.c >&5
configure:7630: $? = 0
configure:7630: result: yes
configure:7630: checking for unistd.h
configure:7630: gcc -c -g -O2  conftest.c >&5
configure:7630: $? = 0
configure:7630: result: yes
configure:7644: checking for dlfcn.h
configure:7644: gcc -c -g -O2  conftest.c >&5
configure:7644: $? = 0
configure:7644: result: yes
configure:7850: checking for objdir
configure:7865: result: .libs
configure:8136: checking if gcc supports -fno-rtti -fno-exceptions
configure:8154: gcc -c -g -O2  -fno-rtti -fno-exceptions conftest.c >&5
cc1: warning: command line option '-fno-rtti' is valid for C++/ObjC++ but not for C
configure:8158: $? = 0
configure:8171: result: no
configure:8498: checking for gcc option to produce PIC
configure:8505: result: -fPIC -DPIC
configure:8513: checking if gcc PIC flag -fPIC -DPIC works
configure:8531: gcc -c -g -O2  -fPIC -DPIC -DPIC conftest.c >&5
configure:8535: $? = 0
configure:8548: result: yes
configure:8577: checking if gcc static flag -static works
configure:8605: result: yes
configure:8620: checking if gcc supports -c -o file.o
configure:8641: gcc -c -g -O2  -o out/conftest2.o conftest.c >&5
configure:8645: $? = 0
configure:8667: result: yes
configure:8675: checking if gcc supports -c -o file.o
configure:8722: result: yes
configure:8755: checking whether the gcc linker (/usr/bin/ld -m elf_x86_64) supports shared libraries
configure:9912: result: yes
configure:10152: checking dynamic linker characteristics
configure:10652: gcc -o conftest -g -O2   -Wl,-rpath -Wl,/foo conftest.c  >&5
configure:10652: $? = 0
configure:10886: result: GNU/Linux ld.so
configure:10993: checking how to hardcode library paths into programs
configure:11018: result: immediate
configure:11558: checking whether stripping libraries is possible
configure:11563: result: yes
configure:11598: checking if libtool supports shared libraries
configure:11600: result: yes
configure:11603: checking whether to build shared libraries
configure:11624: result: no
configure:11627: checking whether to build static libraries
configure:11631: result: yes
configure:11670: checking whether to enable maintainer-specific portions of Makefiles
configure:11679: result: no
configure:11750: checking for gcc
configure:11777: result: gcc
configure:12006: checking for C compiler version
configure:12015: gcc --version >&5
gcc (Ubuntu 7.5.0-3ubuntu1~18.04) 7.5.0
Copyright (C) 2017 Free Software Foundation, Inc.
This is free software; see the source for copying conditions.  There is NO
warranty; not even for MERCHANTABILITY or FITNESS FOR A PARTICULAR PURPOSE.

configure:12026: $? = 0
configure:12015: gcc -v >&5
Using built-in specs.
COLLECT_GCC=gcc
COLLECT_LTO_WRAPPER=/usr/lib/gcc/x86_64-linux-gnu/7/lto-wrapper
OFFLOAD_TARGET_NAMES=nvptx-none
OFFLOAD_TARGET_DEFAULT=1
Target: x86_64-linux-gnu
Configured with: ../src/configure -v --with-pkgversion='Ubuntu 7.5.0-3ubuntu1~18.04' --with-bugurl=file:///usr/share/doc/gcc-7/README.Bugs --enable-languages=c,ada,c++,go,brig,d,fortran,objc,obj-c++ --prefix=/usr --with-gcc-major-version-only --program-suffix=-7 --program-prefix=x86_64-linux-gnu- --enable-shared --enable-linker-build-id --libexecdir=/usr/lib --without-included-gettext --enable-threads=posix --libdir=/usr/lib --enable-nls --enable-bootstrap --enable-clocale=gnu --enable-libstdcxx-debug --enable-libstdcxx-time=yes --with-default-libstdcxx-abi=new --enable-gnu-unique-object --disable-vtable-verify --enable-libmpx --enable-plugin --enable-default-pie --with-system-zlib --with-target-system-zlib --enable-objc-gc=auto --enable-multiarch --disable-werror --with-arch-32=i686 --with-abi=m64 --with-multilib-list=m32,m64,mx32 --enable-multilib --with-tune=generic --enable-offload-targets=nvptx-none --without-cuda-driver --enable-checking=release --build=x86_64-linux-gnu --host=x86_64-linux-gnu --target=x86_64-linux-gnu
Thread model: posix
gcc version 7.5.0 (Ubuntu 7.5.0-3ubuntu1~18.04) 
configure:12026: $? = 0
configure:12015: gcc -V >&5
gcc: error: unrecognized command line option '-V'
gcc: fatal error: no input files
compilation terminated.
configure:12026: $? = 1
configure:12015: gcc -qversion >&5
gcc: error: unrecognized command line option '-qversion'; did you mean '--version'?
gcc: fatal error: no input files
compilation terminated.
configure:12026: $? = 1
configure:12030: checking whether we are using the GNU C compiler
configure:12058: result: yes
configure:12067: checking whether gcc accepts -g
configure:12128: result: yes
configure:12145: checking for gcc option to accept ISO C89
configure:12221: result: none needed
configure:12246: checking whether gcc understands -c and -o together
configure:12283: result: yes
configure:12302: checking dependency style of gcc
configure:12413: result: gcc3
configure:12428: checking for gcc option to accept ISO C99
configure:12577: gcc  -c -g -O2  conftest.c >&5
configure:12577: $? = 0
configure:12590: result: none needed
configure:12606: checking whether ln -s works
configure:12610: result: yes
configure:12619: checking whether byte ordering is bigendian
configure:12634: gcc -c -g -O2  conftest.c >&5
conftest.c:24:9: error: unknown type name 'not'
         not a universal capable compiler
         ^~~
conftest.c:24:15: error: expected '=', ',', ';', 'asm' or '__attribute__' before 'universal'
         not a universal capable compiler
               ^~~~~~~~~
conftest.c:24:15: error: unknown type name 'universal'
configure:12634: $? = 1
configure: failed program was:
| /* confdefs.h */
| #define PACKAGE_NAME "twolame"
| #define PACKAGE_TARNAME "twolame"
| #define PACKAGE_VERSION "0.3.13"
| #define PACKAGE_STRING "twolame 0.3.13"
| #define PACKAGE_BUGREPORT "twolame-discuss@lists.sourceforge.net"
| #define PACKAGE_URL ""
| #define PACKAGE "twolame"
| #define VERSION "0.3.13"
| #define STDC_HEADERS 1
| #define HAVE_SYS_TYPES_H 1
| #define HAVE_SYS_STAT_H 1
| #define HAVE_STDLIB_H 1
| #define HAVE_STRING_H 1
| #define HAVE_MEMORY_H 1
| #define HAVE_STRINGS_H 1
| #define HAVE_INTTYPES_H 1
| #define HAVE_STDINT_H 1
| #define HAVE_UNISTD_H 1
| #define HAVE_DLFCN_H 1
| #define LT_OBJDIR ".libs/"
| /* end confdefs.h.  */
| #ifndef __APPLE_CC__
| 	       not a universal capable compiler
| 	     #endif
| 	     typedef int dummy;
| 
configure:12679: gcc -c -g -O2  conftest.c >&5
configure:12679: $? = 0
configure:12697: gcc -c -g -O2  conftest.c >&5
conftest.c: In function 'main':
conftest.c:30:4: error: unknown type name 'not'; did you mean 'ino_t'?
    not big endian
    ^~~
    ino_t
conftest.c:30:12: error: expected '=', ',', ';', 'asm' or '__attribute__' before 'endian'
    not big endian
            ^~~~~~
configure:12697: $? = 1
configure: failed program was:
| /* confdefs.h */
| #define PACKAGE_NAME "twolame"
| #define PACKAGE_TARNAME "twolame"
| #define PACKAGE_VERSION "0.3.13"
| #define PACKAGE_STRING "twolame 0.3.13"
| #define PACKAGE_BUGREPORT "twolame-discuss@lists.sourceforge.net"
| #define PACKAGE_URL ""
| #define PACKAGE "twolame"
| #define VERSION "0.3.13"
| #define STDC_HEADERS 1
| #define HAVE_SYS_TYPES_H 1
| #define HAVE_SYS_STAT_H 1
| #define HAVE_STDLIB_H 1
| #define HAVE_STRING_H 1
| #define HAVE_MEMORY_H 1
| #define HAVE_STRINGS_H 1
| #define HAVE_INTTYPES_H 1
| #define HAVE_STDINT_H 1
| #define HAVE_UNISTD_H 1
| #define HAVE_DLFCN_H 1
| #define LT_OBJDIR ".libs/"
| /* end confdefs.h.  */
| #include <sys/types.h>
| 		#include <sys/param.h>
| 
| int
| main ()
| {
| #if BYTE_ORDER != BIG_ENDIAN
| 		 not big endian
| 		#endif
| 
|   ;
|   return 0;
| }
configure:12825: result: no
configure:12843: checking for inline
configure:12859: gcc -c -g -O2  conftest.c >&5
configure:12859: $? = 0
configure:12867: result: inline
configure:12885: checking for an ANSI C-conforming const
configure:12951: gcc -c -g -O2  conftest.c >&5
configure:12951: $? = 0
configure:12958: result: yes
configure:13097: checking size of short
configure:13102: gcc -o conftest -g -O2   conftest.c  >&5
configure:13102: $? = 0
configure:13102: ./conftest
configure:13102: $? = 0
configure:13116: result: 2
configure:13130: checking size of float
configure:13135: gcc -o conftest -g -O2   conftest.c  >&5
configure:13135: $? = 0
configure:13135: ./conftest
configure:13135: $? = 0
configure:13149: result: 4
configure:13171: checking for sqrt in -lm
configure:13196: gcc -o conftest -g -O2   conftest.c -lm   >&5
conftest.c:32:6: warning: conflicting types for built-in function 'sqrt' [-Wbuiltin-declaration-mismatch]
 char sqrt ();
      ^~~~
configure:13196: $? = 0
configure:13205: result: yes
configure:13216: checking for lrintf in -lm
configure:13241: gcc -o conftest -g -O2   conftest.c -lm  -lm  >&5
conftest.c:33:6: warning: conflicting types for built-in function 'lrintf' [-Wbuiltin-declaration-mismatch]
 char lrintf ();
      ^~~~~~
configure:13241: $? = 0
configure:13250: result: yes
configure:13261: checking for powf in -lmx
configure:13286: gcc -o conftest -g -O2   conftest.c -lmx  -lm -lm  >&5
conftest.c:34:6: warning: conflicting types for built-in function 'powf' [-Wbuiltin-declaration-mismatch]
 char powf ();
      ^~~~
/usr/bin/ld: cannot find -lmx
collect2: error: ld returned 1 exit status
configure:13286: $? = 1
configure: failed program was:
| /* confdefs.h */
| #define PACKAGE_NAME "twolame"
| #define PACKAGE_TARNAME "twolame"
| #define PACKAGE_VERSION "0.3.13"
| #define PACKAGE_STRING "twolame 0.3.13"
| #define PACKAGE_BUGREPORT "twolame-discuss@lists.sourceforge.net"
| #define PACKAGE_URL ""
| #define PACKAGE "twolame"
| #define VERSION "0.3.13"
| #define STDC_HEADERS 1
| #define HAVE_SYS_TYPES_H 1
| #define HAVE_SYS_STAT_H 1
| #define HAVE_STDLIB_H 1
| #define HAVE_STRING_H 1
| #define HAVE_MEMORY_H 1
| #define HAVE_STRINGS_H 1
| #define HAVE_INTTYPES_H 1
| #define HAVE_STDINT_H 1
| #define HAVE_UNISTD_H 1
| #define HAVE_DLFCN_H 1
| #define LT_OBJDIR ".libs/"
| #define SIZEOF_SHORT 2
| #define SIZEOF_FLOAT 4
| #define HAVE_LIBM 1
| #define HAVE_LIBM 1
| /* end confdefs.h.  */
| 
| /* Override any GCC internal prototype to avoid an error.
|    Use char because int might match the return type of a GCC
|    builtin and then its argument prototype would still apply.  */
| #ifdef __cplusplus
| extern "C"
| #endif
| char powf ();
| int
| main ()
| {
| return powf ();
|   ;
|   return 0;
| }
configure:13295: result: no
configure:13361: checking for pkg-config
configure:13379: found /usr/bin/pkg-config
configure:13391: result: /usr/bin/pkg-config
configure:13416: checking pkg-config is at least version 0.9.0
configure:13419: result: yes
configure:13429: checking for SNDFILE
configure:13436: $PKG_CONFIG --exists --print-errors "sndfile >= 1.0.0"
Package sndfile was not found in the pkg-config search path.
Perhaps you should add the directory containing `sndfile.pc'
to the PKG_CONFIG_PATH environment variable
No package 'sndfile' found
configure:13439: $? = 1
configure:13453: $PKG_CONFIG --exists --print-errors "sndfile >= 1.0.0"
Package sndfile was not found in the pkg-config search path.
Perhaps you should add the directory containing `sndfile.pc'
to the PKG_CONFIG_PATH environment variable
No package 'sndfile' found
configure:13456: $? = 1
configure:13470: result: no
No package 'sndfile' found
configure:13486: checking for sf_command in -lsndfile
configure:13511: gcc -o conftest -g -O2   conftest.c -lsndfile  -lm -lm  >&5
/usr/bin/ld: cannot find -lsndfile
collect2: error: ld returned 1 exit status
configure:13511: $? = 1
configure: failed program was:
| /* confdefs.h */
| #define PACKAGE_NAME "twolame"
| #define PACKAGE_TARNAME "twolame"
| #define PACKAGE_VERSION "0.3.13"
| #define PACKAGE_STRING "twolame 0.3.13"
| #define PACKAGE_BUGREPORT "twolame-discuss@lists.sourceforge.net"
| #define PACKAGE_URL ""
| #define PACKAGE "twolame"
| #define VERSION "0.3.13"
| #define STDC_HEADERS 1
| #define HAVE_SYS_TYPES_H 1
| #define HAVE_SYS_STAT_H 1
| #define HAVE_STDLIB_H 1
| #define HAVE_STRING_H 1
| #define HAVE_MEMORY_H 1
| #define HAVE_STRINGS_H 1
| #define HAVE_INTTYPES_H 1
| #define HAVE_STDINT_H 1
| #define HAVE_UNISTD_H 1
| #define HAVE_DLFCN_H 1
| #define LT_OBJDIR ".libs/"
| #define SIZEOF_SHORT 2
| #define SIZEOF_FLOAT 4
| #define HAVE_LIBM 1
| #define HAVE_LIBM 1
| /* end confdefs.h.  */
| 
| /* Override any GCC internal prototype to avoid an error.
|    Use char because int might match the return type of a GCC
|    builtin and then its argument prototype would still apply.  */
| #ifdef __cplusplus
| extern "C"
| #endif
| char sf_command ();
| int
| main ()
| {
| return sf_command ();
|   ;
|   return 0;
| }
configure:13520: result: no
configure:13535: WARNING: Can't find libsndfile library on your system
configure:13613: checking for ANSI C header files
configure:13717: result: yes
configure:13728: checking malloc.h usability
configure:13728: gcc -c -g -O2  conftest.c >&5
configure:13728: $? = 0
configure:13728: result: yes
configure:13728: checking malloc.h presence
configure:13728: gcc -E  conftest.c
configure:13728: $? = 0
configure:13728: result: yes
configure:13728: checking for malloc.h
configure:13728: result: yes
configure:13728: checking assert.h usability
configure:13728: gcc -c -g -O2  conftest.c >&5
configure:13728: $? = 0
configure:13728: result: yes
configure:13728: checking assert.h presence
configure:13728: gcc -E  conftest.c
configure:13728: $? = 0
configure:13728: result: yes
configure:13728: checking for assert.h
configure:13728: result: yes
configure:13728: checking for unistd.h
configure:13728: result: yes
configure:13728: checking for inttypes.h
configure:13728: result: yes
configure:13738: checking getopt.h usability
configure:13738: gcc -c -g -O2  conftest.c >&5
configure:13738: $? = 0
configure:13738: result: yes
configure:13738: checking getopt.h presence
configure:13738: gcc -E  conftest.c
configure:13738: $? = 0
configure:13738: result: yes
configure:13738: checking for getopt.h
configure:13738: result: yes
configure:13762: WARNING: Not building twolame frontend because libsndfile is missing.
configure:13895: checking that generated files are newer than configure
configure:13901: result: done
configure:13933: creating ./config.status

## ---------------------- ##
## Running config.status. ##
## ---------------------- ##

This file was extended by twolame config.status 0.3.13, which was
generated by GNU Autoconf 2.69.  Invocation command line was

  CONFIG_FILES    = 
  CONFIG_HEADERS  = 
  CONFIG_LINKS    = 
  CONFIG_COMMANDS = 
  $ ./config.status 

on 2jh2xg2j

config.status:1111: creating Makefile
config.status:1111: creating twolame.pc
config.status:1111: creating doc/Makefile
config.status:1111: creating doc/html/Makefile
config.status:1111: creating doc/html/Doxyfile
config.status:1111: creating libtwolame/Makefile
config.status:1111: creating frontend/Makefile
config.status:1111: creating simplefrontend/Makefile
config.status:1111: creating tests/Makefile
config.status:1111: creating libtwolame/config.h
config.status:1325: executing depfiles commands
config.status:1325: executing libtool commands

## ---------------- ##
## Cache variables. ##
## ---------------- ##

ac_cv_build=x86_64-unknown-linux-gnu
ac_cv_c_bigendian=no
ac_cv_c_compiler_gnu=yes
ac_cv_c_const=yes
ac_cv_c_inline=inline
ac_cv_env_CC_set=
ac_cv_env_CC_value=
ac_cv_env_CFLAGS_set=
ac_cv_env_CFLAGS_value=
ac_cv_env_CPPFLAGS_set=
ac_cv_env_CPPFLAGS_value=
ac_cv_env_CPP_set=
ac_cv_env_CPP_value=
ac_cv_env_LDFLAGS_set=
ac_cv_env_LDFLAGS_value=
ac_cv_env_LIBS_set=
ac_cv_env_LIBS_value=
ac_cv_env_PKG_CONFIG_LIBDIR_set=
ac_cv_env_PKG_CONFIG_LIBDIR_value=
ac_cv_env_PKG_CONFIG_PATH_set=
ac_cv_env_PKG_CONFIG_PATH_value=
ac_cv_env_PKG_CONFIG_set=
ac_cv_env_PKG_CONFIG_value=
ac_cv_env_SNDFILE_CFLAGS_set=
ac_cv_env_SNDFILE_CFLAGS_value=
ac_cv_env_SNDFILE_LIBS_set=
ac_cv_env_SNDFILE_LIBS_value=
ac_cv_env_build_alias_set=
ac_cv_env_build_alias_value=
ac_cv_env_host_alias_set=
ac_cv_env_host_alias_value=
ac_cv_env_target_alias_set=
ac_cv_env_target_alias_value=
ac_cv_header_assert_h=yes
ac_cv_header_dlfcn_h=yes
ac_cv_header_getopt_h=yes
ac_cv_header_inttypes_h=yes
ac_cv_header_malloc_h=yes
ac_cv_header_memory_h=yes
ac_cv_header_stdc=yes
ac_cv_header_stdint_h=yes
ac_cv_header_stdlib_h=yes
ac_cv_header_string_h=yes
ac_cv_header_strings_h=yes
ac_cv_header_sys_stat_h=yes
ac_cv_header_sys_types_h=yes
ac_cv_header_unistd_h=yes
ac_cv_host=x86_64-unknown-linux-gnu
ac_cv_lib_m_lrintf=yes
ac_cv_lib_m_sqrt=yes
ac_cv_lib_mx_powf=no
ac_cv_lib_sndfile_sf_command=no
ac_cv_objext=o
ac_cv_path_EGREP='/bin/grep -E'
ac_cv_path_FGREP='/bin/grep -F'
ac_cv_path_GREP=/bin/grep
ac_cv_path_SED=/bin/sed
ac_cv_path_ac_pt_PKG_CONFIG=/usr/bin/pkg-config
ac_cv_path_install='/usr/bin/install -c'
ac_cv_path_mkdir=/bin/mkdir
ac_cv_prog_AWK=gawk
ac_cv_prog_CPP='gcc -E'
ac_cv_prog_ac_ct_AR=ar
ac_cv_prog_ac_ct_CC=gcc
ac_cv_prog_ac_ct_MANIFEST_TOOL=mt
ac_cv_prog_ac_ct_OBJDUMP=objdump
ac_cv_prog_ac_ct_RANLIB=ranlib
ac_cv_prog_ac_ct_STRIP=strip
ac_cv_prog_cc_c89=
ac_cv_prog_cc_c99=
ac_cv_prog_cc_g=yes
ac_cv_prog_make_make_set=yes
ac_cv_sizeof_float=4
ac_cv_sizeof_short=2
am_cv_CC_dependencies_compiler_type=gcc3
am_cv_make_support_nested_variables=yes
am_cv_prog_cc_c_o=yes
lt_cv_ar_at_file=@
lt_cv_deplibs_check_method=pass_all
lt_cv_file_magic_cmd='$MAGIC_CMD'
lt_cv_file_magic_test_file=
lt_cv_ld_reload_flag=-r
lt_cv_nm_interface='BSD nm'
lt_cv_objdir=.libs
lt_cv_path_LD=/usr/bin/ld
lt_cv_path_NM='/usr/bin/nm -B'
lt_cv_path_mainfest_tool=no
lt_cv_prog_compiler_c_o=yes
lt_cv_prog_compiler_pic='-fPIC -DPIC'
lt_cv_prog_compiler_pic_works=yes
lt_cv_prog_compiler_rtti_exceptions=no
lt_cv_prog_compiler_static_works=yes
lt_cv_prog_gnu_ld=yes
lt_cv_sharedlib_from_linklib_cmd='printf %s\n'
lt_cv_shlibpath_overrides_runpath=yes
lt_cv_sys_global_symbol_pipe='sed -n -e '\''s/^.*[	 ]\([ABCDGIRSTW][ABCDGIRSTW]*\)[	 ][	 ]*\([_A-Za-z][_A-Za-z0-9]*\)$/\1 \2 \2/p'\'' | sed '\''/ __gnu_lto/d'\'''
lt_cv_sys_global_symbol_to_c_name_address='sed -n -e '\''s/^: \([^ ]*\)[ ]*$/  {\"\1\", (void *) 0},/p'\'' -e '\''s/^[ABCDGIRSTW]* \([^ ]*\) \([^ ]*\)$/  {"\2", (void *) \&\2},/p'\'''
lt_cv_sys_global_symbol_to_c_name_address_lib_prefix='sed -n -e '\''s/^: \([^ ]*\)[ ]*$/  {\"\1\", (void *) 0},/p'\'' -e '\''s/^[ABCDGIRSTW]* \([^ ]*\) \(lib[^ ]*\)$/  {"\2", (void *) \&\2},/p'\'' -e '\''s/^[ABCDGIRSTW]* \([^ ]*\) \([^ ]*\)$/  {"lib\2", (void *) \&\2},/p'\'''
lt_cv_sys_global_symbol_to_cdecl='sed -n -e '\''s/^T .* \(.*\)$/extern int \1();/p'\'' -e '\''s/^[ABCDGIRSTW]* .* \(.*\)$/extern char \1;/p'\'''
lt_cv_sys_max_cmd_len=1572864
lt_cv_to_host_file_cmd=func_convert_file_noop
lt_cv_to_tool_file_cmd=func_convert_file_noop

## ----------------- ##
## Output variables. ##
## ----------------- ##

ACLOCAL='${SHELL} /home/user/projects/audacity-speech-tagger/audacity-minsrc-2.3.3/lib-src/twolame/build-scripts/missing aclocal-1.14'
AMDEPBACKSLASH='\'
AMDEP_FALSE='#'
AMDEP_TRUE=''
AMTAR='$${TAR-tar}'
AM_BACKSLASH='\'
AM_DEFAULT_V='$(AM_DEFAULT_VERBOSITY)'
AM_DEFAULT_VERBOSITY='1'
AM_V='$(V)'
AR='ar'
AUTOCONF='${SHELL} /home/user/projects/audacity-speech-tagger/audacity-minsrc-2.3.3/lib-src/twolame/build-scripts/missing autoconf'
AUTOHEADER='${SHELL} /home/user/projects/audacity-speech-tagger/audacity-minsrc-2.3.3/lib-src/twolame/build-scripts/missing autoheader'
AUTOMAKE='${SHELL} /home/user/projects/audacity-speech-tagger/audacity-minsrc-2.3.3/lib-src/twolame/build-scripts/missing automake-1.14'
AWK='gawk'
CC='gcc'
CCDEPMODE='depmode=gcc3'
CFLAGS='-g -O2'
CPP='gcc -E'
CPPFLAGS=''
CYGPATH_W='echo'
DEFS='-DHAVE_CONFIG_H'
DEPDIR='.deps'
DLLTOOL='false'
DSYMUTIL=''
DUMPBIN=''
ECHO_C=''
ECHO_N='-n'
ECHO_T=''
EGREP='/bin/grep -E'
EXEEXT=''
FGREP='/bin/grep -F'
GREP='/bin/grep'
INSTALL_DATA='${INSTALL} -m 644'
INSTALL_PROGRAM='${INSTALL}'
INSTALL_SCRIPT='${INSTALL}'
INSTALL_STRIP_PROGRAM='$(install_sh) -c -s'
LD='/usr/bin/ld -m elf_x86_64'
LDFLAGS=''
LIBOBJS=''
LIBS='-lm -lm '
LIBTOOL='$(SHELL) $(top_builddir)/libtool'
LIPO=''
LN_S='ln -s'
LTLIBOBJS=''
MAINT='#'
MAINTAINER_MODE_FALSE=''
MAINTAINER_MODE_TRUE='#'
MAKEINFO='${SHELL} /home/user/projects/audacity-speech-tagger/audacity-minsrc-2.3.3/lib-src/twolame/build-scripts/missing makeinfo'
MANIFEST_TOOL=':'
MKDIR_P='/bin/mkdir -p'
NM='/usr/bin/nm -B'
NMEDIT=''
OBJDUMP='objdump'
OBJEXT='o'
OTOOL64=''
OTOOL=''
PACKAGE='twolame'
PACKAGE_BUGREPORT='twolame-discuss@lists.sourceforge.net'
PACKAGE_NAME='twolame'
PACKAGE_STRING='twolame 0.3.13'
PACKAGE_TARNAME='twolame'
PACKAGE_URL=''
PACKAGE_VERSION='0.3.13'
PATH_ASCIIDOC=''
PATH_DOXYGEN=''
PATH_SEPARATOR=':'
PATH_XMLTO=''
PKG_CONFIG='/usr/bin/pkg-config'
PKG_CONFIG_LIBDIR=''
PKG_CONFIG_PATH=''
RANLIB='ranlib'
SED='/bin/sed'
SET_MAKE=''
SHELL='/bin/bash'
SNDFILE_CFLAGS=''
SNDFILE_LIBS=''
STRIP='strip'
TWOLAME_BIN=''
TWOLAME_SO_VERSION='0:0:0'
VERSION='0.3.13'
WARNING_CFLAGS=''
ac_ct_AR='ar'
ac_ct_CC='gcc'
ac_ct_DUMPBIN=''
am__EXEEXT_FALSE=''
am__EXEEXT_TRUE='#'
am__fastdepCC_FALSE='#'
am__fastdepCC_TRUE=''
am__include='include'
am__isrc=' -I$(srcdir)'
am__leading_dot='.'
am__nodep='_no'
am__quote=''
am__tar='$${TAR-tar} chof - "$$tardir"'
am__untar='$${TAR-tar} xf -'
bindir='${exec_prefix}/bin'
build='x86_64-unknown-linux-gnu'
build_alias=''
build_cpu='x86_64'
build_os='linux-gnu'
build_vendor='unknown'
datadir='${datarootdir}'
datarootdir='${prefix}/share'
docdir='${datarootdir}/doc/${PACKAGE_TARNAME}'
dvidir='${docdir}'
exec_prefix='${prefix}'
host='x86_64-unknown-linux-gnu'
host_alias=''
host_cpu='x86_64'
host_os='linux-gnu'
host_vendor='unknown'
htmldir='${docdir}'
includedir='${prefix}/include'
infodir='${datarootdir}/info'
install_sh='${SHELL} /home/user/projects/audacity-speech-tagger/audacity-minsrc-2.3.3/lib-src/twolame/build-scripts/install-sh'
libdir='${exec_prefix}/lib'
libexecdir='${exec_prefix}/libexec'
localedir='${datarootdir}/locale'
localstatedir='${prefix}/var'
mandir='${datarootdir}/man'
mkdir_p='$(MKDIR_P)'
oldincludedir='/usr/include'
pdfdir='${docdir}'
prefix='/usr/local'
program_transform_name='s,x,x,'
psdir='${docdir}'
sbindir='${exec_prefix}/sbin'
sharedstatedir='${prefix}/com'
sysconfdir='${prefix}/etc'
target_alias=''

## ----------- ##
## confdefs.h. ##
## ----------- ##

/* confdefs.h */
#define PACKAGE_NAME "twolame"
#define PACKAGE_TARNAME "twolame"
#define PACKAGE_VERSION "0.3.13"
#define PACKAGE_STRING "twolame 0.3.13"
#define PACKAGE_BUGREPORT "twolame-discuss@lists.sourceforge.net"
#define PACKAGE_URL ""
#define PACKAGE "twolame"
#define VERSION "0.3.13"
#define STDC_HEADERS 1
#define HAVE_SYS_TYPES_H 1
#define HAVE_SYS_STAT_H 1
#define HAVE_STDLIB_H 1
#define HAVE_STRING_H 1
#define HAVE_MEMORY_H 1
#define HAVE_STRINGS_H 1
#define HAVE_INTTYPES_H 1
#define HAVE_STDINT_H 1
#define HAVE_UNISTD_H 1
#define HAVE_DLFCN_H 1
#define LT_OBJDIR ".libs/"
#define SIZEOF_SHORT 2
#define SIZEOF_FLOAT 4
#define HAVE_LIBM 1
#define HAVE_LIBM 1
#define STDC_HEADERS 1
#define HAVE_MALLOC_H 1
#define HAVE_ASSERT_H 1
#define HAVE_UNISTD_H 1
#define HAVE_INTTYPES_H 1

configure: exit 0
