The system is: Linux - 4.15.0-96-generic - x86_64
Compiling the C compiler identification source file "CMakeCCompilerId.c" succeeded.
Compiler: /usr/bin/cc 
Build flags: 
Id flags:  

The output was:
0


Compilation of the C compiler identification source "CMakeCCompilerId.c" produced "a.out"

The C compiler identification is GNU, found in "/home/user/projects/audacity-speech-tagger/audacity-minsrc-2.3.3/build/lib-src/libsoxr/CMakeFiles/3.10.2/CompilerIdC/a.out"

Determining if the C compiler works passed with the following output:
Change Dir: /home/user/projects/audacity-speech-tagger/audacity-minsrc-2.3.3/build/lib-src/libsoxr/CMakeFiles/CMakeTmp

Run Build Command:"/usr/bin/make" "cmTC_69d66/fast"
/usr/bin/make -f CMakeFiles/cmTC_69d66.dir/build.make CMakeFiles/cmTC_69d66.dir/build
make[1]: Entering directory '/home/user/projects/audacity-speech-tagger/audacity-minsrc-2.3.3/build/lib-src/libsoxr/CMakeFiles/CMakeTmp'
Building C object CMakeFiles/cmTC_69d66.dir/testCCompiler.c.o
/usr/bin/cc    -o CMakeFiles/cmTC_69d66.dir/testCCompiler.c.o   -c /home/user/projects/audacity-speech-tagger/audacity-minsrc-2.3.3/build/lib-src/libsoxr/CMakeFiles/CMakeTmp/testCCompiler.c
Linking C executable cmTC_69d66
/usr/bin/cmake -E cmake_link_script CMakeFiles/cmTC_69d66.dir/link.txt --verbose=1
/usr/bin/cc      -rdynamic CMakeFiles/cmTC_69d66.dir/testCCompiler.c.o  -o cmTC_69d66 
make[1]: Leaving directory '/home/user/projects/audacity-speech-tagger/audacity-minsrc-2.3.3/build/lib-src/libsoxr/CMakeFiles/CMakeTmp'


Detecting C compiler ABI info compiled with the following output:
Change Dir: /home/user/projects/audacity-speech-tagger/audacity-minsrc-2.3.3/build/lib-src/libsoxr/CMakeFiles/CMakeTmp

Run Build Command:"/usr/bin/make" "cmTC_65014/fast"
/usr/bin/make -f CMakeFiles/cmTC_65014.dir/build.make CMakeFiles/cmTC_65014.dir/build
make[1]: Entering directory '/home/user/projects/audacity-speech-tagger/audacity-minsrc-2.3.3/build/lib-src/libsoxr/CMakeFiles/CMakeTmp'
Building C object CMakeFiles/cmTC_65014.dir/CMakeCCompilerABI.c.o
/usr/bin/cc    -o CMakeFiles/cmTC_65014.dir/CMakeCCompilerABI.c.o   -c /usr/share/cmake-3.10/Modules/CMakeCCompilerABI.c
Linking C executable cmTC_65014
/usr/bin/cmake -E cmake_link_script CMakeFiles/cmTC_65014.dir/link.txt --verbose=1
/usr/bin/cc     -v -rdynamic CMakeFiles/cmTC_65014.dir/CMakeCCompilerABI.c.o  -o cmTC_65014 
Using built-in specs.
COLLECT_GCC=/usr/bin/cc
COLLECT_LTO_WRAPPER=/usr/lib/gcc/x86_64-linux-gnu/7/lto-wrapper
OFFLOAD_TARGET_NAMES=nvptx-none
OFFLOAD_TARGET_DEFAULT=1
Target: x86_64-linux-gnu
Configured with: ../src/configure -v --with-pkgversion='Ubuntu 7.5.0-3ubuntu1~18.04' --with-bugurl=file:///usr/share/doc/gcc-7/README.Bugs --enable-languages=c,ada,c++,go,brig,d,fortran,objc,obj-c++ --prefix=/usr --with-gcc-major-version-only --program-suffix=-7 --program-prefix=x86_64-linux-gnu- --enable-shared --enable-linker-build-id --libexecdir=/usr/lib --without-included-gettext --enable-threads=posix --libdir=/usr/lib --enable-nls --enable-bootstrap --enable-clocale=gnu --enable-libstdcxx-debug --enable-libstdcxx-time=yes --with-default-libstdcxx-abi=new --enable-gnu-unique-object --disable-vtable-verify --enable-libmpx --enable-plugin --enable-default-pie --with-system-zlib --with-target-system-zlib --enable-objc-gc=auto --enable-multiarch --disable-werror --with-arch-32=i686 --with-abi=m64 --with-multilib-list=m32,m64,mx32 --enable-multilib --with-tune=generic --enable-offload-targets=nvptx-none --without-cuda-driver --enable-checking=release --build=x86_64-linux-gnu --host=x86_64-linux-gnu --target=x86_64-linux-gnu
Thread model: posix
gcc version 7.5.0 (Ubuntu 7.5.0-3ubuntu1~18.04) 
COMPILER_PATH=/usr/lib/gcc/x86_64-linux-gnu/7/:/usr/lib/gcc/x86_64-linux-gnu/7/:/usr/lib/gcc/x86_64-linux-gnu/:/usr/lib/gcc/x86_64-linux-gnu/7/:/usr/lib/gcc/x86_64-linux-gnu/
LIBRARY_PATH=/usr/lib/gcc/x86_64-linux-gnu/7/:/usr/lib/gcc/x86_64-linux-gnu/7/../../../x86_64-linux-gnu/:/usr/lib/gcc/x86_64-linux-gnu/7/../../../../lib/:/lib/x86_64-linux-gnu/:/lib/../lib/:/usr/lib/x86_64-linux-gnu/:/usr/lib/../lib/:/usr/lib/gcc/x86_64-linux-gnu/7/../../../:/lib/:/usr/lib/
COLLECT_GCC_OPTIONS='-v' '-rdynamic' '-o' 'cmTC_65014' '-mtune=generic' '-march=x86-64'
 /usr/lib/gcc/x86_64-linux-gnu/7/collect2 -plugin /usr/lib/gcc/x86_64-linux-gnu/7/liblto_plugin.so -plugin-opt=/usr/lib/gcc/x86_64-linux-gnu/7/lto-wrapper -plugin-opt=-fresolution=/tmp/ccljfFn1.res -plugin-opt=-pass-through=-lgcc -plugin-opt=-pass-through=-lgcc_s -plugin-opt=-pass-through=-lc -plugin-opt=-pass-through=-lgcc -plugin-opt=-pass-through=-lgcc_s --build-id --eh-frame-hdr -m elf_x86_64 --hash-style=gnu --as-needed -export-dynamic -dynamic-linker /lib64/ld-linux-x86-64.so.2 -pie -z now -z relro -o cmTC_65014 /usr/lib/gcc/x86_64-linux-gnu/7/../../../x86_64-linux-gnu/Scrt1.o /usr/lib/gcc/x86_64-linux-gnu/7/../../../x86_64-linux-gnu/crti.o /usr/lib/gcc/x86_64-linux-gnu/7/crtbeginS.o -L/usr/lib/gcc/x86_64-linux-gnu/7 -L/usr/lib/gcc/x86_64-linux-gnu/7/../../../x86_64-linux-gnu -L/usr/lib/gcc/x86_64-linux-gnu/7/../../../../lib -L/lib/x86_64-linux-gnu -L/lib/../lib -L/usr/lib/x86_64-linux-gnu -L/usr/lib/../lib -L/usr/lib/gcc/x86_64-linux-gnu/7/../../.. CMakeFiles/cmTC_65014.dir/CMakeCCompilerABI.c.o -lgcc --push-state --as-needed -lgcc_s --pop-state -lc -lgcc --push-state --as-needed -lgcc_s --pop-state /usr/lib/gcc/x86_64-linux-gnu/7/crtendS.o /usr/lib/gcc/x86_64-linux-gnu/7/../../../x86_64-linux-gnu/crtn.o
COLLECT_GCC_OPTIONS='-v' '-rdynamic' '-o' 'cmTC_65014' '-mtune=generic' '-march=x86-64'
make[1]: Leaving directory '/home/user/projects/audacity-speech-tagger/audacity-minsrc-2.3.3/build/lib-src/libsoxr/CMakeFiles/CMakeTmp'


Parsed C implicit link information from above output:
  link line regex: [^( *|.*[/\])(ld|CMAKE_LINK_STARTFILE-NOTFOUND|([^/\]+-)?ld|collect2)[^/\]*( |$)]
  ignore line: [Change Dir: /home/user/projects/audacity-speech-tagger/audacity-minsrc-2.3.3/build/lib-src/libsoxr/CMakeFiles/CMakeTmp]
  ignore line: []
  ignore line: [Run Build Command:"/usr/bin/make" "cmTC_65014/fast"]
  ignore line: [/usr/bin/make -f CMakeFiles/cmTC_65014.dir/build.make CMakeFiles/cmTC_65014.dir/build]
  ignore line: [make[1]: Entering directory '/home/user/projects/audacity-speech-tagger/audacity-minsrc-2.3.3/build/lib-src/libsoxr/CMakeFiles/CMakeTmp']
  ignore line: [Building C object CMakeFiles/cmTC_65014.dir/CMakeCCompilerABI.c.o]
  ignore line: [/usr/bin/cc    -o CMakeFiles/cmTC_65014.dir/CMakeCCompilerABI.c.o   -c /usr/share/cmake-3.10/Modules/CMakeCCompilerABI.c]
  ignore line: [Linking C executable cmTC_65014]
  ignore line: [/usr/bin/cmake -E cmake_link_script CMakeFiles/cmTC_65014.dir/link.txt --verbose=1]
  ignore line: [/usr/bin/cc     -v -rdynamic CMakeFiles/cmTC_65014.dir/CMakeCCompilerABI.c.o  -o cmTC_65014 ]
  ignore line: [Using built-in specs.]
  ignore line: [COLLECT_GCC=/usr/bin/cc]
  ignore line: [COLLECT_LTO_WRAPPER=/usr/lib/gcc/x86_64-linux-gnu/7/lto-wrapper]
  ignore line: [OFFLOAD_TARGET_NAMES=nvptx-none]
  ignore line: [OFFLOAD_TARGET_DEFAULT=1]
  ignore line: [Target: x86_64-linux-gnu]
  ignore line: [Configured with: ../src/configure -v --with-pkgversion='Ubuntu 7.5.0-3ubuntu1~18.04' --with-bugurl=file:///usr/share/doc/gcc-7/README.Bugs --enable-languages=c,ada,c++,go,brig,d,fortran,objc,obj-c++ --prefix=/usr --with-gcc-major-version-only --program-suffix=-7 --program-prefix=x86_64-linux-gnu- --enable-shared --enable-linker-build-id --libexecdir=/usr/lib --without-included-gettext --enable-threads=posix --libdir=/usr/lib --enable-nls --enable-bootstrap --enable-clocale=gnu --enable-libstdcxx-debug --enable-libstdcxx-time=yes --with-default-libstdcxx-abi=new --enable-gnu-unique-object --disable-vtable-verify --enable-libmpx --enable-plugin --enable-default-pie --with-system-zlib --with-target-system-zlib --enable-objc-gc=auto --enable-multiarch --disable-werror --with-arch-32=i686 --with-abi=m64 --with-multilib-list=m32,m64,mx32 --enable-multilib --with-tune=generic --enable-offload-targets=nvptx-none --without-cuda-driver --enable-checking=release --build=x86_64-linux-gnu --host=x86_64-linux-gnu --target=x86_64-linux-gnu]
  ignore line: [Thread model: posix]
  ignore line: [gcc version 7.5.0 (Ubuntu 7.5.0-3ubuntu1~18.04) ]
  ignore line: [COMPILER_PATH=/usr/lib/gcc/x86_64-linux-gnu/7/:/usr/lib/gcc/x86_64-linux-gnu/7/:/usr/lib/gcc/x86_64-linux-gnu/:/usr/lib/gcc/x86_64-linux-gnu/7/:/usr/lib/gcc/x86_64-linux-gnu/]
  ignore line: [LIBRARY_PATH=/usr/lib/gcc/x86_64-linux-gnu/7/:/usr/lib/gcc/x86_64-linux-gnu/7/../../../x86_64-linux-gnu/:/usr/lib/gcc/x86_64-linux-gnu/7/../../../../lib/:/lib/x86_64-linux-gnu/:/lib/../lib/:/usr/lib/x86_64-linux-gnu/:/usr/lib/../lib/:/usr/lib/gcc/x86_64-linux-gnu/7/../../../:/lib/:/usr/lib/]
  ignore line: [COLLECT_GCC_OPTIONS='-v' '-rdynamic' '-o' 'cmTC_65014' '-mtune=generic' '-march=x86-64']
  link line: [ /usr/lib/gcc/x86_64-linux-gnu/7/collect2 -plugin /usr/lib/gcc/x86_64-linux-gnu/7/liblto_plugin.so -plugin-opt=/usr/lib/gcc/x86_64-linux-gnu/7/lto-wrapper -plugin-opt=-fresolution=/tmp/ccljfFn1.res -plugin-opt=-pass-through=-lgcc -plugin-opt=-pass-through=-lgcc_s -plugin-opt=-pass-through=-lc -plugin-opt=-pass-through=-lgcc -plugin-opt=-pass-through=-lgcc_s --build-id --eh-frame-hdr -m elf_x86_64 --hash-style=gnu --as-needed -export-dynamic -dynamic-linker /lib64/ld-linux-x86-64.so.2 -pie -z now -z relro -o cmTC_65014 /usr/lib/gcc/x86_64-linux-gnu/7/../../../x86_64-linux-gnu/Scrt1.o /usr/lib/gcc/x86_64-linux-gnu/7/../../../x86_64-linux-gnu/crti.o /usr/lib/gcc/x86_64-linux-gnu/7/crtbeginS.o -L/usr/lib/gcc/x86_64-linux-gnu/7 -L/usr/lib/gcc/x86_64-linux-gnu/7/../../../x86_64-linux-gnu -L/usr/lib/gcc/x86_64-linux-gnu/7/../../../../lib -L/lib/x86_64-linux-gnu -L/lib/../lib -L/usr/lib/x86_64-linux-gnu -L/usr/lib/../lib -L/usr/lib/gcc/x86_64-linux-gnu/7/../../.. CMakeFiles/cmTC_65014.dir/CMakeCCompilerABI.c.o -lgcc --push-state --as-needed -lgcc_s --pop-state -lc -lgcc --push-state --as-needed -lgcc_s --pop-state /usr/lib/gcc/x86_64-linux-gnu/7/crtendS.o /usr/lib/gcc/x86_64-linux-gnu/7/../../../x86_64-linux-gnu/crtn.o]
    arg [/usr/lib/gcc/x86_64-linux-gnu/7/collect2] ==> ignore
    arg [-plugin] ==> ignore
    arg [/usr/lib/gcc/x86_64-linux-gnu/7/liblto_plugin.so] ==> ignore
    arg [-plugin-opt=/usr/lib/gcc/x86_64-linux-gnu/7/lto-wrapper] ==> ignore
    arg [-plugin-opt=-fresolution=/tmp/ccljfFn1.res] ==> ignore
    arg [-plugin-opt=-pass-through=-lgcc] ==> ignore
    arg [-plugin-opt=-pass-through=-lgcc_s] ==> ignore
    arg [-plugin-opt=-pass-through=-lc] ==> ignore
    arg [-plugin-opt=-pass-through=-lgcc] ==> ignore
    arg [-plugin-opt=-pass-through=-lgcc_s] ==> ignore
    arg [--build-id] ==> ignore
    arg [--eh-frame-hdr] ==> ignore
    arg [-m] ==> ignore
    arg [elf_x86_64] ==> ignore
    arg [--hash-style=gnu] ==> ignore
    arg [--as-needed] ==> ignore
    arg [-export-dynamic] ==> ignore
    arg [-dynamic-linker] ==> ignore
    arg [/lib64/ld-linux-x86-64.so.2] ==> ignore
    arg [-pie] ==> ignore
    arg [-znow] ==> ignore
    arg [-zrelro] ==> ignore
    arg [-o] ==> ignore
    arg [cmTC_65014] ==> ignore
    arg [/usr/lib/gcc/x86_64-linux-gnu/7/../../../x86_64-linux-gnu/Scrt1.o] ==> ignore
    arg [/usr/lib/gcc/x86_64-linux-gnu/7/../../../x86_64-linux-gnu/crti.o] ==> ignore
    arg [/usr/lib/gcc/x86_64-linux-gnu/7/crtbeginS.o] ==> ignore
    arg [-L/usr/lib/gcc/x86_64-linux-gnu/7] ==> dir [/usr/lib/gcc/x86_64-linux-gnu/7]
    arg [-L/usr/lib/gcc/x86_64-linux-gnu/7/../../../x86_64-linux-gnu] ==> dir [/usr/lib/gcc/x86_64-linux-gnu/7/../../../x86_64-linux-gnu]
    arg [-L/usr/lib/gcc/x86_64-linux-gnu/7/../../../../lib] ==> dir [/usr/lib/gcc/x86_64-linux-gnu/7/../../../../lib]
    arg [-L/lib/x86_64-linux-gnu] ==> dir [/lib/x86_64-linux-gnu]
    arg [-L/lib/../lib] ==> dir [/lib/../lib]
    arg [-L/usr/lib/x86_64-linux-gnu] ==> dir [/usr/lib/x86_64-linux-gnu]
    arg [-L/usr/lib/../lib] ==> dir [/usr/lib/../lib]
    arg [-L/usr/lib/gcc/x86_64-linux-gnu/7/../../..] ==> dir [/usr/lib/gcc/x86_64-linux-gnu/7/../../..]
    arg [CMakeFiles/cmTC_65014.dir/CMakeCCompilerABI.c.o] ==> ignore
    arg [-lgcc] ==> lib [gcc]
    arg [--push-state] ==> ignore
    arg [--as-needed] ==> ignore
    arg [-lgcc_s] ==> lib [gcc_s]
    arg [--pop-state] ==> ignore
    arg [-lc] ==> lib [c]
    arg [-lgcc] ==> lib [gcc]
    arg [--push-state] ==> ignore
    arg [--as-needed] ==> ignore
    arg [-lgcc_s] ==> lib [gcc_s]
    arg [--pop-state] ==> ignore
    arg [/usr/lib/gcc/x86_64-linux-gnu/7/crtendS.o] ==> ignore
    arg [/usr/lib/gcc/x86_64-linux-gnu/7/../../../x86_64-linux-gnu/crtn.o] ==> ignore
  collapse library dir [/usr/lib/gcc/x86_64-linux-gnu/7] ==> [/usr/lib/gcc/x86_64-linux-gnu/7]
  collapse library dir [/usr/lib/gcc/x86_64-linux-gnu/7/../../../x86_64-linux-gnu] ==> [/usr/lib/x86_64-linux-gnu]
  collapse library dir [/usr/lib/gcc/x86_64-linux-gnu/7/../../../../lib] ==> [/usr/lib]
  collapse library dir [/lib/x86_64-linux-gnu] ==> [/lib/x86_64-linux-gnu]
  collapse library dir [/lib/../lib] ==> [/lib]
  collapse library dir [/usr/lib/x86_64-linux-gnu] ==> [/usr/lib/x86_64-linux-gnu]
  collapse library dir [/usr/lib/../lib] ==> [/usr/lib]
  collapse library dir [/usr/lib/gcc/x86_64-linux-gnu/7/../../..] ==> [/usr/lib]
  implicit libs: [gcc;gcc_s;c;gcc;gcc_s]
  implicit dirs: [/usr/lib/gcc/x86_64-linux-gnu/7;/usr/lib/x86_64-linux-gnu;/usr/lib;/lib/x86_64-linux-gnu;/lib]
  implicit fwks: []




Detecting C [-std=c11] compiler features compiled with the following output:
Change Dir: /home/user/projects/audacity-speech-tagger/audacity-minsrc-2.3.3/build/lib-src/libsoxr/CMakeFiles/CMakeTmp

Run Build Command:"/usr/bin/make" "cmTC_fa055/fast"
/usr/bin/make -f CMakeFiles/cmTC_fa055.dir/build.make CMakeFiles/cmTC_fa055.dir/build
make[1]: Entering directory '/home/user/projects/audacity-speech-tagger/audacity-minsrc-2.3.3/build/lib-src/libsoxr/CMakeFiles/CMakeTmp'
Building C object CMakeFiles/cmTC_fa055.dir/feature_tests.c.o
/usr/bin/cc   -std=c11 -o CMakeFiles/cmTC_fa055.dir/feature_tests.c.o   -c /home/user/projects/audacity-speech-tagger/audacity-minsrc-2.3.3/build/lib-src/libsoxr/CMakeFiles/feature_tests.c
Linking C executable cmTC_fa055
/usr/bin/cmake -E cmake_link_script CMakeFiles/cmTC_fa055.dir/link.txt --verbose=1
/usr/bin/cc      -rdynamic CMakeFiles/cmTC_fa055.dir/feature_tests.c.o  -o cmTC_fa055 
make[1]: Leaving directory '/home/user/projects/audacity-speech-tagger/audacity-minsrc-2.3.3/build/lib-src/libsoxr/CMakeFiles/CMakeTmp'


    Feature record: C_FEATURE:1c_function_prototypes
    Feature record: C_FEATURE:1c_restrict
    Feature record: C_FEATURE:1c_static_assert
    Feature record: C_FEATURE:1c_variadic_macros


Detecting C [-std=c99] compiler features compiled with the following output:
Change Dir: /home/user/projects/audacity-speech-tagger/audacity-minsrc-2.3.3/build/lib-src/libsoxr/CMakeFiles/CMakeTmp

Run Build Command:"/usr/bin/make" "cmTC_2aea4/fast"
/usr/bin/make -f CMakeFiles/cmTC_2aea4.dir/build.make CMakeFiles/cmTC_2aea4.dir/build
make[1]: Entering directory '/home/user/projects/audacity-speech-tagger/audacity-minsrc-2.3.3/build/lib-src/libsoxr/CMakeFiles/CMakeTmp'
Building C object CMakeFiles/cmTC_2aea4.dir/feature_tests.c.o
/usr/bin/cc   -std=c99 -o CMakeFiles/cmTC_2aea4.dir/feature_tests.c.o   -c /home/user/projects/audacity-speech-tagger/audacity-minsrc-2.3.3/build/lib-src/libsoxr/CMakeFiles/feature_tests.c
Linking C executable cmTC_2aea4
/usr/bin/cmake -E cmake_link_script CMakeFiles/cmTC_2aea4.dir/link.txt --verbose=1
/usr/bin/cc      -rdynamic CMakeFiles/cmTC_2aea4.dir/feature_tests.c.o  -o cmTC_2aea4 
make[1]: Leaving directory '/home/user/projects/audacity-speech-tagger/audacity-minsrc-2.3.3/build/lib-src/libsoxr/CMakeFiles/CMakeTmp'


    Feature record: C_FEATURE:1c_function_prototypes
    Feature record: C_FEATURE:1c_restrict
    Feature record: C_FEATURE:0c_static_assert
    Feature record: C_FEATURE:1c_variadic_macros


Detecting C [-std=c90] compiler features compiled with the following output:
Change Dir: /home/user/projects/audacity-speech-tagger/audacity-minsrc-2.3.3/build/lib-src/libsoxr/CMakeFiles/CMakeTmp

Run Build Command:"/usr/bin/make" "cmTC_ed373/fast"
/usr/bin/make -f CMakeFiles/cmTC_ed373.dir/build.make CMakeFiles/cmTC_ed373.dir/build
make[1]: Entering directory '/home/user/projects/audacity-speech-tagger/audacity-minsrc-2.3.3/build/lib-src/libsoxr/CMakeFiles/CMakeTmp'
Building C object CMakeFiles/cmTC_ed373.dir/feature_tests.c.o
/usr/bin/cc   -std=c90 -o CMakeFiles/cmTC_ed373.dir/feature_tests.c.o   -c /home/user/projects/audacity-speech-tagger/audacity-minsrc-2.3.3/build/lib-src/libsoxr/CMakeFiles/feature_tests.c
Linking C executable cmTC_ed373
/usr/bin/cmake -E cmake_link_script CMakeFiles/cmTC_ed373.dir/link.txt --verbose=1
/usr/bin/cc      -rdynamic CMakeFiles/cmTC_ed373.dir/feature_tests.c.o  -o cmTC_ed373 
make[1]: Leaving directory '/home/user/projects/audacity-speech-tagger/audacity-minsrc-2.3.3/build/lib-src/libsoxr/CMakeFiles/CMakeTmp'


    Feature record: C_FEATURE:1c_function_prototypes
    Feature record: C_FEATURE:0c_restrict
    Feature record: C_FEATURE:0c_static_assert
    Feature record: C_FEATURE:0c_variadic_macros
Determining if the function pow exists in the m passed with the following output:
Change Dir: /home/user/projects/audacity-speech-tagger/audacity-minsrc-2.3.3/build/lib-src/libsoxr/CMakeFiles/CMakeTmp

Run Build Command:"/usr/bin/make" "cmTC_52c4e/fast"
/usr/bin/make -f CMakeFiles/cmTC_52c4e.dir/build.make CMakeFiles/cmTC_52c4e.dir/build
make[1]: Entering directory '/home/user/projects/audacity-speech-tagger/audacity-minsrc-2.3.3/build/lib-src/libsoxr/CMakeFiles/CMakeTmp'
Building C object CMakeFiles/cmTC_52c4e.dir/CheckFunctionExists.c.o
/usr/bin/cc   -DCHECK_FUNCTION_EXISTS=pow   -o CMakeFiles/cmTC_52c4e.dir/CheckFunctionExists.c.o   -c /usr/share/cmake-3.10/Modules/CheckFunctionExists.c
<command-line>:0:23: warning: conflicting types for built-in function 'pow' [-Wbuiltin-declaration-mismatch]
/usr/share/cmake-3.10/Modules/CheckFunctionExists.c:7:3: note: in expansion of macro 'CHECK_FUNCTION_EXISTS'
   CHECK_FUNCTION_EXISTS(void);
   ^~~~~~~~~~~~~~~~~~~~~
Linking C executable cmTC_52c4e
/usr/bin/cmake -E cmake_link_script CMakeFiles/cmTC_52c4e.dir/link.txt --verbose=1
/usr/bin/cc  -DCHECK_FUNCTION_EXISTS=pow    -rdynamic CMakeFiles/cmTC_52c4e.dir/CheckFunctionExists.c.o  -o cmTC_52c4e -lm 
make[1]: Leaving directory '/home/user/projects/audacity-speech-tagger/audacity-minsrc-2.3.3/build/lib-src/libsoxr/CMakeFiles/CMakeTmp'


Performing C SOURCE FILE Test DETECT_SIMD32_C_FLAGS succeeded with the following output:
Change Dir: /home/user/projects/audacity-speech-tagger/audacity-minsrc-2.3.3/build/lib-src/libsoxr/CMakeFiles/CMakeTmp

Run Build Command:"/usr/bin/make" "cmTC_e44b7/fast"
/usr/bin/make -f CMakeFiles/cmTC_e44b7.dir/build.make CMakeFiles/cmTC_e44b7.dir/build
make[1]: Entering directory '/home/user/projects/audacity-speech-tagger/audacity-minsrc-2.3.3/build/lib-src/libsoxr/CMakeFiles/CMakeTmp'
Building C object CMakeFiles/cmTC_e44b7.dir/src.c.o
/usr/bin/cc   -DDETECT_SIMD32_C_FLAGS   -o CMakeFiles/cmTC_e44b7.dir/src.c.o   -c /home/user/projects/audacity-speech-tagger/audacity-minsrc-2.3.3/build/lib-src/libsoxr/CMakeFiles/CMakeTmp/src.c
Linking C executable cmTC_e44b7
/usr/bin/cmake -E cmake_link_script CMakeFiles/cmTC_e44b7.dir/link.txt --verbose=1
/usr/bin/cc  -DDETECT_SIMD32_C_FLAGS    -rdynamic CMakeFiles/cmTC_e44b7.dir/src.c.o  -o cmTC_e44b7 -lm 
make[1]: Leaving directory '/home/user/projects/audacity-speech-tagger/audacity-minsrc-2.3.3/build/lib-src/libsoxr/CMakeFiles/CMakeTmp'

Source file was:

    #include <xmmintrin.h>
    int main(int c, char * * v) {
      __m128 a = _mm_set_ss((float)c), b = _mm_set_ss((float)!!v);
      return _mm_comineq_ss(a,b);
    }
  
Performing C SOURCE FILE Test DETECT_SIMD64_C_FLAGS succeeded with the following output:
Change Dir: /home/user/projects/audacity-speech-tagger/audacity-minsrc-2.3.3/build/lib-src/libsoxr/CMakeFiles/CMakeTmp

Run Build Command:"/usr/bin/make" "cmTC_2cc14/fast"
/usr/bin/make -f CMakeFiles/cmTC_2cc14.dir/build.make CMakeFiles/cmTC_2cc14.dir/build
make[1]: Entering directory '/home/user/projects/audacity-speech-tagger/audacity-minsrc-2.3.3/build/lib-src/libsoxr/CMakeFiles/CMakeTmp'
Building C object CMakeFiles/cmTC_2cc14.dir/src.c.o
/usr/bin/cc   -DDETECT_SIMD64_C_FLAGS -mavx   -o CMakeFiles/cmTC_2cc14.dir/src.c.o   -c /home/user/projects/audacity-speech-tagger/audacity-minsrc-2.3.3/build/lib-src/libsoxr/CMakeFiles/CMakeTmp/src.c
Linking C executable cmTC_2cc14
/usr/bin/cmake -E cmake_link_script CMakeFiles/cmTC_2cc14.dir/link.txt --verbose=1
/usr/bin/cc  -DDETECT_SIMD64_C_FLAGS -mavx    -rdynamic CMakeFiles/cmTC_2cc14.dir/src.c.o  -o cmTC_2cc14 -lm 
make[1]: Leaving directory '/home/user/projects/audacity-speech-tagger/audacity-minsrc-2.3.3/build/lib-src/libsoxr/CMakeFiles/CMakeTmp'

Source file was:

    #ifndef __AVX__
      #error
    #endif
    #include <immintrin.h>
    int main() {return 0;}
    
Determining if the function lrint exists passed with the following output:
Change Dir: /home/user/projects/audacity-speech-tagger/audacity-minsrc-2.3.3/build/lib-src/libsoxr/CMakeFiles/CMakeTmp

Run Build Command:"/usr/bin/make" "cmTC_d2abf/fast"
/usr/bin/make -f CMakeFiles/cmTC_d2abf.dir/build.make CMakeFiles/cmTC_d2abf.dir/build
make[1]: Entering directory '/home/user/projects/audacity-speech-tagger/audacity-minsrc-2.3.3/build/lib-src/libsoxr/CMakeFiles/CMakeTmp'
Building C object CMakeFiles/cmTC_d2abf.dir/CheckFunctionExists.c.o
/usr/bin/cc   -DCHECK_FUNCTION_EXISTS=lrint   -o CMakeFiles/cmTC_d2abf.dir/CheckFunctionExists.c.o   -c /usr/share/cmake-3.10/Modules/CheckFunctionExists.c
<command-line>:0:23: warning: conflicting types for built-in function 'lrint' [-Wbuiltin-declaration-mismatch]
/usr/share/cmake-3.10/Modules/CheckFunctionExists.c:7:3: note: in expansion of macro 'CHECK_FUNCTION_EXISTS'
   CHECK_FUNCTION_EXISTS(void);
   ^~~~~~~~~~~~~~~~~~~~~
Linking C executable cmTC_d2abf
/usr/bin/cmake -E cmake_link_script CMakeFiles/cmTC_d2abf.dir/link.txt --verbose=1
/usr/bin/cc  -DCHECK_FUNCTION_EXISTS=lrint    -rdynamic CMakeFiles/cmTC_d2abf.dir/CheckFunctionExists.c.o  -o cmTC_d2abf -lm 
make[1]: Leaving directory '/home/user/projects/audacity-speech-tagger/audacity-minsrc-2.3.3/build/lib-src/libsoxr/CMakeFiles/CMakeTmp'


Determining if files fenv.h exist passed with the following output:
Change Dir: /home/user/projects/audacity-speech-tagger/audacity-minsrc-2.3.3/build/lib-src/libsoxr/CMakeFiles/CMakeTmp

Run Build Command:"/usr/bin/make" "cmTC_f6e5b/fast"
/usr/bin/make -f CMakeFiles/cmTC_f6e5b.dir/build.make CMakeFiles/cmTC_f6e5b.dir/build
make[1]: Entering directory '/home/user/projects/audacity-speech-tagger/audacity-minsrc-2.3.3/build/lib-src/libsoxr/CMakeFiles/CMakeTmp'
Building C object CMakeFiles/cmTC_f6e5b.dir/CheckIncludeFiles.c.o
/usr/bin/cc    -o CMakeFiles/cmTC_f6e5b.dir/CheckIncludeFiles.c.o   -c /home/user/projects/audacity-speech-tagger/audacity-minsrc-2.3.3/build/lib-src/libsoxr/CMakeFiles/CMakeTmp/CheckIncludeFiles.c
Linking C executable cmTC_f6e5b
/usr/bin/cmake -E cmake_link_script CMakeFiles/cmTC_f6e5b.dir/link.txt --verbose=1
/usr/bin/cc      -rdynamic CMakeFiles/cmTC_f6e5b.dir/CheckIncludeFiles.c.o  -o cmTC_f6e5b 
make[1]: Leaving directory '/home/user/projects/audacity-speech-tagger/audacity-minsrc-2.3.3/build/lib-src/libsoxr/CMakeFiles/CMakeTmp'


Determining if files stdbool.h exist passed with the following output:
Change Dir: /home/user/projects/audacity-speech-tagger/audacity-minsrc-2.3.3/build/lib-src/libsoxr/CMakeFiles/CMakeTmp

Run Build Command:"/usr/bin/make" "cmTC_abba4/fast"
/usr/bin/make -f CMakeFiles/cmTC_abba4.dir/build.make CMakeFiles/cmTC_abba4.dir/build
make[1]: Entering directory '/home/user/projects/audacity-speech-tagger/audacity-minsrc-2.3.3/build/lib-src/libsoxr/CMakeFiles/CMakeTmp'
Building C object CMakeFiles/cmTC_abba4.dir/CheckIncludeFiles.c.o
/usr/bin/cc    -o CMakeFiles/cmTC_abba4.dir/CheckIncludeFiles.c.o   -c /home/user/projects/audacity-speech-tagger/audacity-minsrc-2.3.3/build/lib-src/libsoxr/CMakeFiles/CMakeTmp/CheckIncludeFiles.c
Linking C executable cmTC_abba4
/usr/bin/cmake -E cmake_link_script CMakeFiles/cmTC_abba4.dir/link.txt --verbose=1
/usr/bin/cc      -rdynamic CMakeFiles/cmTC_abba4.dir/CheckIncludeFiles.c.o  -o cmTC_abba4 
make[1]: Leaving directory '/home/user/projects/audacity-speech-tagger/audacity-minsrc-2.3.3/build/lib-src/libsoxr/CMakeFiles/CMakeTmp'


Determining if files stdint.h exist passed with the following output:
Change Dir: /home/user/projects/audacity-speech-tagger/audacity-minsrc-2.3.3/build/lib-src/libsoxr/CMakeFiles/CMakeTmp

Run Build Command:"/usr/bin/make" "cmTC_134d5/fast"
/usr/bin/make -f CMakeFiles/cmTC_134d5.dir/build.make CMakeFiles/cmTC_134d5.dir/build
make[1]: Entering directory '/home/user/projects/audacity-speech-tagger/audacity-minsrc-2.3.3/build/lib-src/libsoxr/CMakeFiles/CMakeTmp'
Building C object CMakeFiles/cmTC_134d5.dir/CheckIncludeFiles.c.o
/usr/bin/cc    -o CMakeFiles/cmTC_134d5.dir/CheckIncludeFiles.c.o   -c /home/user/projects/audacity-speech-tagger/audacity-minsrc-2.3.3/build/lib-src/libsoxr/CMakeFiles/CMakeTmp/CheckIncludeFiles.c
Linking C executable cmTC_134d5
/usr/bin/cmake -E cmake_link_script CMakeFiles/cmTC_134d5.dir/link.txt --verbose=1
/usr/bin/cc      -rdynamic CMakeFiles/cmTC_134d5.dir/CheckIncludeFiles.c.o  -o cmTC_134d5 
make[1]: Leaving directory '/home/user/projects/audacity-speech-tagger/audacity-minsrc-2.3.3/build/lib-src/libsoxr/CMakeFiles/CMakeTmp'


Determining if the include file sys/types.h exists passed with the following output:
Change Dir: /home/user/projects/audacity-speech-tagger/audacity-minsrc-2.3.3/build/lib-src/libsoxr/CMakeFiles/CMakeTmp

Run Build Command:"/usr/bin/make" "cmTC_81046/fast"
/usr/bin/make -f CMakeFiles/cmTC_81046.dir/build.make CMakeFiles/cmTC_81046.dir/build
make[1]: Entering directory '/home/user/projects/audacity-speech-tagger/audacity-minsrc-2.3.3/build/lib-src/libsoxr/CMakeFiles/CMakeTmp'
Building C object CMakeFiles/cmTC_81046.dir/CheckIncludeFile.c.o
/usr/bin/cc    -o CMakeFiles/cmTC_81046.dir/CheckIncludeFile.c.o   -c /home/user/projects/audacity-speech-tagger/audacity-minsrc-2.3.3/build/lib-src/libsoxr/CMakeFiles/CMakeTmp/CheckIncludeFile.c
Linking C executable cmTC_81046
/usr/bin/cmake -E cmake_link_script CMakeFiles/cmTC_81046.dir/link.txt --verbose=1
/usr/bin/cc      -rdynamic CMakeFiles/cmTC_81046.dir/CheckIncludeFile.c.o  -o cmTC_81046 
make[1]: Leaving directory '/home/user/projects/audacity-speech-tagger/audacity-minsrc-2.3.3/build/lib-src/libsoxr/CMakeFiles/CMakeTmp'


Determining if the include file stddef.h exists passed with the following output:
Change Dir: /home/user/projects/audacity-speech-tagger/audacity-minsrc-2.3.3/build/lib-src/libsoxr/CMakeFiles/CMakeTmp

Run Build Command:"/usr/bin/make" "cmTC_1ae99/fast"
/usr/bin/make -f CMakeFiles/cmTC_1ae99.dir/build.make CMakeFiles/cmTC_1ae99.dir/build
make[1]: Entering directory '/home/user/projects/audacity-speech-tagger/audacity-minsrc-2.3.3/build/lib-src/libsoxr/CMakeFiles/CMakeTmp'
Building C object CMakeFiles/cmTC_1ae99.dir/CheckIncludeFile.c.o
/usr/bin/cc    -o CMakeFiles/cmTC_1ae99.dir/CheckIncludeFile.c.o   -c /home/user/projects/audacity-speech-tagger/audacity-minsrc-2.3.3/build/lib-src/libsoxr/CMakeFiles/CMakeTmp/CheckIncludeFile.c
Linking C executable cmTC_1ae99
/usr/bin/cmake -E cmake_link_script CMakeFiles/cmTC_1ae99.dir/link.txt --verbose=1
/usr/bin/cc      -rdynamic CMakeFiles/cmTC_1ae99.dir/CheckIncludeFile.c.o  -o cmTC_1ae99 
make[1]: Leaving directory '/home/user/projects/audacity-speech-tagger/audacity-minsrc-2.3.3/build/lib-src/libsoxr/CMakeFiles/CMakeTmp'


Determining size of unsigned short passed with the following output:
Change Dir: /home/user/projects/audacity-speech-tagger/audacity-minsrc-2.3.3/build/lib-src/libsoxr/CMakeFiles/CMakeTmp

Run Build Command:"/usr/bin/make" "cmTC_1e5e3/fast"
/usr/bin/make -f CMakeFiles/cmTC_1e5e3.dir/build.make CMakeFiles/cmTC_1e5e3.dir/build
make[1]: Entering directory '/home/user/projects/audacity-speech-tagger/audacity-minsrc-2.3.3/build/lib-src/libsoxr/CMakeFiles/CMakeTmp'
Building C object CMakeFiles/cmTC_1e5e3.dir/CMAKE_SIZEOF_UNSIGNED_SHORT.c.o
/usr/bin/cc    -o CMakeFiles/cmTC_1e5e3.dir/CMAKE_SIZEOF_UNSIGNED_SHORT.c.o   -c /home/user/projects/audacity-speech-tagger/audacity-minsrc-2.3.3/build/lib-src/libsoxr/CMakeFiles/CheckTypeSize/CMAKE_SIZEOF_UNSIGNED_SHORT.c
Linking C executable cmTC_1e5e3
/usr/bin/cmake -E cmake_link_script CMakeFiles/cmTC_1e5e3.dir/link.txt --verbose=1
/usr/bin/cc      -rdynamic CMakeFiles/cmTC_1e5e3.dir/CMAKE_SIZEOF_UNSIGNED_SHORT.c.o  -o cmTC_1e5e3 -lm 
make[1]: Leaving directory '/home/user/projects/audacity-speech-tagger/audacity-minsrc-2.3.3/build/lib-src/libsoxr/CMakeFiles/CMakeTmp'


Determining if the system is big endian passed with the following output:
Change Dir: /home/user/projects/audacity-speech-tagger/audacity-minsrc-2.3.3/build/lib-src/libsoxr/CMakeFiles/CMakeTmp

Run Build Command:"/usr/bin/make" "cmTC_e8fb9/fast"
/usr/bin/make -f CMakeFiles/cmTC_e8fb9.dir/build.make CMakeFiles/cmTC_e8fb9.dir/build
make[1]: Entering directory '/home/user/projects/audacity-speech-tagger/audacity-minsrc-2.3.3/build/lib-src/libsoxr/CMakeFiles/CMakeTmp'
Building C object CMakeFiles/cmTC_e8fb9.dir/TestEndianess.c.o
/usr/bin/cc    -o CMakeFiles/cmTC_e8fb9.dir/TestEndianess.c.o   -c /home/user/projects/audacity-speech-tagger/audacity-minsrc-2.3.3/build/lib-src/libsoxr/CMakeFiles/CMakeTmp/TestEndianess.c
Linking C executable cmTC_e8fb9
/usr/bin/cmake -E cmake_link_script CMakeFiles/cmTC_e8fb9.dir/link.txt --verbose=1
/usr/bin/cc      -rdynamic CMakeFiles/cmTC_e8fb9.dir/TestEndianess.c.o  -o cmTC_e8fb9 
make[1]: Leaving directory '/home/user/projects/audacity-speech-tagger/audacity-minsrc-2.3.3/build/lib-src/libsoxr/CMakeFiles/CMakeTmp'

TestEndianess.c:
/* A 16 bit integer is required. */
typedef unsigned short cmakeint16;

/* On a little endian machine, these 16bit ints will give "THIS IS LITTLE ENDIAN."
   On a big endian machine the characters will be exchanged pairwise. */
const cmakeint16 info_little[] =  {0x4854, 0x5349, 0x4920, 0x2053, 0x494c, 0x5454, 0x454c, 0x4520, 0x444e, 0x4149, 0x2e4e, 0x0000};

/* on a big endian machine, these 16bit ints will give "THIS IS BIG ENDIAN."
   On a little endian machine the characters will be exchanged pairwise. */
const cmakeint16 info_big[] =     {0x5448, 0x4953, 0x2049, 0x5320, 0x4249, 0x4720, 0x454e, 0x4449, 0x414e, 0x2e2e, 0x0000};

#ifdef __CLASSIC_C__
int main(argc, argv) int argc; char *argv[];
#else
int main(int argc, char *argv[])
#endif
{
  int require = 0;
  require += info_little[argc];
  require += info_big[argc];
  (void)argv;
  return require;
}


