This file contains any messages produced by compilers while
running configure, to aid debugging if configure makes a mistake.

It was created by portmidi configure 0.1, which was
generated by GNU Autoconf 2.69.  Invocation command line was

  $ ../../../lib-src/portmidi/configure --disable-option-checking --prefix=/usr/local/ --with-lib-preference=local system --with-ffmpeg=system --disable-dynamic-loading --with-mod-script-pipe --with-wx-config=/usr/bin/wx-config --enable-static=yes --enable-shared=no --disable-xmms-plugin --disable-doxygen-docs --disable-thorough-tests --disable-programs --disable-sqlite --disable-external-libs --disable-alsa --disable-programs --disable-programs PORTAUDIO_CFLAGS=-I/home/user/projects/audacity-speech-tagger/audacity-minsrc-2.3.3/build/../lib-src/portaudio-v19/include PORTAUDIO_LIBS=/home/user/projects/audacity-speech-tagger/audacity-minsrc-2.3.3/build/../lib-src/portaudio-v19/lib/libportaudio.la --cache-file=/dev/null --srcdir=../../../lib-src/portmidi

## --------- ##
## Platform. ##
## --------- ##

hostname = 2jh2xg2j
uname -m = x86_64
uname -r = 4.15.0-96-generic
uname -s = Linux
uname -v = #97-Ubuntu SMP Wed Apr 1 03:25:46 UTC 2020

/usr/bin/uname -p = unknown
/bin/uname -X     = unknown

/bin/arch              = unknown
/usr/bin/arch -k       = unknown
/usr/convex/getsysinfo = unknown
/usr/bin/hostinfo      = unknown
/bin/machine           = unknown
/usr/bin/oslevel       = unknown
/bin/universe          = unknown

PATH: /home/user/anaconda3/envs/py36/bin
PATH: /home/user/.rbenv/plugins/ruby-build/bin
PATH: /home/user/.rbenv/shims
PATH: /home/user/.rbenv/bin
PATH: /home/user/gems/bin
PATH: /home/user/anaconda3/bin
PATH: /usr/local/bin
PATH: /home/user/bin
PATH: /home/user/.local/bin
PATH: /usr/local/sbin
PATH: /usr/local/bin
PATH: /usr/sbin
PATH: /usr/bin
PATH: /sbin
PATH: /bin
PATH: /usr/games
PATH: /usr/local/games
PATH: /snap/bin
PATH: /usr/lib/jvm/java-8-oracle/bin
PATH: /usr/lib/jvm/java-8-oracle/db/bin
PATH: /usr/lib/jvm/java-8-oracle/jre/bin
PATH: /usr/share/logtalk/tools/lgtdoc/xml
PATH: /usr/share/logtalk/scripts
PATH: /usr/share/logtalk/integration


## ----------- ##
## Core tests. ##
## ----------- ##

configure:2299: checking for a BSD-compatible install
configure:2367: result: /usr/bin/install -c
configure:2378: checking whether build environment is sane
configure:2433: result: yes
configure:2584: checking for a thread-safe mkdir -p
configure:2623: result: /bin/mkdir -p
configure:2630: checking for gawk
configure:2646: found /usr/bin/gawk
configure:2657: result: gawk
configure:2668: checking whether make sets $(MAKE)
configure:2690: result: yes
configure:2719: checking whether make supports nested variables
configure:2736: result: yes
configure:2863: checking whether to enable maintainer-specific portions of Makefiles
configure:2872: result: no
configure:2937: checking for gcc
configure:2953: found /usr/bin/gcc
configure:2964: result: gcc
configure:3193: checking for C compiler version
configure:3202: gcc --version >&5
gcc (Ubuntu 7.5.0-3ubuntu1~18.04) 7.5.0
Copyright (C) 2017 Free Software Foundation, Inc.
This is free software; see the source for copying conditions.  There is NO
warranty; not even for MERCHANTABILITY or FITNESS FOR A PARTICULAR PURPOSE.

configure:3213: $? = 0
configure:3202: gcc -v >&5
Using built-in specs.
COLLECT_GCC=gcc
COLLECT_LTO_WRAPPER=/usr/lib/gcc/x86_64-linux-gnu/7/lto-wrapper
OFFLOAD_TARGET_NAMES=nvptx-none
OFFLOAD_TARGET_DEFAULT=1
Target: x86_64-linux-gnu
Configured with: ../src/configure -v --with-pkgversion='Ubuntu 7.5.0-3ubuntu1~18.04' --with-bugurl=file:///usr/share/doc/gcc-7/README.Bugs --enable-languages=c,ada,c++,go,brig,d,fortran,objc,obj-c++ --prefix=/usr --with-gcc-major-version-only --program-suffix=-7 --program-prefix=x86_64-linux-gnu- --enable-shared --enable-linker-build-id --libexecdir=/usr/lib --without-included-gettext --enable-threads=posix --libdir=/usr/lib --enable-nls --enable-bootstrap --enable-clocale=gnu --enable-libstdcxx-debug --enable-libstdcxx-time=yes --with-default-libstdcxx-abi=new --enable-gnu-unique-object --disable-vtable-verify --enable-libmpx --enable-plugin --enable-default-pie --with-system-zlib --with-target-system-zlib --enable-objc-gc=auto --enable-multiarch --disable-werror --with-arch-32=i686 --with-abi=m64 --with-multilib-list=m32,m64,mx32 --enable-multilib --with-tune=generic --enable-offload-targets=nvptx-none --without-cuda-driver --enable-checking=release --build=x86_64-linux-gnu --host=x86_64-linux-gnu --target=x86_64-linux-gnu
Thread model: posix
gcc version 7.5.0 (Ubuntu 7.5.0-3ubuntu1~18.04) 
configure:3213: $? = 0
configure:3202: gcc -V >&5
gcc: error: unrecognized command line option '-V'
gcc: fatal error: no input files
compilation terminated.
configure:3213: $? = 1
configure:3202: gcc -qversion >&5
gcc: error: unrecognized command line option '-qversion'; did you mean '--version'?
gcc: fatal error: no input files
compilation terminated.
configure:3213: $? = 1
configure:3233: checking whether the C compiler works
configure:3255: gcc    conftest.c  >&5
configure:3259: $? = 0
configure:3307: result: yes
configure:3310: checking for C compiler default output file name
configure:3312: result: a.out
configure:3318: checking for suffix of executables
configure:3325: gcc -o conftest    conftest.c  >&5
configure:3329: $? = 0
configure:3351: result: 
configure:3373: checking whether we are cross compiling
configure:3381: gcc -o conftest    conftest.c  >&5
configure:3385: $? = 0
configure:3392: ./conftest
configure:3396: $? = 0
configure:3411: result: no
configure:3416: checking for suffix of object files
configure:3438: gcc -c   conftest.c >&5
configure:3442: $? = 0
configure:3463: result: o
configure:3467: checking whether we are using the GNU C compiler
configure:3486: gcc -c   conftest.c >&5
configure:3486: $? = 0
configure:3495: result: yes
configure:3504: checking whether gcc accepts -g
configure:3524: gcc -c -g  conftest.c >&5
configure:3524: $? = 0
configure:3565: result: yes
configure:3582: checking for gcc option to accept ISO C89
configure:3645: gcc  -c -g -O2  conftest.c >&5
configure:3645: $? = 0
configure:3658: result: none needed
configure:3683: checking whether gcc understands -c and -o together
configure:3705: gcc -c conftest.c -o conftest2.o
configure:3708: $? = 0
configure:3705: gcc -c conftest.c -o conftest2.o
configure:3708: $? = 0
configure:3720: result: yes
configure:3748: checking for style of include used by make
configure:3776: result: GNU
configure:3802: checking dependency style of gcc
configure:3913: result: gcc3
configure:3992: checking for g++
configure:4008: found /usr/bin/g++
configure:4019: result: g++
configure:4046: checking for C++ compiler version
configure:4055: g++ --version >&5
g++ (Ubuntu 7.5.0-3ubuntu1~18.04) 7.5.0
Copyright (C) 2017 Free Software Foundation, Inc.
This is free software; see the source for copying conditions.  There is NO
warranty; not even for MERCHANTABILITY or FITNESS FOR A PARTICULAR PURPOSE.

configure:4066: $? = 0
configure:4055: g++ -v >&5
Using built-in specs.
COLLECT_GCC=g++
COLLECT_LTO_WRAPPER=/usr/lib/gcc/x86_64-linux-gnu/7/lto-wrapper
OFFLOAD_TARGET_NAMES=nvptx-none
OFFLOAD_TARGET_DEFAULT=1
Target: x86_64-linux-gnu
Configured with: ../src/configure -v --with-pkgversion='Ubuntu 7.5.0-3ubuntu1~18.04' --with-bugurl=file:///usr/share/doc/gcc-7/README.Bugs --enable-languages=c,ada,c++,go,brig,d,fortran,objc,obj-c++ --prefix=/usr --with-gcc-major-version-only --program-suffix=-7 --program-prefix=x86_64-linux-gnu- --enable-shared --enable-linker-build-id --libexecdir=/usr/lib --without-included-gettext --enable-threads=posix --libdir=/usr/lib --enable-nls --enable-bootstrap --enable-clocale=gnu --enable-libstdcxx-debug --enable-libstdcxx-time=yes --with-default-libstdcxx-abi=new --enable-gnu-unique-object --disable-vtable-verify --enable-libmpx --enable-plugin --enable-default-pie --with-system-zlib --with-target-system-zlib --enable-objc-gc=auto --enable-multiarch --disable-werror --with-arch-32=i686 --with-abi=m64 --with-multilib-list=m32,m64,mx32 --enable-multilib --with-tune=generic --enable-offload-targets=nvptx-none --without-cuda-driver --enable-checking=release --build=x86_64-linux-gnu --host=x86_64-linux-gnu --target=x86_64-linux-gnu
Thread model: posix
gcc version 7.5.0 (Ubuntu 7.5.0-3ubuntu1~18.04) 
configure:4066: $? = 0
configure:4055: g++ -V >&5
g++: error: unrecognized command line option '-V'
g++: fatal error: no input files
compilation terminated.
configure:4066: $? = 1
configure:4055: g++ -qversion >&5
g++: error: unrecognized command line option '-qversion'; did you mean '--version'?
g++: fatal error: no input files
compilation terminated.
configure:4066: $? = 1
configure:4070: checking whether we are using the GNU C++ compiler
configure:4089: g++ -c   conftest.cpp >&5
configure:4089: $? = 0
configure:4098: result: yes
configure:4107: checking whether g++ accepts -g
configure:4127: g++ -c -g  conftest.cpp >&5
configure:4127: $? = 0
configure:4168: result: yes
configure:4193: checking dependency style of g++
configure:4304: result: gcc3
configure:4324: checking how to run the C++ preprocessor
configure:4351: g++ -E  conftest.cpp
configure:4351: $? = 0
configure:4365: g++ -E  conftest.cpp
conftest.cpp:11:10: fatal error: ac_nonexistent.h: No such file or directory
 #include <ac_nonexistent.h>
          ^~~~~~~~~~~~~~~~~~
compilation terminated.
configure:4365: $? = 1
configure: failed program was:
| /* confdefs.h */
| #define PACKAGE_NAME "portmidi"
| #define PACKAGE_TARNAME "portmidi"
| #define PACKAGE_VERSION "0.1"
| #define PACKAGE_STRING "portmidi 0.1"
| #define PACKAGE_BUGREPORT ""
| #define PACKAGE_URL ""
| #define PACKAGE "portmidi"
| #define VERSION "0.1"
| /* end confdefs.h.  */
| #include <ac_nonexistent.h>
configure:4390: result: g++ -E
configure:4410: g++ -E  conftest.cpp
configure:4410: $? = 0
configure:4424: g++ -E  conftest.cpp
conftest.cpp:11:10: fatal error: ac_nonexistent.h: No such file or directory
 #include <ac_nonexistent.h>
          ^~~~~~~~~~~~~~~~~~
compilation terminated.
configure:4424: $? = 1
configure: failed program was:
| /* confdefs.h */
| #define PACKAGE_NAME "portmidi"
| #define PACKAGE_TARNAME "portmidi"
| #define PACKAGE_VERSION "0.1"
| #define PACKAGE_STRING "portmidi 0.1"
| #define PACKAGE_BUGREPORT ""
| #define PACKAGE_URL ""
| #define PACKAGE "portmidi"
| #define VERSION "0.1"
| /* end confdefs.h.  */
| #include <ac_nonexistent.h>
configure:4500: checking for ranlib
configure:4516: found /usr/bin/ranlib
configure:4527: result: ranlib
configure:4581: checking CFLAGS for strict prototypes
configure:4608: gcc -c  -pedantic  -fstrict-prototypes -Wstrict-prototypes  conftest.c >&5
gcc: error: unrecognized command line option '-fstrict-prototypes'; did you mean '-Wstrict-prototypes'?
configure:4608: $? = 1
configure: failed program was:
| /* confdefs.h */
| #define PACKAGE_NAME "portmidi"
| #define PACKAGE_TARNAME "portmidi"
| #define PACKAGE_VERSION "0.1"
| #define PACKAGE_STRING "portmidi 0.1"
| #define PACKAGE_BUGREPORT ""
| #define PACKAGE_URL ""
| #define PACKAGE "portmidi"
| #define VERSION "0.1"
| #define INSTALL_PREFIX "/usr/local"
| /* end confdefs.h.  */
| 
| int
| main ()
| {
| return 0;
|   ;
|   return 0;
| }
configure:4608: gcc -c  -pedantic  -Wstrict-prototypes  conftest.c >&5
conftest.c:14:1: warning: function declaration isn't a prototype [-Wstrict-prototypes]
 main ()
 ^~~~
configure:4608: $? = 0
configure:4630: gcc -c  -pedantic  -Wstrict-prototypes  conftest.c >&5
conftest.c:14:1: warning: function declaration isn't a prototype [-Wstrict-prototypes]
 main ()
 ^~~~
configure:4630: $? = 0
configure:4650: result: -Wstrict-prototypes
configure:4663: : CFLAGS="$CFLAGS $ac_cv_cflags_strict_prototypes"
configure:4666: $? = 0
configure:4674: checking wall_flags for maximum warnings
configure:4701: gcc -c  -Wstrict-prototypes -pedantic  -Wall  conftest.c >&5
conftest.c:14:1: warning: function declaration isn't a prototype [-Wstrict-prototypes]
 main ()
 ^~~~
configure:4701: $? = 0
configure:4715: result: -Wall
configure:4728: : wall_flags="$wall_flags $ac_cv_cflags_warn_all"
configure:4731: $? = 0
configure:4739: checking for a sed that does not truncate output
configure:4803: result: /bin/sed
configure:4816: checking whether the C++ compiler accepts the  -Wall flag
configure:4845: g++ -c   -Wall  conftest.cpp >&5
configure:4845: $? = 0
configure:4868: result: yes
configure:4894: checking whether the C++ preprocessor accepts the  -Wall flag
configure:4923: g++ -E  conftest.cpp
configure:4923: $? = 0
configure:4946: result: yes
configure:4968: checking for strchr
configure:4968: g++ -o conftest   -Wall   -Wall  conftest.cpp  >&5
conftest.cpp:35:6: warning: declaration of 'char strchr()' conflicts with built-in declaration 'char* strchr(const char*, int)' [-Wbuiltin-declaration-mismatch]
 char strchr ();
      ^~~~~~
configure:4968: $? = 0
configure:4968: result: yes
configure:4968: checking for memmove
configure:4968: g++ -o conftest   -Wall   -Wall  conftest.cpp  >&5
conftest.cpp:36:6: warning: declaration of 'char memmove()' conflicts with built-in declaration 'void* memmove(void*, const void*, long unsigned int)' [-Wbuiltin-declaration-mismatch]
 char memmove ();
      ^~~~~~~
configure:4968: $? = 0
configure:4968: result: yes
configure:4977: checking for grep that handles long lines and -e
configure:5035: result: /bin/grep
configure:5040: checking for egrep
configure:5102: result: /bin/grep -E
configure:5107: checking for ANSI C header files
configure:5127: g++ -c   -Wall   -Wall conftest.cpp >&5
configure:5127: $? = 0
configure:5200: g++ -o conftest   -Wall   -Wall  conftest.cpp  >&5
configure:5200: $? = 0
configure:5200: ./conftest
configure:5200: $? = 0
configure:5211: result: yes
configure:5224: checking for sys/types.h
configure:5224: g++ -c   -Wall   -Wall conftest.cpp >&5
configure:5224: $? = 0
configure:5224: result: yes
configure:5224: checking for sys/stat.h
configure:5224: g++ -c   -Wall   -Wall conftest.cpp >&5
configure:5224: $? = 0
configure:5224: result: yes
configure:5224: checking for stdlib.h
configure:5224: g++ -c   -Wall   -Wall conftest.cpp >&5
configure:5224: $? = 0
configure:5224: result: yes
configure:5224: checking for string.h
configure:5224: g++ -c   -Wall   -Wall conftest.cpp >&5
configure:5224: $? = 0
configure:5224: result: yes
configure:5224: checking for memory.h
configure:5224: g++ -c   -Wall   -Wall conftest.cpp >&5
configure:5224: $? = 0
configure:5224: result: yes
configure:5224: checking for strings.h
configure:5224: g++ -c   -Wall   -Wall conftest.cpp >&5
configure:5224: $? = 0
configure:5224: result: yes
configure:5224: checking for inttypes.h
configure:5224: g++ -c   -Wall   -Wall conftest.cpp >&5
configure:5224: $? = 0
configure:5224: result: yes
configure:5224: checking for stdint.h
configure:5224: g++ -c   -Wall   -Wall conftest.cpp >&5
configure:5224: $? = 0
configure:5224: result: yes
configure:5224: checking for unistd.h
configure:5224: g++ -c   -Wall   -Wall conftest.cpp >&5
configure:5224: $? = 0
configure:5224: result: yes
configure:5238: checking for stdlib.h
configure:5238: result: yes
configure:5248: checking for GNU libc compatible malloc
configure:5272: g++ -o conftest   -Wall   -Wall  conftest.cpp  >&5
configure:5272: $? = 0
configure:5272: ./conftest
configure:5272: $? = 0
configure:5282: result: yes
configure:5303: checking for stdbool.h that conforms to C99
configure:5370: g++ -c   -Wall   -Wall conftest.cpp >&5
conftest.cpp:29:15: error: expected unqualified-id before string constant
               "error: bool is not defined"
               ^~~~~~~~~~~~~~~~~~~~~~~~~~~~
conftest.cpp:47:48: error: 's' does not name a type
              struct s { _Bool s: 1; _Bool t; } s;
                                                ^
conftest.cpp:57:28: error: 's' was not declared in this scope
              char i[sizeof s.t];
                            ^
conftest.cpp: In function 'int main()':
conftest.cpp:75:24: error: 's' was not declared in this scope
              bool e = &s;
                        ^
conftest.cpp:79:63: error: 'i' was not declared in this scope
              return (!a + !b + !c + !d + !e + !f + !g + !h + !i + !!j + !k + !!l
                                                               ^
conftest.cpp:80:25: warning: enum constant in boolean context [-Wint-in-bool-context]
                         ^
configure:5370: $? = 1
configure: failed program was:
| /* confdefs.h */
| #define PACKAGE_NAME "portmidi"
| #define PACKAGE_TARNAME "portmidi"
| #define PACKAGE_VERSION "0.1"
| #define PACKAGE_STRING "portmidi 0.1"
| #define PACKAGE_BUGREPORT ""
| #define PACKAGE_URL ""
| #define PACKAGE "portmidi"
| #define VERSION "0.1"
| #define INSTALL_PREFIX "/usr/local"
| #define HAVE_STRCHR 1
| #define HAVE_MEMMOVE 1
| #define STDC_HEADERS 1
| #define HAVE_SYS_TYPES_H 1
| #define HAVE_SYS_STAT_H 1
| #define HAVE_STDLIB_H 1
| #define HAVE_STRING_H 1
| #define HAVE_MEMORY_H 1
| #define HAVE_STRINGS_H 1
| #define HAVE_INTTYPES_H 1
| #define HAVE_STDINT_H 1
| #define HAVE_UNISTD_H 1
| #define HAVE_STDLIB_H 1
| #define HAVE_MALLOC 1
| /* end confdefs.h.  */
| 
|              #include <stdbool.h>
|              #ifndef bool
|               "error: bool is not defined"
|              #endif
|              #ifndef false
|               "error: false is not defined"
|              #endif
|              #if false
|               "error: false is not 0"
|              #endif
|              #ifndef true
|               "error: true is not defined"
|              #endif
|              #if true != 1
|               "error: true is not 1"
|              #endif
|              #ifndef __bool_true_false_are_defined
|               "error: __bool_true_false_are_defined is not defined"
|              #endif
| 
|              struct s { _Bool s: 1; _Bool t; } s;
| 
|              char a[true == 1 ? 1 : -1];
|              char b[false == 0 ? 1 : -1];
|              char c[__bool_true_false_are_defined == 1 ? 1 : -1];
|              char d[(bool) 0.5 == true ? 1 : -1];
|              /* See body of main program for 'e'.  */
|              char f[(_Bool) 0.0 == false ? 1 : -1];
|              char g[true];
|              char h[sizeof (_Bool)];
|              char i[sizeof s.t];
|              enum { j = false, k = true, l = false * true, m = true * 256 };
|              /* The following fails for
|                 HP aC++/ANSI C B3910B A.05.55 [Dec 04 2003]. */
|              _Bool n[m];
|              char o[sizeof n == m * sizeof n[0] ? 1 : -1];
|              char p[-1 - (_Bool) 0 < 0 && -1 - (bool) 0 < 0 ? 1 : -1];
|              /* Catch a bug in an HP-UX C compiler.  See
|                 http://gcc.gnu.org/ml/gcc-patches/2003-12/msg02303.html
|                 http://lists.gnu.org/archive/html/bug-coreutils/2005-11/msg00161.html
|               */
|              _Bool q = true;
|              _Bool *pq = &q;
| 
| int
| main ()
| {
| 
|              bool e = &s;
|              *pq |= q;
|              *pq |= ! q;
|              /* Refer to every declared value, to avoid compiler optimizations.  */
|              return (!a + !b + !c + !d + !e + !f + !g + !h + !i + !!j + !k + !!l
|                      + !m + !n + !o + !p + !q + !pq);
| 
|   ;
|   return 0;
| }
configure:5377: result: no
configure:5379: checking for _Bool
configure:5379: g++ -c   -Wall   -Wall conftest.cpp >&5
conftest.cpp: In function 'int main()':
conftest.cpp:62:13: error: '_Bool' was not declared in this scope
 if (sizeof (_Bool))
             ^~~~~
conftest.cpp:62:13: note: suggested alternative: 'bool'
 if (sizeof (_Bool))
             ^~~~~
             bool
configure:5379: $? = 1
configure: failed program was:
| /* confdefs.h */
| #define PACKAGE_NAME "portmidi"
| #define PACKAGE_TARNAME "portmidi"
| #define PACKAGE_VERSION "0.1"
| #define PACKAGE_STRING "portmidi 0.1"
| #define PACKAGE_BUGREPORT ""
| #define PACKAGE_URL ""
| #define PACKAGE "portmidi"
| #define VERSION "0.1"
| #define INSTALL_PREFIX "/usr/local"
| #define HAVE_STRCHR 1
| #define HAVE_MEMMOVE 1
| #define STDC_HEADERS 1
| #define HAVE_SYS_TYPES_H 1
| #define HAVE_SYS_STAT_H 1
| #define HAVE_STDLIB_H 1
| #define HAVE_STRING_H 1
| #define HAVE_MEMORY_H 1
| #define HAVE_STRINGS_H 1
| #define HAVE_INTTYPES_H 1
| #define HAVE_STDINT_H 1
| #define HAVE_UNISTD_H 1
| #define HAVE_STDLIB_H 1
| #define HAVE_MALLOC 1
| /* end confdefs.h.  */
| #include <stdio.h>
| #ifdef HAVE_SYS_TYPES_H
| # include <sys/types.h>
| #endif
| #ifdef HAVE_SYS_STAT_H
| # include <sys/stat.h>
| #endif
| #ifdef STDC_HEADERS
| # include <stdlib.h>
| # include <stddef.h>
| #else
| # ifdef HAVE_STDLIB_H
| #  include <stdlib.h>
| # endif
| #endif
| #ifdef HAVE_STRING_H
| # if !defined STDC_HEADERS && defined HAVE_MEMORY_H
| #  include <memory.h>
| # endif
| # include <string.h>
| #endif
| #ifdef HAVE_STRINGS_H
| # include <strings.h>
| #endif
| #ifdef HAVE_INTTYPES_H
| # include <inttypes.h>
| #endif
| #ifdef HAVE_STDINT_H
| # include <stdint.h>
| #endif
| #ifdef HAVE_UNISTD_H
| # include <unistd.h>
| #endif
| int
| main ()
| {
| if (sizeof (_Bool))
| 	 return 0;
|   ;
|   return 0;
| }
configure:5379: result: no
configure:5397: checking for ANSI C header files
configure:5501: result: yes
configure:5512: checking for stdlib.h
configure:5512: result: yes
configure:5512: checking assert.h usability
configure:5512: g++ -c   -Wall   -Wall conftest.cpp >&5
configure:5512: $? = 0
configure:5512: result: yes
configure:5512: checking assert.h presence
configure:5512: g++ -E   -Wall conftest.cpp
configure:5512: $? = 0
configure:5512: result: yes
configure:5512: checking for assert.h
configure:5512: result: yes
configure:5512: checking for string.h
configure:5512: result: yes
configure:5512: checking alsa/asoundlib.h usability
configure:5512: g++ -c   -Wall   -Wall conftest.cpp >&5
configure:5512: $? = 0
configure:5512: result: yes
configure:5512: checking alsa/asoundlib.h presence
configure:5512: g++ -E   -Wall conftest.cpp
configure:5512: $? = 0
configure:5512: result: yes
configure:5512: checking for alsa/asoundlib.h
configure:5512: result: yes
configure:5523: checking for an ANSI C-conforming const
configure:5589: g++ -c   -Wall   -Wall conftest.cpp >&5
configure:5589: $? = 0
configure:5596: result: yes
configure:5604: checking for size_t
configure:5604: g++ -c   -Wall   -Wall conftest.cpp >&5
configure:5604: $? = 0
configure:5604: g++ -c   -Wall   -Wall conftest.cpp >&5
conftest.cpp: In function 'int main()':
conftest.cpp:67:20: error: expected primary-expression before ')' token
 if (sizeof ((size_t)))
                    ^
configure:5604: $? = 1
configure: failed program was:
| /* confdefs.h */
| #define PACKAGE_NAME "portmidi"
| #define PACKAGE_TARNAME "portmidi"
| #define PACKAGE_VERSION "0.1"
| #define PACKAGE_STRING "portmidi 0.1"
| #define PACKAGE_BUGREPORT ""
| #define PACKAGE_URL ""
| #define PACKAGE "portmidi"
| #define VERSION "0.1"
| #define INSTALL_PREFIX "/usr/local"
| #define HAVE_STRCHR 1
| #define HAVE_MEMMOVE 1
| #define STDC_HEADERS 1
| #define HAVE_SYS_TYPES_H 1
| #define HAVE_SYS_STAT_H 1
| #define HAVE_STDLIB_H 1
| #define HAVE_STRING_H 1
| #define HAVE_MEMORY_H 1
| #define HAVE_STRINGS_H 1
| #define HAVE_INTTYPES_H 1
| #define HAVE_STDINT_H 1
| #define HAVE_UNISTD_H 1
| #define HAVE_STDLIB_H 1
| #define HAVE_MALLOC 1
| #define STDC_HEADERS 1
| #define HAVE_STDLIB_H 1
| #define HAVE_ASSERT_H 1
| #define HAVE_STRING_H 1
| #define HAVE_ALSA_ASOUNDLIB_H 1
| /* end confdefs.h.  */
| #include <stdio.h>
| #ifdef HAVE_SYS_TYPES_H
| # include <sys/types.h>
| #endif
| #ifdef HAVE_SYS_STAT_H
| # include <sys/stat.h>
| #endif
| #ifdef STDC_HEADERS
| # include <stdlib.h>
| # include <stddef.h>
| #else
| # ifdef HAVE_STDLIB_H
| #  include <stdlib.h>
| # endif
| #endif
| #ifdef HAVE_STRING_H
| # if !defined STDC_HEADERS && defined HAVE_MEMORY_H
| #  include <memory.h>
| # endif
| # include <string.h>
| #endif
| #ifdef HAVE_STRINGS_H
| # include <strings.h>
| #endif
| #ifdef HAVE_INTTYPES_H
| # include <inttypes.h>
| #endif
| #ifdef HAVE_STDINT_H
| # include <stdint.h>
| #endif
| #ifdef HAVE_UNISTD_H
| # include <unistd.h>
| #endif
| int
| main ()
| {
| if (sizeof ((size_t)))
| 	    return 0;
|   ;
|   return 0;
| }
configure:5604: result: yes
configure:5767: checking that generated files are newer than configure
configure:5773: result: done
configure:5804: creating ./config.status

## ---------------------- ##
## Running config.status. ##
## ---------------------- ##

This file was extended by portmidi config.status 0.1, which was
generated by GNU Autoconf 2.69.  Invocation command line was

  CONFIG_FILES    = 
  CONFIG_HEADERS  = 
  CONFIG_LINKS    = 
  CONFIG_COMMANDS = 
  $ ./config.status 

on 2jh2xg2j

config.status:791: creating Makefile
config.status:791: creating portmidi.pc
config.status:791: creating portmidi-uninstalled.pc
config.status:948: executing depfiles commands

## ---------------- ##
## Cache variables. ##
## ---------------- ##

ac_cv_c_compiler_gnu=yes
ac_cv_c_const=yes
ac_cv_cflags_strict_prototypes=-Wstrict-prototypes
ac_cv_cflags_warn_all=-Wall
ac_cv_cxx_compiler_gnu=yes
ac_cv_env_CCC_set=
ac_cv_env_CCC_value=
ac_cv_env_CC_set=
ac_cv_env_CC_value=
ac_cv_env_CFLAGS_set=
ac_cv_env_CFLAGS_value=
ac_cv_env_CPPFLAGS_set=
ac_cv_env_CPPFLAGS_value=
ac_cv_env_CXXCPP_set=
ac_cv_env_CXXCPP_value=
ac_cv_env_CXXFLAGS_set=
ac_cv_env_CXXFLAGS_value=
ac_cv_env_CXX_set=
ac_cv_env_CXX_value=
ac_cv_env_LDFLAGS_set=
ac_cv_env_LDFLAGS_value=
ac_cv_env_LIBS_set=
ac_cv_env_LIBS_value=
ac_cv_env_build_alias_set=
ac_cv_env_build_alias_value=
ac_cv_env_host_alias_set=
ac_cv_env_host_alias_value=
ac_cv_env_target_alias_set=
ac_cv_env_target_alias_value=
ac_cv_func_malloc_0_nonnull=yes
ac_cv_func_memmove=yes
ac_cv_func_strchr=yes
ac_cv_header_alsa_asoundlib_h=yes
ac_cv_header_assert_h=yes
ac_cv_header_inttypes_h=yes
ac_cv_header_memory_h=yes
ac_cv_header_stdbool_h=no
ac_cv_header_stdc=yes
ac_cv_header_stdint_h=yes
ac_cv_header_stdlib_h=yes
ac_cv_header_string_h=yes
ac_cv_header_strings_h=yes
ac_cv_header_sys_stat_h=yes
ac_cv_header_sys_types_h=yes
ac_cv_header_unistd_h=yes
ac_cv_objext=o
ac_cv_path_EGREP='/bin/grep -E'
ac_cv_path_GREP=/bin/grep
ac_cv_path_SED=/bin/sed
ac_cv_path_install='/usr/bin/install -c'
ac_cv_path_mkdir=/bin/mkdir
ac_cv_prog_AWK=gawk
ac_cv_prog_CXXCPP='g++ -E'
ac_cv_prog_ac_ct_CC=gcc
ac_cv_prog_ac_ct_CXX=g++
ac_cv_prog_ac_ct_RANLIB=ranlib
ac_cv_prog_cc_c89=
ac_cv_prog_cc_g=yes
ac_cv_prog_cxx_g=yes
ac_cv_prog_make_make_set=yes
ac_cv_type__Bool=no
ac_cv_type_size_t=yes
am_cv_CC_dependencies_compiler_type=gcc3
am_cv_CXX_dependencies_compiler_type=gcc3
am_cv_make_support_nested_variables=yes
am_cv_prog_cc_c_o=yes
ax_cv_cxx_check_flag___Wall=yes
ax_cv_cxxcpp_check_flag___Wall=yes

## ----------------- ##
## Output variables. ##
## ----------------- ##

ACLOCAL='${SHELL} /home/user/projects/audacity-speech-tagger/audacity-minsrc-2.3.3/lib-src/portmidi/autotools/missing aclocal-1.14'
AMDEPBACKSLASH='\'
AMDEP_FALSE='#'
AMDEP_TRUE=''
AMTAR='$${TAR-tar}'
AM_BACKSLASH='\'
AM_DEFAULT_V='$(AM_DEFAULT_VERBOSITY)'
AM_DEFAULT_VERBOSITY='1'
AM_V='$(V)'
AUTOCONF='${SHELL} /home/user/projects/audacity-speech-tagger/audacity-minsrc-2.3.3/lib-src/portmidi/autotools/missing autoconf'
AUTOHEADER='${SHELL} /home/user/projects/audacity-speech-tagger/audacity-minsrc-2.3.3/lib-src/portmidi/autotools/missing autoheader'
AUTOMAKE='${SHELL} /home/user/projects/audacity-speech-tagger/audacity-minsrc-2.3.3/lib-src/portmidi/autotools/missing automake-1.14'
AWK='gawk'
CC='gcc'
CCDEPMODE='depmode=gcc3'
CFLAGS=' -Wstrict-prototypes  -Wall'
CPPFLAGS='  -Wall'
CXX='g++'
CXXCPP='g++ -E'
CXXDEPMODE='depmode=gcc3'
CXXFLAGS='  -Wall'
CYGPATH_W='echo'
DEFS='-DPACKAGE_NAME=\"portmidi\" -DPACKAGE_TARNAME=\"portmidi\" -DPACKAGE_VERSION=\"0.1\" -DPACKAGE_STRING=\"portmidi\ 0.1\" -DPACKAGE_BUGREPORT=\"\" -DPACKAGE_URL=\"\" -DPACKAGE=\"portmidi\" -DVERSION=\"0.1\" -DINSTALL_PREFIX=\"/usr/local\" -DHAVE_STRCHR=1 -DHAVE_MEMMOVE=1 -DSTDC_HEADERS=1 -DHAVE_SYS_TYPES_H=1 -DHAVE_SYS_STAT_H=1 -DHAVE_STDLIB_H=1 -DHAVE_STRING_H=1 -DHAVE_MEMORY_H=1 -DHAVE_STRINGS_H=1 -DHAVE_INTTYPES_H=1 -DHAVE_STDINT_H=1 -DHAVE_UNISTD_H=1 -DHAVE_STDLIB_H=1 -DHAVE_MALLOC=1 -DSTDC_HEADERS=1 -DHAVE_STDLIB_H=1 -DHAVE_ASSERT_H=1 -DHAVE_STRING_H=1 -DHAVE_ALSA_ASOUNDLIB_H=1 -DPMALSA=1'
DEPDIR='.deps'
ECHO_C=''
ECHO_N='-n'
ECHO_T=''
EGREP='/bin/grep -E'
EXEEXT=''
GREP='/bin/grep'
INSTALL_DATA='${INSTALL} -m 644'
INSTALL_PROGRAM='${INSTALL}'
INSTALL_SCRIPT='${INSTALL}'
INSTALL_STRIP_PROGRAM='$(install_sh) -c -s'
LDFLAGS=''
LIBOBJS=''
LIBS=''
LTLIBOBJS=''
MAINT='#'
MAINTAINER_MODE_FALSE=''
MAINTAINER_MODE_TRUE='#'
MAKEINFO='${SHELL} /home/user/projects/audacity-speech-tagger/audacity-minsrc-2.3.3/lib-src/portmidi/autotools/missing makeinfo'
MKDIR_P='/bin/mkdir -p'
OBJEXT='o'
PACKAGE='portmidi'
PACKAGE_BUGREPORT=''
PACKAGE_NAME='portmidi'
PACKAGE_STRING='portmidi 0.1'
PACKAGE_TARNAME='portmidi'
PACKAGE_URL=''
PACKAGE_VERSION='0.1'
PATH_SEPARATOR=':'
RANLIB='ranlib'
SED='/bin/sed'
SET_MAKE=''
SHELL='/bin/bash'
STRIP=''
VERSION='0.1'
ac_ct_CC='gcc'
ac_ct_CXX='g++'
am__EXEEXT_FALSE=''
am__EXEEXT_TRUE='#'
am__fastdepCC_FALSE='#'
am__fastdepCC_TRUE=''
am__fastdepCXX_FALSE='#'
am__fastdepCXX_TRUE=''
am__include='include'
am__isrc=' -I$(srcdir)'
am__leading_dot='.'
am__nodep='_no'
am__quote=''
am__tar='$${TAR-tar} chof - "$$tardir"'
am__untar='$${TAR-tar} xf -'
bindir='${exec_prefix}/bin'
build_alias=''
datadir='${datarootdir}'
datarootdir='${prefix}/share'
docdir='${datarootdir}/doc/${PACKAGE_TARNAME}'
dvidir='${docdir}'
exec_prefix='${prefix}'
host_alias=''
htmldir='${docdir}'
includedir='${prefix}/include'
infodir='${datarootdir}/info'
install_sh='${SHELL} /home/user/projects/audacity-speech-tagger/audacity-minsrc-2.3.3/lib-src/portmidi/autotools/install-sh'
libdir='${exec_prefix}/lib'
libexecdir='${exec_prefix}/libexec'
localedir='${datarootdir}/locale'
localstatedir='${prefix}/var'
mandir='${datarootdir}/man'
mkdir_p='$(MKDIR_P)'
oldincludedir='/usr/include'
pdfdir='${docdir}'
prefix='/usr/local'
program_transform_name='s,x,x,'
psdir='${docdir}'
sbindir='${exec_prefix}/sbin'
sharedstatedir='${prefix}/com'
sysconfdir='${prefix}/etc'
target_alias=''

## ----------- ##
## confdefs.h. ##
## ----------- ##

/* confdefs.h */
#define PACKAGE_NAME "portmidi"
#define PACKAGE_TARNAME "portmidi"
#define PACKAGE_VERSION "0.1"
#define PACKAGE_STRING "portmidi 0.1"
#define PACKAGE_BUGREPORT ""
#define PACKAGE_URL ""
#define PACKAGE "portmidi"
#define VERSION "0.1"
#define INSTALL_PREFIX "/usr/local"
#define HAVE_STRCHR 1
#define HAVE_MEMMOVE 1
#define STDC_HEADERS 1
#define HAVE_SYS_TYPES_H 1
#define HAVE_SYS_STAT_H 1
#define HAVE_STDLIB_H 1
#define HAVE_STRING_H 1
#define HAVE_MEMORY_H 1
#define HAVE_STRINGS_H 1
#define HAVE_INTTYPES_H 1
#define HAVE_STDINT_H 1
#define HAVE_UNISTD_H 1
#define HAVE_STDLIB_H 1
#define HAVE_MALLOC 1
#define STDC_HEADERS 1
#define HAVE_STDLIB_H 1
#define HAVE_ASSERT_H 1
#define HAVE_STRING_H 1
#define HAVE_ALSA_ASOUNDLIB_H 1
#define PMALSA 1

configure: exit 0
