This file contains any messages produced by compilers while
running configure, to aid debugging if configure makes a mistake.

It was created by mod-script-pipe configure 1.0, which was
generated by GNU Autoconf 2.69.  Invocation command line was

  $ ../../../lib-src/mod-script-pipe/configure --disable-option-checking --prefix=/usr/local/ --with-lib-preference=local system --with-ffmpeg=system --disable-dynamic-loading --with-mod-script-pipe --with-wx-config=/usr/bin/wx-config --enable-static=yes --enable-shared=no --disable-xmms-plugin --disable-doxygen-docs --disable-thorough-tests --disable-programs --disable-sqlite --disable-external-libs --disable-alsa --disable-programs --disable-programs PORTAUDIO_CFLAGS=-I/home/user/projects/audacity-speech-tagger/audacity-minsrc-2.3.3/build/../lib-src/portaudio-v19/include PORTAUDIO_LIBS=/home/user/projects/audacity-speech-tagger/audacity-minsrc-2.3.3/build/../lib-src/portaudio-v19/lib/libportaudio.la --cache-file=/dev/null --srcdir=../../../lib-src/mod-script-pipe

## --------- ##
## Platform. ##
## --------- ##

hostname = 2jh2xg2j
uname -m = x86_64
uname -r = 4.15.0-96-generic
uname -s = Linux
uname -v = #97-Ubuntu SMP Wed Apr 1 03:25:46 UTC 2020

/usr/bin/uname -p = unknown
/bin/uname -X     = unknown

/bin/arch              = unknown
/usr/bin/arch -k       = unknown
/usr/convex/getsysinfo = unknown
/usr/bin/hostinfo      = unknown
/bin/machine           = unknown
/usr/bin/oslevel       = unknown
/bin/universe          = unknown

PATH: /home/user/anaconda3/envs/py36/bin
PATH: /home/user/.rbenv/plugins/ruby-build/bin
PATH: /home/user/.rbenv/shims
PATH: /home/user/.rbenv/bin
PATH: /home/user/gems/bin
PATH: /home/user/anaconda3/bin
PATH: /usr/local/bin
PATH: /home/user/bin
PATH: /home/user/.local/bin
PATH: /usr/local/sbin
PATH: /usr/local/bin
PATH: /usr/sbin
PATH: /usr/bin
PATH: /sbin
PATH: /bin
PATH: /usr/games
PATH: /usr/local/games
PATH: /snap/bin
PATH: /usr/lib/jvm/java-8-oracle/bin
PATH: /usr/lib/jvm/java-8-oracle/db/bin
PATH: /usr/lib/jvm/java-8-oracle/jre/bin
PATH: /usr/share/logtalk/tools/lgtdoc/xml
PATH: /usr/share/logtalk/scripts
PATH: /usr/share/logtalk/integration


## ----------- ##
## Core tests. ##
## ----------- ##

configure:2357: checking for g++
configure:2373: found /usr/bin/g++
configure:2384: result: g++
configure:2411: checking for C++ compiler version
configure:2420: g++ --version >&5
g++ (Ubuntu 7.5.0-3ubuntu1~18.04) 7.5.0
Copyright (C) 2017 Free Software Foundation, Inc.
This is free software; see the source for copying conditions.  There is NO
warranty; not even for MERCHANTABILITY or FITNESS FOR A PARTICULAR PURPOSE.

configure:2431: $? = 0
configure:2420: g++ -v >&5
Using built-in specs.
COLLECT_GCC=g++
COLLECT_LTO_WRAPPER=/usr/lib/gcc/x86_64-linux-gnu/7/lto-wrapper
OFFLOAD_TARGET_NAMES=nvptx-none
OFFLOAD_TARGET_DEFAULT=1
Target: x86_64-linux-gnu
Configured with: ../src/configure -v --with-pkgversion='Ubuntu 7.5.0-3ubuntu1~18.04' --with-bugurl=file:///usr/share/doc/gcc-7/README.Bugs --enable-languages=c,ada,c++,go,brig,d,fortran,objc,obj-c++ --prefix=/usr --with-gcc-major-version-only --program-suffix=-7 --program-prefix=x86_64-linux-gnu- --enable-shared --enable-linker-build-id --libexecdir=/usr/lib --without-included-gettext --enable-threads=posix --libdir=/usr/lib --enable-nls --enable-bootstrap --enable-clocale=gnu --enable-libstdcxx-debug --enable-libstdcxx-time=yes --with-default-libstdcxx-abi=new --enable-gnu-unique-object --disable-vtable-verify --enable-libmpx --enable-plugin --enable-default-pie --with-system-zlib --with-target-system-zlib --enable-objc-gc=auto --enable-multiarch --disable-werror --with-arch-32=i686 --with-abi=m64 --with-multilib-list=m32,m64,mx32 --enable-multilib --with-tune=generic --enable-offload-targets=nvptx-none --without-cuda-driver --enable-checking=release --build=x86_64-linux-gnu --host=x86_64-linux-gnu --target=x86_64-linux-gnu
Thread model: posix
gcc version 7.5.0 (Ubuntu 7.5.0-3ubuntu1~18.04) 
configure:2431: $? = 0
configure:2420: g++ -V >&5
g++: error: unrecognized command line option '-V'
g++: fatal error: no input files
compilation terminated.
configure:2431: $? = 1
configure:2420: g++ -qversion >&5
g++: error: unrecognized command line option '-qversion'; did you mean '--version'?
g++: fatal error: no input files
compilation terminated.
configure:2431: $? = 1
configure:2451: checking whether the C++ compiler works
configure:2473: g++    conftest.cpp  >&5
configure:2477: $? = 0
configure:2525: result: yes
configure:2528: checking for C++ compiler default output file name
configure:2530: result: a.out
configure:2536: checking for suffix of executables
configure:2543: g++ -o conftest    conftest.cpp  >&5
configure:2547: $? = 0
configure:2569: result: 
configure:2591: checking whether we are cross compiling
configure:2599: g++ -o conftest    conftest.cpp  >&5
configure:2603: $? = 0
configure:2610: ./conftest
configure:2614: $? = 0
configure:2629: result: no
configure:2634: checking for suffix of object files
configure:2656: g++ -c   conftest.cpp >&5
configure:2660: $? = 0
configure:2681: result: o
configure:2685: checking whether we are using the GNU C++ compiler
configure:2704: g++ -c   conftest.cpp >&5
configure:2704: $? = 0
configure:2713: result: yes
configure:2722: checking whether g++ accepts -g
configure:2742: g++ -c -g  conftest.cpp >&5
configure:2742: $? = 0
configure:2783: result: yes
configure:2814: checking whether g++ supports C++11 features by default
configure:3108: g++ -c -g -O2  conftest.cpp >&5
configure:3108: $? = 0
configure:3115: result: yes
configure:3802: checking for a BSD-compatible install
configure:3870: result: /usr/bin/install -c
configure:3881: checking whether build environment is sane
configure:3936: result: yes
configure:4087: checking for a thread-safe mkdir -p
configure:4126: result: /bin/mkdir -p
configure:4133: checking for gawk
configure:4149: found /usr/bin/gawk
configure:4160: result: gawk
configure:4171: checking whether make sets $(MAKE)
configure:4193: result: yes
configure:4223: checking for style of include used by make
configure:4251: result: GNU
configure:4285: checking whether make supports nested variables
configure:4302: result: yes
configure:4387: checking dependency style of g++
configure:4498: result: gcc3
configure:4556: checking whether to enable maintainer-specific portions of Makefiles
configure:4565: result: no
configure:4694: checking for C++ compiler version
configure:4703: g++ --version >&5
g++ (Ubuntu 7.5.0-3ubuntu1~18.04) 7.5.0
Copyright (C) 2017 Free Software Foundation, Inc.
This is free software; see the source for copying conditions.  There is NO
warranty; not even for MERCHANTABILITY or FITNESS FOR A PARTICULAR PURPOSE.

configure:4714: $? = 0
configure:4703: g++ -v >&5
Using built-in specs.
COLLECT_GCC=g++
COLLECT_LTO_WRAPPER=/usr/lib/gcc/x86_64-linux-gnu/7/lto-wrapper
OFFLOAD_TARGET_NAMES=nvptx-none
OFFLOAD_TARGET_DEFAULT=1
Target: x86_64-linux-gnu
Configured with: ../src/configure -v --with-pkgversion='Ubuntu 7.5.0-3ubuntu1~18.04' --with-bugurl=file:///usr/share/doc/gcc-7/README.Bugs --enable-languages=c,ada,c++,go,brig,d,fortran,objc,obj-c++ --prefix=/usr --with-gcc-major-version-only --program-suffix=-7 --program-prefix=x86_64-linux-gnu- --enable-shared --enable-linker-build-id --libexecdir=/usr/lib --without-included-gettext --enable-threads=posix --libdir=/usr/lib --enable-nls --enable-bootstrap --enable-clocale=gnu --enable-libstdcxx-debug --enable-libstdcxx-time=yes --with-default-libstdcxx-abi=new --enable-gnu-unique-object --disable-vtable-verify --enable-libmpx --enable-plugin --enable-default-pie --with-system-zlib --with-target-system-zlib --enable-objc-gc=auto --enable-multiarch --disable-werror --with-arch-32=i686 --with-abi=m64 --with-multilib-list=m32,m64,mx32 --enable-multilib --with-tune=generic --enable-offload-targets=nvptx-none --without-cuda-driver --enable-checking=release --build=x86_64-linux-gnu --host=x86_64-linux-gnu --target=x86_64-linux-gnu
Thread model: posix
gcc version 7.5.0 (Ubuntu 7.5.0-3ubuntu1~18.04) 
configure:4714: $? = 0
configure:4703: g++ -V >&5
g++: error: unrecognized command line option '-V'
g++: fatal error: no input files
compilation terminated.
configure:4714: $? = 1
configure:4703: g++ -qversion >&5
g++: error: unrecognized command line option '-qversion'; did you mean '--version'?
g++: fatal error: no input files
compilation terminated.
configure:4714: $? = 1
configure:4718: checking whether we are using the GNU C++ compiler
configure:4746: result: yes
configure:4755: checking whether g++ accepts -g
configure:4816: result: yes
configure:4887: checking for gcc
configure:4903: found /usr/bin/gcc
configure:4914: result: gcc
configure:5143: checking for C compiler version
configure:5152: gcc --version >&5
gcc (Ubuntu 7.5.0-3ubuntu1~18.04) 7.5.0
Copyright (C) 2017 Free Software Foundation, Inc.
This is free software; see the source for copying conditions.  There is NO
warranty; not even for MERCHANTABILITY or FITNESS FOR A PARTICULAR PURPOSE.

configure:5163: $? = 0
configure:5152: gcc -v >&5
Using built-in specs.
COLLECT_GCC=gcc
COLLECT_LTO_WRAPPER=/usr/lib/gcc/x86_64-linux-gnu/7/lto-wrapper
OFFLOAD_TARGET_NAMES=nvptx-none
OFFLOAD_TARGET_DEFAULT=1
Target: x86_64-linux-gnu
Configured with: ../src/configure -v --with-pkgversion='Ubuntu 7.5.0-3ubuntu1~18.04' --with-bugurl=file:///usr/share/doc/gcc-7/README.Bugs --enable-languages=c,ada,c++,go,brig,d,fortran,objc,obj-c++ --prefix=/usr --with-gcc-major-version-only --program-suffix=-7 --program-prefix=x86_64-linux-gnu- --enable-shared --enable-linker-build-id --libexecdir=/usr/lib --without-included-gettext --enable-threads=posix --libdir=/usr/lib --enable-nls --enable-bootstrap --enable-clocale=gnu --enable-libstdcxx-debug --enable-libstdcxx-time=yes --with-default-libstdcxx-abi=new --enable-gnu-unique-object --disable-vtable-verify --enable-libmpx --enable-plugin --enable-default-pie --with-system-zlib --with-target-system-zlib --enable-objc-gc=auto --enable-multiarch --disable-werror --with-arch-32=i686 --with-abi=m64 --with-multilib-list=m32,m64,mx32 --enable-multilib --with-tune=generic --enable-offload-targets=nvptx-none --without-cuda-driver --enable-checking=release --build=x86_64-linux-gnu --host=x86_64-linux-gnu --target=x86_64-linux-gnu
Thread model: posix
gcc version 7.5.0 (Ubuntu 7.5.0-3ubuntu1~18.04) 
configure:5163: $? = 0
configure:5152: gcc -V >&5
gcc: error: unrecognized command line option '-V'
gcc: fatal error: no input files
compilation terminated.
configure:5163: $? = 1
configure:5152: gcc -qversion >&5
gcc: error: unrecognized command line option '-qversion'; did you mean '--version'?
gcc: fatal error: no input files
compilation terminated.
configure:5163: $? = 1
configure:5167: checking whether we are using the GNU C compiler
configure:5186: gcc -c   conftest.c >&5
configure:5186: $? = 0
configure:5195: result: yes
configure:5204: checking whether gcc accepts -g
configure:5224: gcc -c -g  conftest.c >&5
configure:5224: $? = 0
configure:5265: result: yes
configure:5282: checking for gcc option to accept ISO C89
configure:5345: gcc  -c -g -O2  conftest.c >&5
configure:5345: $? = 0
configure:5358: result: none needed
configure:5383: checking whether gcc understands -c and -o together
configure:5405: gcc -c conftest.c -o conftest2.o
configure:5408: $? = 0
configure:5405: gcc -c conftest.c -o conftest2.o
configure:5408: $? = 0
configure:5420: result: yes
configure:5439: checking dependency style of gcc
configure:5550: result: gcc3
configure:5615: checking for ar
configure:5631: found /usr/bin/ar
configure:5642: result: ar
configure:5668: checking the archiver (ar) interface
configure:5684: gcc -c -g -O2  conftest.c >&5
configure:5684: $? = 0
configure:5686: ar cru libconftest.a conftest.o >&5
ar: `u' modifier ignored since `D' is the default (see `U')
configure:5689: $? = 0
configure:5717: result: ar
configure:5767: checking build system type
configure:5781: result: x86_64-unknown-linux-gnu
configure:5801: checking host system type
configure:5814: result: x86_64-unknown-linux-gnu
configure:5855: checking how to print strings
configure:5882: result: printf
configure:5903: checking for a sed that does not truncate output
configure:5967: result: /bin/sed
configure:5985: checking for grep that handles long lines and -e
configure:6043: result: /bin/grep
configure:6048: checking for egrep
configure:6110: result: /bin/grep -E
configure:6115: checking for fgrep
configure:6177: result: /bin/grep -F
configure:6212: checking for ld used by gcc
configure:6279: result: /usr/bin/ld
configure:6286: checking if the linker (/usr/bin/ld) is GNU ld
configure:6301: result: yes
configure:6313: checking for BSD- or MS-compatible name lister (nm)
configure:6362: result: /usr/bin/nm -B
configure:6492: checking the name lister (/usr/bin/nm -B) interface
configure:6499: gcc -c -g -O2  conftest.c >&5
configure:6502: /usr/bin/nm -B "conftest.o"
configure:6505: output
0000000000000000 B some_variable
configure:6512: result: BSD nm
configure:6515: checking whether ln -s works
configure:6519: result: yes
configure:6527: checking the maximum length of command line arguments
configure:6658: result: 1572864
configure:6675: checking whether the shell understands some XSI constructs
configure:6685: result: yes
configure:6689: checking whether the shell understands "+="
configure:6695: result: yes
configure:6730: checking how to convert x86_64-unknown-linux-gnu file names to x86_64-unknown-linux-gnu format
configure:6770: result: func_convert_file_noop
configure:6777: checking how to convert x86_64-unknown-linux-gnu file names to toolchain format
configure:6797: result: func_convert_file_noop
configure:6804: checking for /usr/bin/ld option to reload object files
configure:6811: result: -r
configure:6885: checking for objdump
configure:6901: found /usr/bin/objdump
configure:6912: result: objdump
configure:6944: checking how to recognize dependent libraries
configure:7142: result: pass_all
configure:7227: checking for dlltool
configure:7257: result: no
configure:7287: checking how to associate runtime and link libraries
configure:7314: result: printf %s\n
configure:7438: checking for archiver @FILE support
configure:7455: gcc -c -g -O2  conftest.c >&5
configure:7455: $? = 0
configure:7458: ar cru libconftest.a @conftest.lst >&5
ar: `u' modifier ignored since `D' is the default (see `U')
configure:7461: $? = 0
configure:7466: ar cru libconftest.a @conftest.lst >&5
ar: `u' modifier ignored since `D' is the default (see `U')
ar: conftest.o: No such file or directory
configure:7469: $? = 1
configure:7481: result: @
configure:7539: checking for strip
configure:7555: found /usr/bin/strip
configure:7566: result: strip
configure:7638: checking for ranlib
configure:7654: found /usr/bin/ranlib
configure:7665: result: ranlib
configure:7767: checking command to parse /usr/bin/nm -B output from gcc object
configure:7887: gcc -c -g -O2  conftest.c >&5
configure:7890: $? = 0
configure:7894: /usr/bin/nm -B conftest.o \| sed -n -e 's/^.*[ ]\([ABCDGIRSTW][ABCDGIRSTW]*\)[ ][ ]*\([_A-Za-z][_A-Za-z0-9]*\)$/\1 \2 \2/p' | sed '/ __gnu_lto/d' \> conftest.nm
configure:7897: $? = 0
configure:7963: gcc -o conftest -g -O2   conftest.c conftstm.o >&5
configure:7966: $? = 0
configure:8004: result: ok
configure:8041: checking for sysroot
configure:8071: result: no
configure:8148: gcc -c -g -O2  conftest.c >&5
configure:8151: $? = 0
configure:8340: checking for mt
configure:8356: found /bin/mt
configure:8367: result: mt
configure:8390: checking if mt is a manifest tool
configure:8396: mt '-?'
configure:8404: result: no
configure:9046: checking how to run the C preprocessor
configure:9077: gcc -E  conftest.c
configure:9077: $? = 0
configure:9091: gcc -E  conftest.c
conftest.c:12:10: fatal error: ac_nonexistent.h: No such file or directory
 #include <ac_nonexistent.h>
          ^~~~~~~~~~~~~~~~~~
compilation terminated.
configure:9091: $? = 1
configure: failed program was:
| /* confdefs.h */
| #define PACKAGE_NAME "mod-script-pipe"
| #define PACKAGE_TARNAME "mod-script-pipe"
| #define PACKAGE_VERSION "1.0"
| #define PACKAGE_STRING "mod-script-pipe 1.0"
| #define PACKAGE_BUGREPORT "feedback@audacityteam.org"
| #define PACKAGE_URL ""
| #define HAVE_CXX11 1
| #define PACKAGE "mod-script-pipe"
| #define VERSION "1.0"
| /* end confdefs.h.  */
| #include <ac_nonexistent.h>
configure:9116: result: gcc -E
configure:9136: gcc -E  conftest.c
configure:9136: $? = 0
configure:9150: gcc -E  conftest.c
conftest.c:12:10: fatal error: ac_nonexistent.h: No such file or directory
 #include <ac_nonexistent.h>
          ^~~~~~~~~~~~~~~~~~
compilation terminated.
configure:9150: $? = 1
configure: failed program was:
| /* confdefs.h */
| #define PACKAGE_NAME "mod-script-pipe"
| #define PACKAGE_TARNAME "mod-script-pipe"
| #define PACKAGE_VERSION "1.0"
| #define PACKAGE_STRING "mod-script-pipe 1.0"
| #define PACKAGE_BUGREPORT "feedback@audacityteam.org"
| #define PACKAGE_URL ""
| #define HAVE_CXX11 1
| #define PACKAGE "mod-script-pipe"
| #define VERSION "1.0"
| /* end confdefs.h.  */
| #include <ac_nonexistent.h>
configure:9179: checking for ANSI C header files
configure:9199: gcc -c -g -O2  conftest.c >&5
configure:9199: $? = 0
configure:9272: gcc -o conftest -g -O2   conftest.c  >&5
configure:9272: $? = 0
configure:9272: ./conftest
configure:9272: $? = 0
configure:9283: result: yes
configure:9296: checking for sys/types.h
configure:9296: gcc -c -g -O2  conftest.c >&5
configure:9296: $? = 0
configure:9296: result: yes
configure:9296: checking for sys/stat.h
configure:9296: gcc -c -g -O2  conftest.c >&5
configure:9296: $? = 0
configure:9296: result: yes
configure:9296: checking for stdlib.h
configure:9296: gcc -c -g -O2  conftest.c >&5
configure:9296: $? = 0
configure:9296: result: yes
configure:9296: checking for string.h
configure:9296: gcc -c -g -O2  conftest.c >&5
configure:9296: $? = 0
configure:9296: result: yes
configure:9296: checking for memory.h
configure:9296: gcc -c -g -O2  conftest.c >&5
configure:9296: $? = 0
configure:9296: result: yes
configure:9296: checking for strings.h
configure:9296: gcc -c -g -O2  conftest.c >&5
configure:9296: $? = 0
configure:9296: result: yes
configure:9296: checking for inttypes.h
configure:9296: gcc -c -g -O2  conftest.c >&5
configure:9296: $? = 0
configure:9296: result: yes
configure:9296: checking for stdint.h
configure:9296: gcc -c -g -O2  conftest.c >&5
configure:9296: $? = 0
configure:9296: result: yes
configure:9296: checking for unistd.h
configure:9296: gcc -c -g -O2  conftest.c >&5
configure:9296: $? = 0
configure:9296: result: yes
configure:9310: checking for dlfcn.h
configure:9310: gcc -c -g -O2  conftest.c >&5
configure:9310: $? = 0
configure:9310: result: yes
configure:9525: checking for objdir
configure:9540: result: .libs
configure:9811: checking if gcc supports -fno-rtti -fno-exceptions
configure:9829: gcc -c -g -O2  -fno-rtti -fno-exceptions conftest.c >&5
cc1: warning: command line option '-fno-rtti' is valid for C++/ObjC++ but not for C
configure:9833: $? = 0
configure:9846: result: no
configure:10173: checking for gcc option to produce PIC
configure:10180: result: -fPIC -DPIC
configure:10188: checking if gcc PIC flag -fPIC -DPIC works
configure:10206: gcc -c -g -O2  -fPIC -DPIC -DPIC conftest.c >&5
configure:10210: $? = 0
configure:10223: result: yes
configure:10252: checking if gcc static flag -static works
configure:10280: result: yes
configure:10295: checking if gcc supports -c -o file.o
configure:10316: gcc -c -g -O2  -o out/conftest2.o conftest.c >&5
configure:10320: $? = 0
configure:10342: result: yes
configure:10350: checking if gcc supports -c -o file.o
configure:10397: result: yes
configure:10430: checking whether the gcc linker (/usr/bin/ld -m elf_x86_64) supports shared libraries
configure:11587: result: yes
configure:11827: checking dynamic linker characteristics
configure:12327: gcc -o conftest -g -O2   -Wl,-rpath -Wl,/foo conftest.c  >&5
configure:12327: $? = 0
configure:12561: result: GNU/Linux ld.so
configure:12668: checking how to hardcode library paths into programs
configure:12693: result: immediate
configure:13233: checking whether stripping libraries is possible
configure:13238: result: yes
configure:13273: checking if libtool supports shared libraries
configure:13275: result: yes
configure:13278: checking whether to build shared libraries
configure:13299: result: no
configure:13302: checking whether to build static libraries
configure:13306: result: yes
configure:13329: checking how to run the C++ preprocessor
configure:13356: g++ -E  conftest.cpp
configure:13356: $? = 0
configure:13370: g++ -E  conftest.cpp
conftest.cpp:24:10: fatal error: ac_nonexistent.h: No such file or directory
 #include <ac_nonexistent.h>
          ^~~~~~~~~~~~~~~~~~
compilation terminated.
configure:13370: $? = 1
configure: failed program was:
| /* confdefs.h */
| #define PACKAGE_NAME "mod-script-pipe"
| #define PACKAGE_TARNAME "mod-script-pipe"
| #define PACKAGE_VERSION "1.0"
| #define PACKAGE_STRING "mod-script-pipe 1.0"
| #define PACKAGE_BUGREPORT "feedback@audacityteam.org"
| #define PACKAGE_URL ""
| #define HAVE_CXX11 1
| #define PACKAGE "mod-script-pipe"
| #define VERSION "1.0"
| #define STDC_HEADERS 1
| #define HAVE_SYS_TYPES_H 1
| #define HAVE_SYS_STAT_H 1
| #define HAVE_STDLIB_H 1
| #define HAVE_STRING_H 1
| #define HAVE_MEMORY_H 1
| #define HAVE_STRINGS_H 1
| #define HAVE_INTTYPES_H 1
| #define HAVE_STDINT_H 1
| #define HAVE_UNISTD_H 1
| #define HAVE_DLFCN_H 1
| #define LT_OBJDIR ".libs/"
| /* end confdefs.h.  */
| #include <ac_nonexistent.h>
configure:13395: result: g++ -E
configure:13415: g++ -E  conftest.cpp
configure:13415: $? = 0
configure:13429: g++ -E  conftest.cpp
conftest.cpp:24:10: fatal error: ac_nonexistent.h: No such file or directory
 #include <ac_nonexistent.h>
          ^~~~~~~~~~~~~~~~~~
compilation terminated.
configure:13429: $? = 1
configure: failed program was:
| /* confdefs.h */
| #define PACKAGE_NAME "mod-script-pipe"
| #define PACKAGE_TARNAME "mod-script-pipe"
| #define PACKAGE_VERSION "1.0"
| #define PACKAGE_STRING "mod-script-pipe 1.0"
| #define PACKAGE_BUGREPORT "feedback@audacityteam.org"
| #define PACKAGE_URL ""
| #define HAVE_CXX11 1
| #define PACKAGE "mod-script-pipe"
| #define VERSION "1.0"
| #define STDC_HEADERS 1
| #define HAVE_SYS_TYPES_H 1
| #define HAVE_SYS_STAT_H 1
| #define HAVE_STDLIB_H 1
| #define HAVE_STRING_H 1
| #define HAVE_MEMORY_H 1
| #define HAVE_STRINGS_H 1
| #define HAVE_INTTYPES_H 1
| #define HAVE_STDINT_H 1
| #define HAVE_UNISTD_H 1
| #define HAVE_DLFCN_H 1
| #define LT_OBJDIR ".libs/"
| /* end confdefs.h.  */
| #include <ac_nonexistent.h>
configure:13598: checking for ld used by g++
configure:13665: result: /usr/bin/ld -m elf_x86_64
configure:13672: checking if the linker (/usr/bin/ld -m elf_x86_64) is GNU ld
configure:13687: result: yes
configure:13742: checking whether the g++ linker (/usr/bin/ld -m elf_x86_64) supports shared libraries
configure:14744: result: yes
configure:14780: g++ -c -g -O2  conftest.cpp >&5
configure:14783: $? = 0
configure:15303: checking for g++ option to produce PIC
configure:15310: result: -fPIC -DPIC
configure:15318: checking if g++ PIC flag -fPIC -DPIC works
configure:15336: g++ -c -g -O2  -fPIC -DPIC -DPIC conftest.cpp >&5
configure:15340: $? = 0
configure:15353: result: yes
configure:15376: checking if g++ static flag -static works
configure:15404: result: yes
configure:15416: checking if g++ supports -c -o file.o
configure:15437: g++ -c -g -O2  -o out/conftest2.o conftest.cpp >&5
configure:15441: $? = 0
configure:15463: result: yes
configure:15468: checking if g++ supports -c -o file.o
configure:15515: result: yes
configure:15545: checking whether the g++ linker (/usr/bin/ld -m elf_x86_64) supports shared libraries
configure:15584: result: yes
configure:15725: checking dynamic linker characteristics
configure:16393: result: GNU/Linux ld.so
configure:16446: checking how to hardcode library paths into programs
configure:16471: result: immediate
configure:16537: checking for ANSI C header files
configure:16641: result: yes
configure:16699: checking for wx-config
configure:16718: found /usr/bin/wx-config
configure:16730: result: /usr/bin/wx-config
configure:16910: checking that generated files are newer than configure
configure:16916: result: done
configure:16947: creating ./config.status

## ---------------------- ##
## Running config.status. ##
## ---------------------- ##

This file was extended by mod-script-pipe config.status 1.0, which was
generated by GNU Autoconf 2.69.  Invocation command line was

  CONFIG_FILES    = 
  CONFIG_HEADERS  = 
  CONFIG_LINKS    = 
  CONFIG_COMMANDS = 
  $ ./config.status 

on 2jh2xg2j

config.status:1073: creating Makefile
config.status:1230: executing depfiles commands
config.status:1230: executing libtool commands

## ---------------- ##
## Cache variables. ##
## ---------------- ##

ac_cv_build=x86_64-unknown-linux-gnu
ac_cv_c_compiler_gnu=yes
ac_cv_cxx_compiler_gnu=yes
ac_cv_env_CCC_set=
ac_cv_env_CCC_value=
ac_cv_env_CC_set=
ac_cv_env_CC_value=
ac_cv_env_CFLAGS_set=
ac_cv_env_CFLAGS_value=
ac_cv_env_CPPFLAGS_set=
ac_cv_env_CPPFLAGS_value=
ac_cv_env_CPP_set=
ac_cv_env_CPP_value=
ac_cv_env_CXXCPP_set=
ac_cv_env_CXXCPP_value=
ac_cv_env_CXXFLAGS_set=
ac_cv_env_CXXFLAGS_value=
ac_cv_env_CXX_set=
ac_cv_env_CXX_value=
ac_cv_env_LDFLAGS_set=
ac_cv_env_LDFLAGS_value=
ac_cv_env_LIBS_set=
ac_cv_env_LIBS_value=
ac_cv_env_build_alias_set=
ac_cv_env_build_alias_value=
ac_cv_env_host_alias_set=
ac_cv_env_host_alias_value=
ac_cv_env_target_alias_set=
ac_cv_env_target_alias_value=
ac_cv_header_dlfcn_h=yes
ac_cv_header_inttypes_h=yes
ac_cv_header_memory_h=yes
ac_cv_header_stdc=yes
ac_cv_header_stdint_h=yes
ac_cv_header_stdlib_h=yes
ac_cv_header_string_h=yes
ac_cv_header_strings_h=yes
ac_cv_header_sys_stat_h=yes
ac_cv_header_sys_types_h=yes
ac_cv_header_unistd_h=yes
ac_cv_host=x86_64-unknown-linux-gnu
ac_cv_objext=o
ac_cv_path_EGREP='/bin/grep -E'
ac_cv_path_FGREP='/bin/grep -F'
ac_cv_path_GREP=/bin/grep
ac_cv_path_SED=/bin/sed
ac_cv_path_WX_CONFIG=/usr/bin/wx-config
ac_cv_path_install='/usr/bin/install -c'
ac_cv_path_mkdir=/bin/mkdir
ac_cv_prog_AWK=gawk
ac_cv_prog_CPP='gcc -E'
ac_cv_prog_CXXCPP='g++ -E'
ac_cv_prog_ac_ct_AR=ar
ac_cv_prog_ac_ct_CC=gcc
ac_cv_prog_ac_ct_CXX=g++
ac_cv_prog_ac_ct_MANIFEST_TOOL=mt
ac_cv_prog_ac_ct_OBJDUMP=objdump
ac_cv_prog_ac_ct_RANLIB=ranlib
ac_cv_prog_ac_ct_STRIP=strip
ac_cv_prog_cc_c89=
ac_cv_prog_cc_g=yes
ac_cv_prog_cxx_g=yes
ac_cv_prog_make_make_set=yes
am_cv_CC_dependencies_compiler_type=gcc3
am_cv_CXX_dependencies_compiler_type=gcc3
am_cv_ar_interface=ar
am_cv_make_support_nested_variables=yes
am_cv_prog_cc_c_o=yes
ax_cv_cxx_compile_cxx11=yes
lt_cv_ar_at_file=@
lt_cv_deplibs_check_method=pass_all
lt_cv_file_magic_cmd='$MAGIC_CMD'
lt_cv_file_magic_test_file=
lt_cv_ld_reload_flag=-r
lt_cv_nm_interface='BSD nm'
lt_cv_objdir=.libs
lt_cv_path_LD=/usr/bin/ld
lt_cv_path_LDCXX='/usr/bin/ld -m elf_x86_64'
lt_cv_path_NM='/usr/bin/nm -B'
lt_cv_path_mainfest_tool=no
lt_cv_prog_compiler_c_o=yes
lt_cv_prog_compiler_c_o_CXX=yes
lt_cv_prog_compiler_pic='-fPIC -DPIC'
lt_cv_prog_compiler_pic_CXX='-fPIC -DPIC'
lt_cv_prog_compiler_pic_works=yes
lt_cv_prog_compiler_pic_works_CXX=yes
lt_cv_prog_compiler_rtti_exceptions=no
lt_cv_prog_compiler_static_works=yes
lt_cv_prog_compiler_static_works_CXX=yes
lt_cv_prog_gnu_ld=yes
lt_cv_prog_gnu_ldcxx=yes
lt_cv_sharedlib_from_linklib_cmd='printf %s\n'
lt_cv_shlibpath_overrides_runpath=yes
lt_cv_sys_global_symbol_pipe='sed -n -e '\''s/^.*[	 ]\([ABCDGIRSTW][ABCDGIRSTW]*\)[	 ][	 ]*\([_A-Za-z][_A-Za-z0-9]*\)$/\1 \2 \2/p'\'' | sed '\''/ __gnu_lto/d'\'''
lt_cv_sys_global_symbol_to_c_name_address='sed -n -e '\''s/^: \([^ ]*\)[ ]*$/  {\"\1\", (void *) 0},/p'\'' -e '\''s/^[ABCDGIRSTW]* \([^ ]*\) \([^ ]*\)$/  {"\2", (void *) \&\2},/p'\'''
lt_cv_sys_global_symbol_to_c_name_address_lib_prefix='sed -n -e '\''s/^: \([^ ]*\)[ ]*$/  {\"\1\", (void *) 0},/p'\'' -e '\''s/^[ABCDGIRSTW]* \([^ ]*\) \(lib[^ ]*\)$/  {"\2", (void *) \&\2},/p'\'' -e '\''s/^[ABCDGIRSTW]* \([^ ]*\) \([^ ]*\)$/  {"lib\2", (void *) \&\2},/p'\'''
lt_cv_sys_global_symbol_to_cdecl='sed -n -e '\''s/^T .* \(.*\)$/extern int \1();/p'\'' -e '\''s/^[ABCDGIRSTW]* .* \(.*\)$/extern char \1;/p'\'''
lt_cv_sys_max_cmd_len=1572864
lt_cv_to_host_file_cmd=func_convert_file_noop
lt_cv_to_tool_file_cmd=func_convert_file_noop

## ----------------- ##
## Output variables. ##
## ----------------- ##

ACLOCAL='${SHELL} /home/user/projects/audacity-speech-tagger/audacity-minsrc-2.3.3/lib-src/mod-script-pipe/autotools/missing aclocal-1.14'
AMDEPBACKSLASH='\'
AMDEP_FALSE='#'
AMDEP_TRUE=''
AMTAR='$${TAR-tar}'
AM_BACKSLASH='\'
AM_DEFAULT_V='$(AM_DEFAULT_VERBOSITY)'
AM_DEFAULT_VERBOSITY='1'
AM_V='$(V)'
AR='ar'
AUTOCONF='${SHELL} /home/user/projects/audacity-speech-tagger/audacity-minsrc-2.3.3/lib-src/mod-script-pipe/autotools/missing autoconf'
AUTOHEADER='${SHELL} /home/user/projects/audacity-speech-tagger/audacity-minsrc-2.3.3/lib-src/mod-script-pipe/autotools/missing autoheader'
AUTOMAKE='${SHELL} /home/user/projects/audacity-speech-tagger/audacity-minsrc-2.3.3/lib-src/mod-script-pipe/autotools/missing automake-1.14'
AWK='gawk'
CC='gcc'
CCDEPMODE='depmode=gcc3'
CFLAGS='-g -O2'
CPP='gcc -E'
CPPFLAGS=''
CXX='g++'
CXXCPP='g++ -E'
CXXDEPMODE='depmode=gcc3'
CXXFLAGS='-g -O2'
CYGPATH_W='echo'
DEFS='-DPACKAGE_NAME=\"mod-script-pipe\" -DPACKAGE_TARNAME=\"mod-script-pipe\" -DPACKAGE_VERSION=\"1.0\" -DPACKAGE_STRING=\"mod-script-pipe\ 1.0\" -DPACKAGE_BUGREPORT=\"feedback@audacityteam.org\" -DPACKAGE_URL=\"\" -DHAVE_CXX11=1 -DPACKAGE=\"mod-script-pipe\" -DVERSION=\"1.0\" -DSTDC_HEADERS=1 -DHAVE_SYS_TYPES_H=1 -DHAVE_SYS_STAT_H=1 -DHAVE_STDLIB_H=1 -DHAVE_STRING_H=1 -DHAVE_MEMORY_H=1 -DHAVE_STRINGS_H=1 -DHAVE_INTTYPES_H=1 -DHAVE_STDINT_H=1 -DHAVE_UNISTD_H=1 -DHAVE_DLFCN_H=1 -DLT_OBJDIR=\".libs/\" -DSTDC_HEADERS=1'
DEPDIR='.deps'
DLLTOOL='false'
DSYMUTIL=''
DUMPBIN=''
ECHO_C=''
ECHO_N='-n'
ECHO_T=''
EGREP='/bin/grep -E'
EXEEXT=''
FGREP='/bin/grep -F'
GREP='/bin/grep'
HAVE_CXX11='1'
INSTALL_DATA='${INSTALL} -m 644'
INSTALL_PROGRAM='${INSTALL}'
INSTALL_SCRIPT='${INSTALL}'
INSTALL_STRIP_PROGRAM='$(install_sh) -c -s'
LD='/usr/bin/ld -m elf_x86_64'
LDFLAGS=''
LIBOBJS=''
LIBS=''
LIBTOOL='$(SHELL) $(top_builddir)/libtool'
LIPO=''
LN_S='ln -s'
LTLIBOBJS=''
MAINT='#'
MAINTAINER_MODE_FALSE=''
MAINTAINER_MODE_TRUE='#'
MAKEINFO='${SHELL} /home/user/projects/audacity-speech-tagger/audacity-minsrc-2.3.3/lib-src/mod-script-pipe/autotools/missing makeinfo'
MANIFEST_TOOL=':'
MKDIR_P='/bin/mkdir -p'
NM='/usr/bin/nm -B'
NMEDIT=''
OBJDUMP='objdump'
OBJEXT='o'
OTOOL64=''
OTOOL=''
PACKAGE='mod-script-pipe'
PACKAGE_BUGREPORT='feedback@audacityteam.org'
PACKAGE_NAME='mod-script-pipe'
PACKAGE_STRING='mod-script-pipe 1.0'
PACKAGE_TARNAME='mod-script-pipe'
PACKAGE_URL=''
PACKAGE_VERSION='1.0'
PATH_SEPARATOR=':'
RANLIB='ranlib'
SED='/bin/sed'
SET_MAKE=''
SHELL='/bin/bash'
STRIP='strip'
VERSION='1.0'
WX_CONFIG='/usr/bin/wx-config'
WX_CXXFLAGS='-I/usr/lib/x86_64-linux-gnu/wx/include/gtk2-unicode-3.0 -I/usr/include/wx-3.0 -D_FILE_OFFSET_BITS=64 -DWXUSINGDLL -D__WXGTK__ -pthread'
WX_LIBS=''
ac_ct_AR='ar'
ac_ct_CC='gcc'
ac_ct_CXX='g++'
ac_ct_DUMPBIN=''
am__EXEEXT_FALSE=''
am__EXEEXT_TRUE='#'
am__fastdepCC_FALSE='#'
am__fastdepCC_TRUE=''
am__fastdepCXX_FALSE='#'
am__fastdepCXX_TRUE=''
am__include='include'
am__isrc=' -I$(srcdir)'
am__leading_dot='.'
am__nodep='_no'
am__quote=''
am__tar='$${TAR-tar} chof - "$$tardir"'
am__untar='$${TAR-tar} xf -'
bindir='${exec_prefix}/bin'
build='x86_64-unknown-linux-gnu'
build_alias=''
build_cpu='x86_64'
build_os='linux-gnu'
build_vendor='unknown'
datadir='${datarootdir}'
datarootdir='${prefix}/share'
docdir='${datarootdir}/doc/${PACKAGE_TARNAME}'
dvidir='${docdir}'
exec_prefix='${prefix}'
host='x86_64-unknown-linux-gnu'
host_alias=''
host_cpu='x86_64'
host_os='linux-gnu'
host_vendor='unknown'
htmldir='${docdir}'
includedir='${prefix}/include'
infodir='${datarootdir}/info'
install_sh='${SHELL} /home/user/projects/audacity-speech-tagger/audacity-minsrc-2.3.3/lib-src/mod-script-pipe/autotools/install-sh'
libdir='${exec_prefix}/lib'
libexecdir='${exec_prefix}/libexec'
localedir='${datarootdir}/locale'
localstatedir='${prefix}/var'
mandir='${datarootdir}/man'
mkdir_p='$(MKDIR_P)'
oldincludedir='/usr/include'
pdfdir='${docdir}'
prefix='/usr/local'
program_transform_name='s,x,x,'
psdir='${docdir}'
sbindir='${exec_prefix}/sbin'
sharedstatedir='${prefix}/com'
sysconfdir='${prefix}/etc'
target_alias=''

## ----------- ##
## confdefs.h. ##
## ----------- ##

/* confdefs.h */
#define PACKAGE_NAME "mod-script-pipe"
#define PACKAGE_TARNAME "mod-script-pipe"
#define PACKAGE_VERSION "1.0"
#define PACKAGE_STRING "mod-script-pipe 1.0"
#define PACKAGE_BUGREPORT "feedback@audacityteam.org"
#define PACKAGE_URL ""
#define HAVE_CXX11 1
#define PACKAGE "mod-script-pipe"
#define VERSION "1.0"
#define STDC_HEADERS 1
#define HAVE_SYS_TYPES_H 1
#define HAVE_SYS_STAT_H 1
#define HAVE_STDLIB_H 1
#define HAVE_STRING_H 1
#define HAVE_MEMORY_H 1
#define HAVE_STRINGS_H 1
#define HAVE_INTTYPES_H 1
#define HAVE_STDINT_H 1
#define HAVE_UNISTD_H 1
#define HAVE_DLFCN_H 1
#define LT_OBJDIR ".libs/"
#define STDC_HEADERS 1

configure: exit 0
