# project sord (0.12.2) configured on Mon Apr 27 21:37:58 2020 by
# waf 1.7.16 (abi 98, python 20711f0 on linux2)
# using waf --prefix=. --include=. --static --no-shared --no-utils configure
#
----------------------------------------
Setting top to
/home/user/projects/audacity-speech-tagger/audacity-minsrc-2.3.3/build/lib-src/lv2/sord
----------------------------------------
Setting out to
/home/user/projects/audacity-speech-tagger/audacity-minsrc-2.3.3/build/lib-src/lv2/sord/build
----------------------------------------
Checking for 'gcc' (c compiler)
find program=['gcc', 'cc'] paths=['/home/user/anaconda3/envs/py36/bin', '/home/user/.rbenv/plugins/ruby-build/bin', '/home/user/.rbenv/shims', '/home/user/.rbenv/bin', '/home/user/gems/bin', '/home/user/anaconda3/bin', '/usr/local/bin', '/home/user/bin', '/home/user/.local/bin', '/usr/local/sbin', '/usr/local/bin', '/usr/sbin', '/usr/bin', '/sbin', '/bin', '/usr/games', '/usr/local/games', '/snap/bin', '/usr/lib/jvm/java-8-oracle/bin', '/usr/lib/jvm/java-8-oracle/db/bin', '/usr/lib/jvm/java-8-oracle/jre/bin', '/usr/share/logtalk/tools/lgtdoc/xml', '/usr/share/logtalk/scripts', '/usr/share/logtalk/integration'] var='CC' -> '/usr/bin/gcc'
find program=['ar'] paths=['/home/user/anaconda3/envs/py36/bin', '/home/user/.rbenv/plugins/ruby-build/bin', '/home/user/.rbenv/shims', '/home/user/.rbenv/bin', '/home/user/gems/bin', '/home/user/anaconda3/bin', '/usr/local/bin', '/home/user/bin', '/home/user/.local/bin', '/usr/local/sbin', '/usr/local/bin', '/usr/sbin', '/usr/bin', '/sbin', '/bin', '/usr/games', '/usr/local/games', '/snap/bin', '/usr/lib/jvm/java-8-oracle/bin', '/usr/lib/jvm/java-8-oracle/db/bin', '/usr/lib/jvm/java-8-oracle/jre/bin', '/usr/share/logtalk/tools/lgtdoc/xml', '/usr/share/logtalk/scripts', '/usr/share/logtalk/integration'] var='AR' -> '/usr/bin/ar'
/usr/bin/gcc
----------------------------------------
Checking for program pkg-config
/usr/bin/pkg-config
find program=['pkg-config'] paths=['/home/user/anaconda3/envs/py36/bin', '/home/user/.rbenv/plugins/ruby-build/bin', '/home/user/.rbenv/shims', '/home/user/.rbenv/bin', '/home/user/gems/bin', '/home/user/anaconda3/bin', '/usr/local/bin', '/home/user/bin', '/home/user/.local/bin', '/usr/local/sbin', '/usr/local/bin', '/usr/sbin', '/usr/bin', '/sbin', '/bin', '/usr/games', '/usr/local/games', '/snap/bin', '/usr/lib/jvm/java-8-oracle/bin', '/usr/lib/jvm/java-8-oracle/db/bin', '/usr/lib/jvm/java-8-oracle/jre/bin', '/usr/share/logtalk/tools/lgtdoc/xml', '/usr/share/logtalk/scripts', '/usr/share/logtalk/integration'] var='PKGCONFIG' -> '/usr/bin/pkg-config'
----------------------------------------
Checking for 'serd-0' >= 0.18.0
['/usr/bin/pkg-config', '--atleast-version=0.18.0', 'serd-0']
['/usr/bin/pkg-config', '--cflags', '--libs', 'serd-0']
out: -I./serd-0 -L/home/user/projects/audacity-speech-tagger/audacity-minsrc-2.3.3/build/lib-src/lv2/serd/lib -lserd-0 -ldl -lm

yes
----------------------------------------
Checking for 'libpcre'
['/usr/bin/pkg-config', '--cflags', '--libs', 'libpcre']
out: -lpcre

yes
