# project sratom (0.4.6) configured on Mon Apr 27 21:37:59 2020 by
# waf 1.7.16 (abi 98, python 20711f0 on linux2)
# using waf --prefix=. --include=. --static --no-shared configure
#
----------------------------------------
Setting top to
/home/user/projects/audacity-speech-tagger/audacity-minsrc-2.3.3/build/lib-src/lv2/sratom
----------------------------------------
Setting out to
/home/user/projects/audacity-speech-tagger/audacity-minsrc-2.3.3/build/lib-src/lv2/sratom/build
----------------------------------------
Checking for 'gcc' (c compiler)
find program=['gcc', 'cc'] paths=['/home/user/anaconda3/envs/py36/bin', '/home/user/.rbenv/plugins/ruby-build/bin', '/home/user/.rbenv/shims', '/home/user/.rbenv/bin', '/home/user/gems/bin', '/home/user/anaconda3/bin', '/usr/local/bin', '/home/user/bin', '/home/user/.local/bin', '/usr/local/sbin', '/usr/local/bin', '/usr/sbin', '/usr/bin', '/sbin', '/bin', '/usr/games', '/usr/local/games', '/snap/bin', '/usr/lib/jvm/java-8-oracle/bin', '/usr/lib/jvm/java-8-oracle/db/bin', '/usr/lib/jvm/java-8-oracle/jre/bin', '/usr/share/logtalk/tools/lgtdoc/xml', '/usr/share/logtalk/scripts', '/usr/share/logtalk/integration'] var='CC' -> '/usr/bin/gcc'
find program=['ar'] paths=['/home/user/anaconda3/envs/py36/bin', '/home/user/.rbenv/plugins/ruby-build/bin', '/home/user/.rbenv/shims', '/home/user/.rbenv/bin', '/home/user/gems/bin', '/home/user/anaconda3/bin', '/usr/local/bin', '/home/user/bin', '/home/user/.local/bin', '/usr/local/sbin', '/usr/local/bin', '/usr/sbin', '/usr/bin', '/sbin', '/bin', '/usr/games', '/usr/local/games', '/snap/bin', '/usr/lib/jvm/java-8-oracle/bin', '/usr/lib/jvm/java-8-oracle/db/bin', '/usr/lib/jvm/java-8-oracle/jre/bin', '/usr/share/logtalk/tools/lgtdoc/xml', '/usr/share/logtalk/scripts', '/usr/share/logtalk/integration'] var='AR' -> '/usr/bin/ar'
/usr/bin/gcc
----------------------------------------
Checking for program pkg-config
/usr/bin/pkg-config
find program=['pkg-config'] paths=['/home/user/anaconda3/envs/py36/bin', '/home/user/.rbenv/plugins/ruby-build/bin', '/home/user/.rbenv/shims', '/home/user/.rbenv/bin', '/home/user/gems/bin', '/home/user/anaconda3/bin', '/usr/local/bin', '/home/user/bin', '/home/user/.local/bin', '/usr/local/sbin', '/usr/local/bin', '/usr/sbin', '/usr/bin', '/sbin', '/bin', '/usr/games', '/usr/local/games', '/snap/bin', '/usr/lib/jvm/java-8-oracle/bin', '/usr/lib/jvm/java-8-oracle/db/bin', '/usr/lib/jvm/java-8-oracle/jre/bin', '/usr/share/logtalk/tools/lgtdoc/xml', '/usr/share/logtalk/scripts', '/usr/share/logtalk/integration'] var='PKGCONFIG' -> '/usr/bin/pkg-config'
----------------------------------------
Checking for 'lv2' >= 1.8.1
['/usr/bin/pkg-config', '--atleast-version=1.8.1', 'lv2']
['/usr/bin/pkg-config', '--cflags', '--libs', 'lv2']
out: -I./lv2 -L/home/user/projects/audacity-speech-tagger/audacity-minsrc-2.3.3/build/lib-src/lv2/lv2/lib -ldl -lm

yes
----------------------------------------
Checking for 'serd-0' >= 0.14.0
['/usr/bin/pkg-config', '--atleast-version=0.14.0', 'serd-0']
['/usr/bin/pkg-config', '--cflags', '--libs', 'serd-0']
out: -I./serd-0 -L/home/user/projects/audacity-speech-tagger/audacity-minsrc-2.3.3/build/lib-src/lv2/serd/lib -lserd-0 -ldl -lm

yes
----------------------------------------
Checking for 'sord-0' >= 0.12.0
['/usr/bin/pkg-config', '--atleast-version=0.12.0', 'sord-0']
['/usr/bin/pkg-config', '--cflags', '--libs', 'sord-0']
out: -I./sord-0 -L/home/user/projects/audacity-speech-tagger/audacity-minsrc-2.3.3/build/lib-src/lv2/sord/lib -lsord-0 -ldl -lm

yes
