This file contains any messages produced by compilers while
running configure, to aid debugging if configure makes a mistake.

It was created by sbsms configure 2.0.0, which was
generated by GNU Autoconf 2.69.  Invocation command line was

  $ ../../../lib-src/sbsms/configure --disable-option-checking --prefix=/usr/local/ --with-lib-preference=local system --with-ffmpeg=system --disable-dynamic-loading --with-mod-script-pipe --with-wx-config=/usr/bin/wx-config --enable-static=yes --enable-shared=no --disable-xmms-plugin --disable-doxygen-docs --disable-thorough-tests --disable-programs --disable-sqlite --disable-external-libs --disable-alsa --disable-programs --disable-programs PORTAUDIO_CFLAGS=-I/home/user/projects/audacity-speech-tagger/audacity-minsrc-2.3.3/build/../lib-src/portaudio-v19/include PORTAUDIO_LIBS=/home/user/projects/audacity-speech-tagger/audacity-minsrc-2.3.3/build/../lib-src/portaudio-v19/lib/libportaudio.la --cache-file=/dev/null --srcdir=../../../lib-src/sbsms

## --------- ##
## Platform. ##
## --------- ##

hostname = 2jh2xg2j
uname -m = x86_64
uname -r = 4.15.0-96-generic
uname -s = Linux
uname -v = #97-Ubuntu SMP Wed Apr 1 03:25:46 UTC 2020

/usr/bin/uname -p = unknown
/bin/uname -X     = unknown

/bin/arch              = unknown
/usr/bin/arch -k       = unknown
/usr/convex/getsysinfo = unknown
/usr/bin/hostinfo      = unknown
/bin/machine           = unknown
/usr/bin/oslevel       = unknown
/bin/universe          = unknown

PATH: /home/user/anaconda3/envs/py36/bin
PATH: /home/user/.rbenv/plugins/ruby-build/bin
PATH: /home/user/.rbenv/shims
PATH: /home/user/.rbenv/bin
PATH: /home/user/gems/bin
PATH: /home/user/anaconda3/bin
PATH: /usr/local/bin
PATH: /home/user/bin
PATH: /home/user/.local/bin
PATH: /usr/local/sbin
PATH: /usr/local/bin
PATH: /usr/sbin
PATH: /usr/bin
PATH: /sbin
PATH: /bin
PATH: /usr/games
PATH: /usr/local/games
PATH: /snap/bin
PATH: /usr/lib/jvm/java-8-oracle/bin
PATH: /usr/lib/jvm/java-8-oracle/db/bin
PATH: /usr/lib/jvm/java-8-oracle/jre/bin
PATH: /usr/share/logtalk/tools/lgtdoc/xml
PATH: /usr/share/logtalk/scripts
PATH: /usr/share/logtalk/integration


## ----------- ##
## Core tests. ##
## ----------- ##

configure:2295: checking build system type
configure:2309: result: x86_64-unknown-linux-gnu
configure:2329: checking host system type
configure:2342: result: x86_64-unknown-linux-gnu
configure:2362: checking target system type
configure:2375: result: x86_64-unknown-linux-gnu
configure:2505: checking for gcc
configure:2521: found /usr/bin/gcc
configure:2532: result: gcc
configure:2761: checking for C compiler version
configure:2770: gcc --version >&5
gcc (Ubuntu 7.5.0-3ubuntu1~18.04) 7.5.0
Copyright (C) 2017 Free Software Foundation, Inc.
This is free software; see the source for copying conditions.  There is NO
warranty; not even for MERCHANTABILITY or FITNESS FOR A PARTICULAR PURPOSE.

configure:2781: $? = 0
configure:2770: gcc -v >&5
Using built-in specs.
COLLECT_GCC=gcc
COLLECT_LTO_WRAPPER=/usr/lib/gcc/x86_64-linux-gnu/7/lto-wrapper
OFFLOAD_TARGET_NAMES=nvptx-none
OFFLOAD_TARGET_DEFAULT=1
Target: x86_64-linux-gnu
Configured with: ../src/configure -v --with-pkgversion='Ubuntu 7.5.0-3ubuntu1~18.04' --with-bugurl=file:///usr/share/doc/gcc-7/README.Bugs --enable-languages=c,ada,c++,go,brig,d,fortran,objc,obj-c++ --prefix=/usr --with-gcc-major-version-only --program-suffix=-7 --program-prefix=x86_64-linux-gnu- --enable-shared --enable-linker-build-id --libexecdir=/usr/lib --without-included-gettext --enable-threads=posix --libdir=/usr/lib --enable-nls --enable-bootstrap --enable-clocale=gnu --enable-libstdcxx-debug --enable-libstdcxx-time=yes --with-default-libstdcxx-abi=new --enable-gnu-unique-object --disable-vtable-verify --enable-libmpx --enable-plugin --enable-default-pie --with-system-zlib --with-target-system-zlib --enable-objc-gc=auto --enable-multiarch --disable-werror --with-arch-32=i686 --with-abi=m64 --with-multilib-list=m32,m64,mx32 --enable-multilib --with-tune=generic --enable-offload-targets=nvptx-none --without-cuda-driver --enable-checking=release --build=x86_64-linux-gnu --host=x86_64-linux-gnu --target=x86_64-linux-gnu
Thread model: posix
gcc version 7.5.0 (Ubuntu 7.5.0-3ubuntu1~18.04) 
configure:2781: $? = 0
configure:2770: gcc -V >&5
gcc: error: unrecognized command line option '-V'
gcc: fatal error: no input files
compilation terminated.
configure:2781: $? = 1
configure:2770: gcc -qversion >&5
gcc: error: unrecognized command line option '-qversion'; did you mean '--version'?
gcc: fatal error: no input files
compilation terminated.
configure:2781: $? = 1
configure:2801: checking whether the C compiler works
configure:2823: gcc    conftest.c  >&5
configure:2827: $? = 0
configure:2875: result: yes
configure:2878: checking for C compiler default output file name
configure:2880: result: a.out
configure:2886: checking for suffix of executables
configure:2893: gcc -o conftest    conftest.c  >&5
configure:2897: $? = 0
configure:2919: result: 
configure:2941: checking whether we are cross compiling
configure:2949: gcc -o conftest    conftest.c  >&5
configure:2953: $? = 0
configure:2960: ./conftest
configure:2964: $? = 0
configure:2979: result: no
configure:2984: checking for suffix of object files
configure:3006: gcc -c   conftest.c >&5
configure:3010: $? = 0
configure:3031: result: o
configure:3035: checking whether we are using the GNU C compiler
configure:3054: gcc -c   conftest.c >&5
configure:3054: $? = 0
configure:3063: result: yes
configure:3072: checking whether gcc accepts -g
configure:3092: gcc -c -g  conftest.c >&5
configure:3092: $? = 0
configure:3133: result: yes
configure:3150: checking for gcc option to accept ISO C89
configure:3213: gcc  -c -g -O2  conftest.c >&5
configure:3213: $? = 0
configure:3226: result: none needed
configure:3251: checking whether gcc understands -c and -o together
configure:3273: gcc -c conftest.c -o conftest2.o
configure:3276: $? = 0
configure:3273: gcc -c conftest.c -o conftest2.o
configure:3276: $? = 0
configure:3288: result: yes
configure:3355: checking for ar
configure:3371: found /usr/bin/ar
configure:3382: result: ar
configure:3408: checking the archiver (ar) interface
configure:3424: gcc -c -g -O2  conftest.c >&5
configure:3424: $? = 0
configure:3426: ar cru libconftest.a conftest.o >&5
ar: `u' modifier ignored since `D' is the default (see `U')
configure:3429: $? = 0
configure:3457: result: ar
configure:3523: checking how to print strings
configure:3550: result: printf
configure:3571: checking for a sed that does not truncate output
configure:3635: result: /bin/sed
configure:3653: checking for grep that handles long lines and -e
configure:3711: result: /bin/grep
configure:3716: checking for egrep
configure:3778: result: /bin/grep -E
configure:3783: checking for fgrep
configure:3845: result: /bin/grep -F
configure:3880: checking for ld used by gcc
configure:3947: result: /usr/bin/ld
configure:3954: checking if the linker (/usr/bin/ld) is GNU ld
configure:3969: result: yes
configure:3981: checking for BSD- or MS-compatible name lister (nm)
configure:4030: result: /usr/bin/nm -B
configure:4160: checking the name lister (/usr/bin/nm -B) interface
configure:4167: gcc -c -g -O2  conftest.c >&5
configure:4170: /usr/bin/nm -B "conftest.o"
configure:4173: output
0000000000000000 B some_variable
configure:4180: result: BSD nm
configure:4183: checking whether ln -s works
configure:4187: result: yes
configure:4195: checking the maximum length of command line arguments
configure:4326: result: 1572864
configure:4343: checking whether the shell understands some XSI constructs
configure:4353: result: yes
configure:4357: checking whether the shell understands "+="
configure:4363: result: yes
configure:4398: checking how to convert x86_64-unknown-linux-gnu file names to x86_64-unknown-linux-gnu format
configure:4438: result: func_convert_file_noop
configure:4445: checking how to convert x86_64-unknown-linux-gnu file names to toolchain format
configure:4465: result: func_convert_file_noop
configure:4472: checking for /usr/bin/ld option to reload object files
configure:4479: result: -r
configure:4553: checking for objdump
configure:4569: found /usr/bin/objdump
configure:4580: result: objdump
configure:4612: checking how to recognize dependent libraries
configure:4810: result: pass_all
configure:4895: checking for dlltool
configure:4925: result: no
configure:4955: checking how to associate runtime and link libraries
configure:4982: result: printf %s\n
configure:5106: checking for archiver @FILE support
configure:5123: gcc -c -g -O2  conftest.c >&5
configure:5123: $? = 0
configure:5126: ar cru libconftest.a @conftest.lst >&5
ar: `u' modifier ignored since `D' is the default (see `U')
configure:5129: $? = 0
configure:5134: ar cru libconftest.a @conftest.lst >&5
ar: `u' modifier ignored since `D' is the default (see `U')
ar: conftest.o: No such file or directory
configure:5137: $? = 1
configure:5149: result: @
configure:5207: checking for strip
configure:5223: found /usr/bin/strip
configure:5234: result: strip
configure:5306: checking for ranlib
configure:5322: found /usr/bin/ranlib
configure:5333: result: ranlib
configure:5410: checking for gawk
configure:5426: found /usr/bin/gawk
configure:5437: result: gawk
configure:5477: checking command to parse /usr/bin/nm -B output from gcc object
configure:5597: gcc -c -g -O2  conftest.c >&5
configure:5600: $? = 0
configure:5604: /usr/bin/nm -B conftest.o \| sed -n -e 's/^.*[ ]\([ABCDGIRSTW][ABCDGIRSTW]*\)[ ][ ]*\([_A-Za-z][_A-Za-z0-9]*\)$/\1 \2 \2/p' | sed '/ __gnu_lto/d' \> conftest.nm
configure:5607: $? = 0
configure:5673: gcc -o conftest -g -O2   conftest.c conftstm.o >&5
configure:5676: $? = 0
configure:5714: result: ok
configure:5751: checking for sysroot
configure:5781: result: no
configure:5858: gcc -c -g -O2  conftest.c >&5
configure:5861: $? = 0
configure:6050: checking for mt
configure:6066: found /bin/mt
configure:6077: result: mt
configure:6100: checking if mt is a manifest tool
configure:6106: mt '-?'
configure:6114: result: no
configure:6756: checking how to run the C preprocessor
configure:6787: gcc -E  conftest.c
configure:6787: $? = 0
configure:6801: gcc -E  conftest.c
conftest.c:9:10: fatal error: ac_nonexistent.h: No such file or directory
 #include <ac_nonexistent.h>
          ^~~~~~~~~~~~~~~~~~
compilation terminated.
configure:6801: $? = 1
configure: failed program was:
| /* confdefs.h */
| #define PACKAGE_NAME "sbsms"
| #define PACKAGE_TARNAME "sbsms"
| #define PACKAGE_VERSION "2.0.0"
| #define PACKAGE_STRING "sbsms 2.0.0"
| #define PACKAGE_BUGREPORT ""
| #define PACKAGE_URL ""
| /* end confdefs.h.  */
| #include <ac_nonexistent.h>
configure:6826: result: gcc -E
configure:6846: gcc -E  conftest.c
configure:6846: $? = 0
configure:6860: gcc -E  conftest.c
conftest.c:9:10: fatal error: ac_nonexistent.h: No such file or directory
 #include <ac_nonexistent.h>
          ^~~~~~~~~~~~~~~~~~
compilation terminated.
configure:6860: $? = 1
configure: failed program was:
| /* confdefs.h */
| #define PACKAGE_NAME "sbsms"
| #define PACKAGE_TARNAME "sbsms"
| #define PACKAGE_VERSION "2.0.0"
| #define PACKAGE_STRING "sbsms 2.0.0"
| #define PACKAGE_BUGREPORT ""
| #define PACKAGE_URL ""
| /* end confdefs.h.  */
| #include <ac_nonexistent.h>
configure:6889: checking for ANSI C header files
configure:6909: gcc -c -g -O2  conftest.c >&5
configure:6909: $? = 0
configure:6982: gcc -o conftest -g -O2   conftest.c  >&5
configure:6982: $? = 0
configure:6982: ./conftest
configure:6982: $? = 0
configure:6993: result: yes
configure:7006: checking for sys/types.h
configure:7006: gcc -c -g -O2  conftest.c >&5
configure:7006: $? = 0
configure:7006: result: yes
configure:7006: checking for sys/stat.h
configure:7006: gcc -c -g -O2  conftest.c >&5
configure:7006: $? = 0
configure:7006: result: yes
configure:7006: checking for stdlib.h
configure:7006: gcc -c -g -O2  conftest.c >&5
configure:7006: $? = 0
configure:7006: result: yes
configure:7006: checking for string.h
configure:7006: gcc -c -g -O2  conftest.c >&5
configure:7006: $? = 0
configure:7006: result: yes
configure:7006: checking for memory.h
configure:7006: gcc -c -g -O2  conftest.c >&5
configure:7006: $? = 0
configure:7006: result: yes
configure:7006: checking for strings.h
configure:7006: gcc -c -g -O2  conftest.c >&5
configure:7006: $? = 0
configure:7006: result: yes
configure:7006: checking for inttypes.h
configure:7006: gcc -c -g -O2  conftest.c >&5
configure:7006: $? = 0
configure:7006: result: yes
configure:7006: checking for stdint.h
configure:7006: gcc -c -g -O2  conftest.c >&5
configure:7006: $? = 0
configure:7006: result: yes
configure:7006: checking for unistd.h
configure:7006: gcc -c -g -O2  conftest.c >&5
configure:7006: $? = 0
configure:7006: result: yes
configure:7020: checking for dlfcn.h
configure:7020: gcc -c -g -O2  conftest.c >&5
configure:7020: $? = 0
configure:7020: result: yes
configure:7196: checking for objdir
configure:7211: result: .libs
configure:7482: checking if gcc supports -fno-rtti -fno-exceptions
configure:7500: gcc -c -g -O2  -fno-rtti -fno-exceptions conftest.c >&5
cc1: warning: command line option '-fno-rtti' is valid for C++/ObjC++ but not for C
configure:7504: $? = 0
configure:7517: result: no
configure:7844: checking for gcc option to produce PIC
configure:7851: result: -fPIC -DPIC
configure:7859: checking if gcc PIC flag -fPIC -DPIC works
configure:7877: gcc -c -g -O2  -fPIC -DPIC -DPIC conftest.c >&5
configure:7881: $? = 0
configure:7894: result: yes
configure:7923: checking if gcc static flag -static works
configure:7951: result: yes
configure:7966: checking if gcc supports -c -o file.o
configure:7987: gcc -c -g -O2  -o out/conftest2.o conftest.c >&5
configure:7991: $? = 0
configure:8013: result: yes
configure:8021: checking if gcc supports -c -o file.o
configure:8068: result: yes
configure:8101: checking whether the gcc linker (/usr/bin/ld -m elf_x86_64) supports shared libraries
configure:9258: result: yes
configure:9498: checking dynamic linker characteristics
configure:9998: gcc -o conftest -g -O2   -Wl,-rpath -Wl,/foo conftest.c  >&5
configure:9998: $? = 0
configure:10232: result: GNU/Linux ld.so
configure:10339: checking how to hardcode library paths into programs
configure:10364: result: immediate
configure:10904: checking whether stripping libraries is possible
configure:10909: result: yes
configure:10944: checking if libtool supports shared libraries
configure:10946: result: yes
configure:10949: checking whether to build shared libraries
configure:10970: result: no
configure:10973: checking whether to build static libraries
configure:10977: result: yes
configure:11084: checking for g++
configure:11100: found /usr/bin/g++
configure:11111: result: g++
configure:11138: checking for C++ compiler version
configure:11147: g++ --version >&5
g++ (Ubuntu 7.5.0-3ubuntu1~18.04) 7.5.0
Copyright (C) 2017 Free Software Foundation, Inc.
This is free software; see the source for copying conditions.  There is NO
warranty; not even for MERCHANTABILITY or FITNESS FOR A PARTICULAR PURPOSE.

configure:11158: $? = 0
configure:11147: g++ -v >&5
Using built-in specs.
COLLECT_GCC=g++
COLLECT_LTO_WRAPPER=/usr/lib/gcc/x86_64-linux-gnu/7/lto-wrapper
OFFLOAD_TARGET_NAMES=nvptx-none
OFFLOAD_TARGET_DEFAULT=1
Target: x86_64-linux-gnu
Configured with: ../src/configure -v --with-pkgversion='Ubuntu 7.5.0-3ubuntu1~18.04' --with-bugurl=file:///usr/share/doc/gcc-7/README.Bugs --enable-languages=c,ada,c++,go,brig,d,fortran,objc,obj-c++ --prefix=/usr --with-gcc-major-version-only --program-suffix=-7 --program-prefix=x86_64-linux-gnu- --enable-shared --enable-linker-build-id --libexecdir=/usr/lib --without-included-gettext --enable-threads=posix --libdir=/usr/lib --enable-nls --enable-bootstrap --enable-clocale=gnu --enable-libstdcxx-debug --enable-libstdcxx-time=yes --with-default-libstdcxx-abi=new --enable-gnu-unique-object --disable-vtable-verify --enable-libmpx --enable-plugin --enable-default-pie --with-system-zlib --with-target-system-zlib --enable-objc-gc=auto --enable-multiarch --disable-werror --with-arch-32=i686 --with-abi=m64 --with-multilib-list=m32,m64,mx32 --enable-multilib --with-tune=generic --enable-offload-targets=nvptx-none --without-cuda-driver --enable-checking=release --build=x86_64-linux-gnu --host=x86_64-linux-gnu --target=x86_64-linux-gnu
Thread model: posix
gcc version 7.5.0 (Ubuntu 7.5.0-3ubuntu1~18.04) 
configure:11158: $? = 0
configure:11147: g++ -V >&5
g++: error: unrecognized command line option '-V'
g++: fatal error: no input files
compilation terminated.
configure:11158: $? = 1
configure:11147: g++ -qversion >&5
g++: error: unrecognized command line option '-qversion'; did you mean '--version'?
g++: fatal error: no input files
compilation terminated.
configure:11158: $? = 1
configure:11162: checking whether we are using the GNU C++ compiler
configure:11181: g++ -c   conftest.cpp >&5
configure:11181: $? = 0
configure:11190: result: yes
configure:11199: checking whether g++ accepts -g
configure:11219: g++ -c -g  conftest.cpp >&5
configure:11219: $? = 0
configure:11260: result: yes
configure:11301: checking how to run the C++ preprocessor
configure:11328: g++ -E  conftest.cpp
configure:11328: $? = 0
configure:11342: g++ -E  conftest.cpp
conftest.cpp:21:10: fatal error: ac_nonexistent.h: No such file or directory
 #include <ac_nonexistent.h>
          ^~~~~~~~~~~~~~~~~~
compilation terminated.
configure:11342: $? = 1
configure: failed program was:
| /* confdefs.h */
| #define PACKAGE_NAME "sbsms"
| #define PACKAGE_TARNAME "sbsms"
| #define PACKAGE_VERSION "2.0.0"
| #define PACKAGE_STRING "sbsms 2.0.0"
| #define PACKAGE_BUGREPORT ""
| #define PACKAGE_URL ""
| #define STDC_HEADERS 1
| #define HAVE_SYS_TYPES_H 1
| #define HAVE_SYS_STAT_H 1
| #define HAVE_STDLIB_H 1
| #define HAVE_STRING_H 1
| #define HAVE_MEMORY_H 1
| #define HAVE_STRINGS_H 1
| #define HAVE_INTTYPES_H 1
| #define HAVE_STDINT_H 1
| #define HAVE_UNISTD_H 1
| #define HAVE_DLFCN_H 1
| #define LT_OBJDIR ".libs/"
| /* end confdefs.h.  */
| #include <ac_nonexistent.h>
configure:11367: result: g++ -E
configure:11387: g++ -E  conftest.cpp
configure:11387: $? = 0
configure:11401: g++ -E  conftest.cpp
conftest.cpp:21:10: fatal error: ac_nonexistent.h: No such file or directory
 #include <ac_nonexistent.h>
          ^~~~~~~~~~~~~~~~~~
compilation terminated.
configure:11401: $? = 1
configure: failed program was:
| /* confdefs.h */
| #define PACKAGE_NAME "sbsms"
| #define PACKAGE_TARNAME "sbsms"
| #define PACKAGE_VERSION "2.0.0"
| #define PACKAGE_STRING "sbsms 2.0.0"
| #define PACKAGE_BUGREPORT ""
| #define PACKAGE_URL ""
| #define STDC_HEADERS 1
| #define HAVE_SYS_TYPES_H 1
| #define HAVE_SYS_STAT_H 1
| #define HAVE_STDLIB_H 1
| #define HAVE_STRING_H 1
| #define HAVE_MEMORY_H 1
| #define HAVE_STRINGS_H 1
| #define HAVE_INTTYPES_H 1
| #define HAVE_STDINT_H 1
| #define HAVE_UNISTD_H 1
| #define HAVE_DLFCN_H 1
| #define LT_OBJDIR ".libs/"
| /* end confdefs.h.  */
| #include <ac_nonexistent.h>
configure:11570: checking for ld used by g++
configure:11637: result: /usr/bin/ld -m elf_x86_64
configure:11644: checking if the linker (/usr/bin/ld -m elf_x86_64) is GNU ld
configure:11659: result: yes
configure:11714: checking whether the g++ linker (/usr/bin/ld -m elf_x86_64) supports shared libraries
configure:12716: result: yes
configure:12752: g++ -c -g -O2  conftest.cpp >&5
configure:12755: $? = 0
configure:13275: checking for g++ option to produce PIC
configure:13282: result: -fPIC -DPIC
configure:13290: checking if g++ PIC flag -fPIC -DPIC works
configure:13308: g++ -c -g -O2  -fPIC -DPIC -DPIC conftest.cpp >&5
configure:13312: $? = 0
configure:13325: result: yes
configure:13348: checking if g++ static flag -static works
configure:13376: result: yes
configure:13388: checking if g++ supports -c -o file.o
configure:13409: g++ -c -g -O2  -o out/conftest2.o conftest.cpp >&5
configure:13413: $? = 0
configure:13435: result: yes
configure:13440: checking if g++ supports -c -o file.o
configure:13487: result: yes
configure:13517: checking whether the g++ linker (/usr/bin/ld -m elf_x86_64) supports shared libraries
configure:13556: result: yes
configure:13697: checking dynamic linker characteristics
configure:14365: result: GNU/Linux ld.so
configure:14418: checking how to hardcode library paths into programs
configure:14443: result: immediate
configure:14488: checking how to run the C++ preprocessor
configure:14554: result: g++ -E
configure:14574: g++ -E  conftest.cpp
configure:14574: $? = 0
configure:14588: g++ -E  conftest.cpp
conftest.cpp:21:10: fatal error: ac_nonexistent.h: No such file or directory
 #include <ac_nonexistent.h>
          ^~~~~~~~~~~~~~~~~~
compilation terminated.
configure:14588: $? = 1
configure: failed program was:
| /* confdefs.h */
| #define PACKAGE_NAME "sbsms"
| #define PACKAGE_TARNAME "sbsms"
| #define PACKAGE_VERSION "2.0.0"
| #define PACKAGE_STRING "sbsms 2.0.0"
| #define PACKAGE_BUGREPORT ""
| #define PACKAGE_URL ""
| #define STDC_HEADERS 1
| #define HAVE_SYS_TYPES_H 1
| #define HAVE_SYS_STAT_H 1
| #define HAVE_STDLIB_H 1
| #define HAVE_STRING_H 1
| #define HAVE_MEMORY_H 1
| #define HAVE_STRINGS_H 1
| #define HAVE_INTTYPES_H 1
| #define HAVE_STDINT_H 1
| #define HAVE_UNISTD_H 1
| #define HAVE_DLFCN_H 1
| #define LT_OBJDIR ".libs/"
| /* end confdefs.h.  */
| #include <ac_nonexistent.h>
configure:14617: checking for C++ compiler vendor
configure:14641: g++ -c -g -O2  conftest.cpp >&5
conftest.cpp: In function 'int main()':
conftest.cpp:27:7: error: 'thisisanerror' was not declared in this scope
       thisisanerror;
       ^~~~~~~~~~~~~
configure:14641: $? = 1
configure: failed program was:
| /* confdefs.h */
| #define PACKAGE_NAME "sbsms"
| #define PACKAGE_TARNAME "sbsms"
| #define PACKAGE_VERSION "2.0.0"
| #define PACKAGE_STRING "sbsms 2.0.0"
| #define PACKAGE_BUGREPORT ""
| #define PACKAGE_URL ""
| #define STDC_HEADERS 1
| #define HAVE_SYS_TYPES_H 1
| #define HAVE_SYS_STAT_H 1
| #define HAVE_STDLIB_H 1
| #define HAVE_STRING_H 1
| #define HAVE_MEMORY_H 1
| #define HAVE_STRINGS_H 1
| #define HAVE_INTTYPES_H 1
| #define HAVE_STDINT_H 1
| #define HAVE_UNISTD_H 1
| #define HAVE_DLFCN_H 1
| #define LT_OBJDIR ".libs/"
| /* end confdefs.h.  */
| 
| int
| main ()
| {
| 
| #if !(defined(__ICC) || defined(__ECC) || defined(__INTEL_COMPILER))
|       thisisanerror;
| #endif
| 
|   ;
|   return 0;
| }
configure:14641: g++ -c -g -O2  conftest.cpp >&5
conftest.cpp: In function 'int main()':
conftest.cpp:27:7: error: 'thisisanerror' was not declared in this scope
       thisisanerror;
       ^~~~~~~~~~~~~
configure:14641: $? = 1
configure: failed program was:
| /* confdefs.h */
| #define PACKAGE_NAME "sbsms"
| #define PACKAGE_TARNAME "sbsms"
| #define PACKAGE_VERSION "2.0.0"
| #define PACKAGE_STRING "sbsms 2.0.0"
| #define PACKAGE_BUGREPORT ""
| #define PACKAGE_URL ""
| #define STDC_HEADERS 1
| #define HAVE_SYS_TYPES_H 1
| #define HAVE_SYS_STAT_H 1
| #define HAVE_STDLIB_H 1
| #define HAVE_STRING_H 1
| #define HAVE_MEMORY_H 1
| #define HAVE_STRINGS_H 1
| #define HAVE_INTTYPES_H 1
| #define HAVE_STDINT_H 1
| #define HAVE_UNISTD_H 1
| #define HAVE_DLFCN_H 1
| #define LT_OBJDIR ".libs/"
| /* end confdefs.h.  */
| 
| int
| main ()
| {
| 
| #if !(defined(__xlc__) || defined(__xlC__) || defined(__IBMC__) || defined(__IBMCPP__))
|       thisisanerror;
| #endif
| 
|   ;
|   return 0;
| }
configure:14641: g++ -c -g -O2  conftest.cpp >&5
conftest.cpp: In function 'int main()':
conftest.cpp:27:7: error: 'thisisanerror' was not declared in this scope
       thisisanerror;
       ^~~~~~~~~~~~~
configure:14641: $? = 1
configure: failed program was:
| /* confdefs.h */
| #define PACKAGE_NAME "sbsms"
| #define PACKAGE_TARNAME "sbsms"
| #define PACKAGE_VERSION "2.0.0"
| #define PACKAGE_STRING "sbsms 2.0.0"
| #define PACKAGE_BUGREPORT ""
| #define PACKAGE_URL ""
| #define STDC_HEADERS 1
| #define HAVE_SYS_TYPES_H 1
| #define HAVE_SYS_STAT_H 1
| #define HAVE_STDLIB_H 1
| #define HAVE_STRING_H 1
| #define HAVE_MEMORY_H 1
| #define HAVE_STRINGS_H 1
| #define HAVE_INTTYPES_H 1
| #define HAVE_STDINT_H 1
| #define HAVE_UNISTD_H 1
| #define HAVE_DLFCN_H 1
| #define LT_OBJDIR ".libs/"
| /* end confdefs.h.  */
| 
| int
| main ()
| {
| 
| #if !(defined(__PATHCC__) || defined(__PATHSCALE__))
|       thisisanerror;
| #endif
| 
|   ;
|   return 0;
| }
configure:14641: g++ -c -g -O2  conftest.cpp >&5
configure:14641: $? = 0
configure:14648: result: gnu
configure:14656: checking for lrint
configure:14677: g++ -c   conftest.cpp >&5
configure:14677: $? = 0
configure:14684: result: yes
configure:14692: checking for lrintf
configure:14713: g++ -c   conftest.cpp >&5
configure:14713: $? = 0
configure:14720: result: yes
configure:14801: checking whether C++ compiler accepts -msse
configure:14820: g++ -c -msse  conftest.cpp >&5
configure:14820: $? = 0
configure:14830: result: yes
configure:14851: g++ -c   conftest.cpp >&5
configure:14851: $? = 0
configure:14893: checking for a BSD-compatible install
configure:14961: result: /usr/bin/install -c
configure:14972: checking whether build environment is sane
configure:15027: result: yes
configure:15175: checking for a thread-safe mkdir -p
configure:15214: result: /bin/mkdir -p
configure:15217: checking whether make sets $(MAKE)
configure:15239: result: yes
configure:15268: checking whether make supports nested variables
configure:15285: result: yes
configure:15412: checking whether to enable maintainer-specific portions of Makefiles
configure:15421: result: no
configure:15547: checking that generated files are newer than configure
configure:15553: result: done
configure:15572: creating ./config.status

## ---------------------- ##
## Running config.status. ##
## ---------------------- ##

This file was extended by sbsms config.status 2.0.0, which was
generated by GNU Autoconf 2.69.  Invocation command line was

  CONFIG_FILES    = 
  CONFIG_HEADERS  = 
  CONFIG_LINKS    = 
  CONFIG_COMMANDS = 
  $ ./config.status 

on 2jh2xg2j

config.status:1144: creating Makefile
config.status:1144: creating src/Makefile
config.status:1144: creating libsbsms.spec
config.status:1144: creating sbsms.pc
config.status:1144: creating src/config.h
config.status:1310: src/config.h is unchanged
config.status:1358: executing libtool commands

## ---------------- ##
## Cache variables. ##
## ---------------- ##

ac_cv_build=x86_64-unknown-linux-gnu
ac_cv_c99_lrint=yes
ac_cv_c99_lrintf=yes
ac_cv_c_compiler_gnu=yes
ac_cv_cxx_compiler_gnu=yes
ac_cv_env_CCC_set=
ac_cv_env_CCC_value=
ac_cv_env_CC_set=
ac_cv_env_CC_value=
ac_cv_env_CFLAGS_set=
ac_cv_env_CFLAGS_value=
ac_cv_env_CPPFLAGS_set=
ac_cv_env_CPPFLAGS_value=
ac_cv_env_CPP_set=
ac_cv_env_CPP_value=
ac_cv_env_CXXCPP_set=
ac_cv_env_CXXCPP_value=
ac_cv_env_CXXFLAGS_set=
ac_cv_env_CXXFLAGS_value=
ac_cv_env_CXX_set=
ac_cv_env_CXX_value=
ac_cv_env_LDFLAGS_set=
ac_cv_env_LDFLAGS_value=
ac_cv_env_LIBS_set=
ac_cv_env_LIBS_value=
ac_cv_env_build_alias_set=
ac_cv_env_build_alias_value=
ac_cv_env_host_alias_set=
ac_cv_env_host_alias_value=
ac_cv_env_target_alias_set=
ac_cv_env_target_alias_value=
ac_cv_header_dlfcn_h=yes
ac_cv_header_inttypes_h=yes
ac_cv_header_memory_h=yes
ac_cv_header_stdc=yes
ac_cv_header_stdint_h=yes
ac_cv_header_stdlib_h=yes
ac_cv_header_string_h=yes
ac_cv_header_strings_h=yes
ac_cv_header_sys_stat_h=yes
ac_cv_header_sys_types_h=yes
ac_cv_header_unistd_h=yes
ac_cv_host=x86_64-unknown-linux-gnu
ac_cv_objext=o
ac_cv_path_EGREP='/bin/grep -E'
ac_cv_path_FGREP='/bin/grep -F'
ac_cv_path_GREP=/bin/grep
ac_cv_path_SED=/bin/sed
ac_cv_path_install='/usr/bin/install -c'
ac_cv_path_mkdir=/bin/mkdir
ac_cv_prog_AWK=gawk
ac_cv_prog_CPP='gcc -E'
ac_cv_prog_CXXCPP='g++ -E'
ac_cv_prog_ac_ct_AR=ar
ac_cv_prog_ac_ct_CC=gcc
ac_cv_prog_ac_ct_CXX=g++
ac_cv_prog_ac_ct_MANIFEST_TOOL=mt
ac_cv_prog_ac_ct_OBJDUMP=objdump
ac_cv_prog_ac_ct_RANLIB=ranlib
ac_cv_prog_ac_ct_STRIP=strip
ac_cv_prog_cc_c89=
ac_cv_prog_cc_g=yes
ac_cv_prog_cxx_g=yes
ac_cv_prog_make_make_set=yes
ac_cv_target=x86_64-unknown-linux-gnu
am_cv_ar_interface=ar
am_cv_make_support_nested_variables=yes
am_cv_prog_cc_c_o=yes
ax_cv_cxx_compiler_vendor=gnu
ax_cv_cxx_flags__msse=yes
lt_cv_ar_at_file=@
lt_cv_deplibs_check_method=pass_all
lt_cv_file_magic_cmd='$MAGIC_CMD'
lt_cv_file_magic_test_file=
lt_cv_ld_reload_flag=-r
lt_cv_nm_interface='BSD nm'
lt_cv_objdir=.libs
lt_cv_path_LD=/usr/bin/ld
lt_cv_path_LDCXX='/usr/bin/ld -m elf_x86_64'
lt_cv_path_NM='/usr/bin/nm -B'
lt_cv_path_mainfest_tool=no
lt_cv_prog_compiler_c_o=yes
lt_cv_prog_compiler_c_o_CXX=yes
lt_cv_prog_compiler_pic='-fPIC -DPIC'
lt_cv_prog_compiler_pic_CXX='-fPIC -DPIC'
lt_cv_prog_compiler_pic_works=yes
lt_cv_prog_compiler_pic_works_CXX=yes
lt_cv_prog_compiler_rtti_exceptions=no
lt_cv_prog_compiler_static_works=yes
lt_cv_prog_compiler_static_works_CXX=yes
lt_cv_prog_gnu_ld=yes
lt_cv_prog_gnu_ldcxx=yes
lt_cv_sharedlib_from_linklib_cmd='printf %s\n'
lt_cv_shlibpath_overrides_runpath=yes
lt_cv_sys_global_symbol_pipe='sed -n -e '\''s/^.*[	 ]\([ABCDGIRSTW][ABCDGIRSTW]*\)[	 ][	 ]*\([_A-Za-z][_A-Za-z0-9]*\)$/\1 \2 \2/p'\'' | sed '\''/ __gnu_lto/d'\'''
lt_cv_sys_global_symbol_to_c_name_address='sed -n -e '\''s/^: \([^ ]*\)[ ]*$/  {\"\1\", (void *) 0},/p'\'' -e '\''s/^[ABCDGIRSTW]* \([^ ]*\) \([^ ]*\)$/  {"\2", (void *) \&\2},/p'\'''
lt_cv_sys_global_symbol_to_c_name_address_lib_prefix='sed -n -e '\''s/^: \([^ ]*\)[ ]*$/  {\"\1\", (void *) 0},/p'\'' -e '\''s/^[ABCDGIRSTW]* \([^ ]*\) \(lib[^ ]*\)$/  {"\2", (void *) \&\2},/p'\'' -e '\''s/^[ABCDGIRSTW]* \([^ ]*\) \([^ ]*\)$/  {"lib\2", (void *) \&\2},/p'\'''
lt_cv_sys_global_symbol_to_cdecl='sed -n -e '\''s/^T .* \(.*\)$/extern int \1();/p'\'' -e '\''s/^[ABCDGIRSTW]* .* \(.*\)$/extern char \1;/p'\'''
lt_cv_sys_max_cmd_len=1572864
lt_cv_to_host_file_cmd=func_convert_file_noop
lt_cv_to_tool_file_cmd=func_convert_file_noop

## ----------------- ##
## Output variables. ##
## ----------------- ##

ACLOCAL='${SHELL} /home/user/projects/audacity-speech-tagger/audacity-minsrc-2.3.3/lib-src/sbsms/missing aclocal-1.14'
AMTAR='$${TAR-tar}'
AM_BACKSLASH='\'
AM_DEFAULT_V='$(AM_DEFAULT_VERBOSITY)'
AM_DEFAULT_VERBOSITY='1'
AM_V='$(V)'
AR='ar'
AUTOCONF='${SHELL} /home/user/projects/audacity-speech-tagger/audacity-minsrc-2.3.3/lib-src/sbsms/missing autoconf'
AUTOHEADER='${SHELL} /home/user/projects/audacity-speech-tagger/audacity-minsrc-2.3.3/lib-src/sbsms/missing autoheader'
AUTOMAKE='${SHELL} /home/user/projects/audacity-speech-tagger/audacity-minsrc-2.3.3/lib-src/sbsms/missing automake-1.14'
AWK='gawk'
CC='gcc'
CFLAGS='-g -O2'
CPP='gcc -E'
CPPFLAGS=''
CXX='g++'
CXXCPP='g++ -E'
CXXFLAGS=''
CYGPATH_W='echo'
DEFS='-DHAVE_CONFIG_H'
DLLTOOL='false'
DSYMUTIL=''
DUMPBIN=''
ECHO_C=''
ECHO_N='-n'
ECHO_T=''
EGREP='/bin/grep -E'
EXEEXT=''
FGREP='/bin/grep -F'
GREP='/bin/grep'
INSTALL_DATA='${INSTALL} -m 644'
INSTALL_PROGRAM='${INSTALL}'
INSTALL_SCRIPT='${INSTALL}'
INSTALL_STRIP_PROGRAM='$(install_sh) -c -s'
LD='/usr/bin/ld -m elf_x86_64'
LDFLAGS=''
LIBOBJS=''
LIBS=''
LIBTOOL='$(SHELL) $(top_builddir)/libtool'
LIPO=''
LN_S='ln -s'
LTLIBOBJS=''
MAINT='#'
MAINTAINER_MODE_FALSE=''
MAINTAINER_MODE_TRUE='#'
MAKEINFO='${SHELL} /home/user/projects/audacity-speech-tagger/audacity-minsrc-2.3.3/lib-src/sbsms/missing makeinfo'
MANIFEST_TOOL=':'
MKDIR_P='/bin/mkdir -p'
NM='/usr/bin/nm -B'
NMEDIT=''
OBJDUMP='objdump'
OBJEXT='o'
OTOOL64=''
OTOOL=''
PACKAGE='sbsms'
PACKAGE_BUGREPORT=''
PACKAGE_NAME='sbsms'
PACKAGE_STRING='sbsms 2.0.0'
PACKAGE_TARNAME='sbsms'
PACKAGE_URL=''
PACKAGE_VERSION='2.0.0'
PATH_SEPARATOR=':'
RANLIB='ranlib'
SBSMS_CFLAGS='-ffast-math -funroll-loops -O3 -fomit-frame-pointer -msse'
SED='/bin/sed'
SET_MAKE=''
SHARED_VERSION_INFO='10:0:0'
SHELL='/bin/bash'
SHLIB_VERSION_ARG=''
STRIP='strip'
VERSION='2.0.0'
ac_ct_AR='ar'
ac_ct_CC='gcc'
ac_ct_CXX='g++'
ac_ct_DUMPBIN=''
am__EXEEXT_FALSE=''
am__EXEEXT_TRUE='#'
am__isrc=' -I$(srcdir)'
am__leading_dot='.'
am__tar='$${TAR-tar} chof - "$$tardir"'
am__untar='$${TAR-tar} xf -'
bindir='${exec_prefix}/bin'
build='x86_64-unknown-linux-gnu'
build_alias=''
build_cpu='x86_64'
build_os='linux-gnu'
build_vendor='unknown'
datadir='${datarootdir}'
datarootdir='${prefix}/share'
docdir='${datarootdir}/doc/${PACKAGE_TARNAME}'
dvidir='${docdir}'
exec_prefix='${prefix}'
host='x86_64-unknown-linux-gnu'
host_alias=''
host_cpu='x86_64'
host_os='linux-gnu'
host_vendor='unknown'
htmldir='${docdir}'
includedir='${prefix}/include'
infodir='${datarootdir}/info'
install_sh='${SHELL} /home/user/projects/audacity-speech-tagger/audacity-minsrc-2.3.3/lib-src/sbsms/install-sh'
libdir='${exec_prefix}/lib'
libexecdir='${exec_prefix}/libexec'
localedir='${datarootdir}/locale'
localstatedir='${prefix}/var'
mandir='${datarootdir}/man'
mkdir_p='$(MKDIR_P)'
oldincludedir='/usr/include'
pdfdir='${docdir}'
prefix='/usr/local'
program_transform_name='s,x,x,'
psdir='${docdir}'
sbindir='${exec_prefix}/sbin'
sharedstatedir='${prefix}/com'
sysconfdir='${prefix}/etc'
target='x86_64-unknown-linux-gnu'
target_alias=''
target_cpu='x86_64'
target_os='linux-gnu'
target_vendor='unknown'

## ----------- ##
## confdefs.h. ##
## ----------- ##

/* confdefs.h */
#define PACKAGE_NAME "sbsms"
#define PACKAGE_TARNAME "sbsms"
#define PACKAGE_VERSION "2.0.0"
#define PACKAGE_STRING "sbsms 2.0.0"
#define PACKAGE_BUGREPORT ""
#define PACKAGE_URL ""
#define STDC_HEADERS 1
#define HAVE_SYS_TYPES_H 1
#define HAVE_SYS_STAT_H 1
#define HAVE_STDLIB_H 1
#define HAVE_STRING_H 1
#define HAVE_MEMORY_H 1
#define HAVE_STRINGS_H 1
#define HAVE_INTTYPES_H 1
#define HAVE_STDINT_H 1
#define HAVE_UNISTD_H 1
#define HAVE_DLFCN_H 1
#define LT_OBJDIR ".libs/"
#define HAVE_LRINT 1
#define HAVE_LRINTF 1
#define ENABLE_SSE 1
#define PACKAGE "sbsms"
#define VERSION "2.0.0"

configure: exit 0
