This file contains any messages produced by compilers while
running configure, to aid debugging if configure makes a mistake.

It was created by libwidgetextra configure 1.0, which was
generated by GNU Autoconf 2.69.  Invocation command line was

  $ ../../../lib-src/lib-widget-extra/configure --disable-option-checking --prefix=/usr/local/ --with-lib-preference=local system --with-ffmpeg=system --disable-dynamic-loading --with-mod-script-pipe --with-wx-config=/usr/bin/wx-config --enable-static=yes --enable-shared=no --disable-xmms-plugin --disable-doxygen-docs --disable-thorough-tests --disable-programs --disable-sqlite --disable-external-libs --disable-alsa --disable-programs --disable-programs PORTAUDIO_CFLAGS=-I/home/user/projects/audacity-speech-tagger/audacity-minsrc-2.3.3/build/../lib-src/portaudio-v19/include PORTAUDIO_LIBS=/home/user/projects/audacity-speech-tagger/audacity-minsrc-2.3.3/build/../lib-src/portaudio-v19/lib/libportaudio.la --cache-file=/dev/null --srcdir=../../../lib-src/lib-widget-extra

## --------- ##
## Platform. ##
## --------- ##

hostname = 2jh2xg2j
uname -m = x86_64
uname -r = 4.15.0-96-generic
uname -s = Linux
uname -v = #97-Ubuntu SMP Wed Apr 1 03:25:46 UTC 2020

/usr/bin/uname -p = unknown
/bin/uname -X     = unknown

/bin/arch              = unknown
/usr/bin/arch -k       = unknown
/usr/convex/getsysinfo = unknown
/usr/bin/hostinfo      = unknown
/bin/machine           = unknown
/usr/bin/oslevel       = unknown
/bin/universe          = unknown

PATH: /home/user/anaconda3/envs/py36/bin
PATH: /home/user/.rbenv/plugins/ruby-build/bin
PATH: /home/user/.rbenv/shims
PATH: /home/user/.rbenv/bin
PATH: /home/user/gems/bin
PATH: /home/user/anaconda3/bin
PATH: /usr/local/bin
PATH: /home/user/bin
PATH: /home/user/.local/bin
PATH: /usr/local/sbin
PATH: /usr/local/bin
PATH: /usr/sbin
PATH: /usr/bin
PATH: /sbin
PATH: /bin
PATH: /usr/games
PATH: /usr/local/games
PATH: /snap/bin
PATH: /usr/lib/jvm/java-8-oracle/bin
PATH: /usr/lib/jvm/java-8-oracle/db/bin
PATH: /usr/lib/jvm/java-8-oracle/jre/bin
PATH: /usr/share/logtalk/tools/lgtdoc/xml
PATH: /usr/share/logtalk/scripts
PATH: /usr/share/logtalk/integration


## ----------- ##
## Core tests. ##
## ----------- ##

configure:2374: checking for a BSD-compatible install
configure:2442: result: /usr/bin/install -c
configure:2453: checking whether build environment is sane
configure:2508: result: yes
configure:2659: checking for a thread-safe mkdir -p
configure:2698: result: /bin/mkdir -p
configure:2705: checking for gawk
configure:2721: found /usr/bin/gawk
configure:2732: result: gawk
configure:2743: checking whether make sets $(MAKE)
configure:2765: result: yes
configure:2794: checking whether make supports nested variables
configure:2811: result: yes
configure:2937: checking whether to enable maintainer-specific portions of Makefiles
configure:2946: result: no
configure:2972: checking for style of include used by make
configure:3000: result: GNU
configure:3071: checking for gcc
configure:3087: found /usr/bin/gcc
configure:3098: result: gcc
configure:3327: checking for C compiler version
configure:3336: gcc --version >&5
gcc (Ubuntu 7.5.0-3ubuntu1~18.04) 7.5.0
Copyright (C) 2017 Free Software Foundation, Inc.
This is free software; see the source for copying conditions.  There is NO
warranty; not even for MERCHANTABILITY or FITNESS FOR A PARTICULAR PURPOSE.

configure:3347: $? = 0
configure:3336: gcc -v >&5
Using built-in specs.
COLLECT_GCC=gcc
COLLECT_LTO_WRAPPER=/usr/lib/gcc/x86_64-linux-gnu/7/lto-wrapper
OFFLOAD_TARGET_NAMES=nvptx-none
OFFLOAD_TARGET_DEFAULT=1
Target: x86_64-linux-gnu
Configured with: ../src/configure -v --with-pkgversion='Ubuntu 7.5.0-3ubuntu1~18.04' --with-bugurl=file:///usr/share/doc/gcc-7/README.Bugs --enable-languages=c,ada,c++,go,brig,d,fortran,objc,obj-c++ --prefix=/usr --with-gcc-major-version-only --program-suffix=-7 --program-prefix=x86_64-linux-gnu- --enable-shared --enable-linker-build-id --libexecdir=/usr/lib --without-included-gettext --enable-threads=posix --libdir=/usr/lib --enable-nls --enable-bootstrap --enable-clocale=gnu --enable-libstdcxx-debug --enable-libstdcxx-time=yes --with-default-libstdcxx-abi=new --enable-gnu-unique-object --disable-vtable-verify --enable-libmpx --enable-plugin --enable-default-pie --with-system-zlib --with-target-system-zlib --enable-objc-gc=auto --enable-multiarch --disable-werror --with-arch-32=i686 --with-abi=m64 --with-multilib-list=m32,m64,mx32 --enable-multilib --with-tune=generic --enable-offload-targets=nvptx-none --without-cuda-driver --enable-checking=release --build=x86_64-linux-gnu --host=x86_64-linux-gnu --target=x86_64-linux-gnu
Thread model: posix
gcc version 7.5.0 (Ubuntu 7.5.0-3ubuntu1~18.04) 
configure:3347: $? = 0
configure:3336: gcc -V >&5
gcc: error: unrecognized command line option '-V'
gcc: fatal error: no input files
compilation terminated.
configure:3347: $? = 1
configure:3336: gcc -qversion >&5
gcc: error: unrecognized command line option '-qversion'; did you mean '--version'?
gcc: fatal error: no input files
compilation terminated.
configure:3347: $? = 1
configure:3367: checking whether the C compiler works
configure:3389: gcc    conftest.c  >&5
configure:3393: $? = 0
configure:3441: result: yes
configure:3444: checking for C compiler default output file name
configure:3446: result: a.out
configure:3452: checking for suffix of executables
configure:3459: gcc -o conftest    conftest.c  >&5
configure:3463: $? = 0
configure:3485: result: 
configure:3507: checking whether we are cross compiling
configure:3515: gcc -o conftest    conftest.c  >&5
configure:3519: $? = 0
configure:3526: ./conftest
configure:3530: $? = 0
configure:3545: result: no
configure:3550: checking for suffix of object files
configure:3572: gcc -c   conftest.c >&5
configure:3576: $? = 0
configure:3597: result: o
configure:3601: checking whether we are using the GNU C compiler
configure:3620: gcc -c   conftest.c >&5
configure:3620: $? = 0
configure:3629: result: yes
configure:3638: checking whether gcc accepts -g
configure:3658: gcc -c -g  conftest.c >&5
configure:3658: $? = 0
configure:3699: result: yes
configure:3716: checking for gcc option to accept ISO C89
configure:3779: gcc  -c -g -O2  conftest.c >&5
configure:3779: $? = 0
configure:3792: result: none needed
configure:3817: checking whether gcc understands -c and -o together
configure:3839: gcc -c conftest.c -o conftest2.o
configure:3842: $? = 0
configure:3839: gcc -c conftest.c -o conftest2.o
configure:3842: $? = 0
configure:3854: result: yes
configure:3873: checking dependency style of gcc
configure:3984: result: gcc3
configure:4049: checking for ar
configure:4065: found /usr/bin/ar
configure:4076: result: ar
configure:4102: checking the archiver (ar) interface
configure:4118: gcc -c -g -O2  conftest.c >&5
configure:4118: $? = 0
configure:4120: ar cru libconftest.a conftest.o >&5
ar: `u' modifier ignored since `D' is the default (see `U')
configure:4123: $? = 0
configure:4151: result: ar
configure:4200: checking build system type
configure:4214: result: x86_64-unknown-linux-gnu
configure:4234: checking host system type
configure:4247: result: x86_64-unknown-linux-gnu
configure:4288: checking how to print strings
configure:4315: result: printf
configure:4336: checking for a sed that does not truncate output
configure:4400: result: /bin/sed
configure:4418: checking for grep that handles long lines and -e
configure:4476: result: /bin/grep
configure:4481: checking for egrep
configure:4543: result: /bin/grep -E
configure:4548: checking for fgrep
configure:4610: result: /bin/grep -F
configure:4645: checking for ld used by gcc
configure:4712: result: /usr/bin/ld
configure:4719: checking if the linker (/usr/bin/ld) is GNU ld
configure:4734: result: yes
configure:4746: checking for BSD- or MS-compatible name lister (nm)
configure:4795: result: /usr/bin/nm -B
configure:4925: checking the name lister (/usr/bin/nm -B) interface
configure:4932: gcc -c -g -O2  conftest.c >&5
configure:4935: /usr/bin/nm -B "conftest.o"
configure:4938: output
0000000000000000 B some_variable
configure:4945: result: BSD nm
configure:4948: checking whether ln -s works
configure:4952: result: yes
configure:4960: checking the maximum length of command line arguments
configure:5091: result: 1572864
configure:5108: checking whether the shell understands some XSI constructs
configure:5118: result: yes
configure:5122: checking whether the shell understands "+="
configure:5128: result: yes
configure:5163: checking how to convert x86_64-unknown-linux-gnu file names to x86_64-unknown-linux-gnu format
configure:5203: result: func_convert_file_noop
configure:5210: checking how to convert x86_64-unknown-linux-gnu file names to toolchain format
configure:5230: result: func_convert_file_noop
configure:5237: checking for /usr/bin/ld option to reload object files
configure:5244: result: -r
configure:5318: checking for objdump
configure:5334: found /usr/bin/objdump
configure:5345: result: objdump
configure:5377: checking how to recognize dependent libraries
configure:5575: result: pass_all
configure:5660: checking for dlltool
configure:5690: result: no
configure:5720: checking how to associate runtime and link libraries
configure:5747: result: printf %s\n
configure:5871: checking for archiver @FILE support
configure:5888: gcc -c -g -O2  conftest.c >&5
configure:5888: $? = 0
configure:5891: ar cru libconftest.a @conftest.lst >&5
ar: `u' modifier ignored since `D' is the default (see `U')
configure:5894: $? = 0
configure:5899: ar cru libconftest.a @conftest.lst >&5
ar: `u' modifier ignored since `D' is the default (see `U')
ar: conftest.o: No such file or directory
configure:5902: $? = 1
configure:5914: result: @
configure:5972: checking for strip
configure:5988: found /usr/bin/strip
configure:5999: result: strip
configure:6071: checking for ranlib
configure:6087: found /usr/bin/ranlib
configure:6098: result: ranlib
configure:6200: checking command to parse /usr/bin/nm -B output from gcc object
configure:6320: gcc -c -g -O2  conftest.c >&5
configure:6323: $? = 0
configure:6327: /usr/bin/nm -B conftest.o \| sed -n -e 's/^.*[ ]\([ABCDGIRSTW][ABCDGIRSTW]*\)[ ][ ]*\([_A-Za-z][_A-Za-z0-9]*\)$/\1 \2 \2/p' | sed '/ __gnu_lto/d' \> conftest.nm
configure:6330: $? = 0
configure:6396: gcc -o conftest -g -O2   conftest.c conftstm.o >&5
configure:6399: $? = 0
configure:6437: result: ok
configure:6474: checking for sysroot
configure:6504: result: no
configure:6581: gcc -c -g -O2  conftest.c >&5
configure:6584: $? = 0
configure:6773: checking for mt
configure:6789: found /bin/mt
configure:6800: result: mt
configure:6823: checking if mt is a manifest tool
configure:6829: mt '-?'
configure:6837: result: no
configure:7479: checking how to run the C preprocessor
configure:7510: gcc -E  conftest.c
configure:7510: $? = 0
configure:7524: gcc -E  conftest.c
conftest.c:11:10: fatal error: ac_nonexistent.h: No such file or directory
 #include <ac_nonexistent.h>
          ^~~~~~~~~~~~~~~~~~
compilation terminated.
configure:7524: $? = 1
configure: failed program was:
| /* confdefs.h */
| #define PACKAGE_NAME "libwidgetextra"
| #define PACKAGE_TARNAME "libwidgetextra"
| #define PACKAGE_VERSION "1.0"
| #define PACKAGE_STRING "libwidgetextra 1.0"
| #define PACKAGE_BUGREPORT ""
| #define PACKAGE_URL ""
| #define PACKAGE "libwidgetextra"
| #define VERSION "1.0"
| /* end confdefs.h.  */
| #include <ac_nonexistent.h>
configure:7549: result: gcc -E
configure:7569: gcc -E  conftest.c
configure:7569: $? = 0
configure:7583: gcc -E  conftest.c
conftest.c:11:10: fatal error: ac_nonexistent.h: No such file or directory
 #include <ac_nonexistent.h>
          ^~~~~~~~~~~~~~~~~~
compilation terminated.
configure:7583: $? = 1
configure: failed program was:
| /* confdefs.h */
| #define PACKAGE_NAME "libwidgetextra"
| #define PACKAGE_TARNAME "libwidgetextra"
| #define PACKAGE_VERSION "1.0"
| #define PACKAGE_STRING "libwidgetextra 1.0"
| #define PACKAGE_BUGREPORT ""
| #define PACKAGE_URL ""
| #define PACKAGE "libwidgetextra"
| #define VERSION "1.0"
| /* end confdefs.h.  */
| #include <ac_nonexistent.h>
configure:7612: checking for ANSI C header files
configure:7632: gcc -c -g -O2  conftest.c >&5
configure:7632: $? = 0
configure:7705: gcc -o conftest -g -O2   conftest.c  >&5
configure:7705: $? = 0
configure:7705: ./conftest
configure:7705: $? = 0
configure:7716: result: yes
configure:7729: checking for sys/types.h
configure:7729: gcc -c -g -O2  conftest.c >&5
configure:7729: $? = 0
configure:7729: result: yes
configure:7729: checking for sys/stat.h
configure:7729: gcc -c -g -O2  conftest.c >&5
configure:7729: $? = 0
configure:7729: result: yes
configure:7729: checking for stdlib.h
configure:7729: gcc -c -g -O2  conftest.c >&5
configure:7729: $? = 0
configure:7729: result: yes
configure:7729: checking for string.h
configure:7729: gcc -c -g -O2  conftest.c >&5
configure:7729: $? = 0
configure:7729: result: yes
configure:7729: checking for memory.h
configure:7729: gcc -c -g -O2  conftest.c >&5
configure:7729: $? = 0
configure:7729: result: yes
configure:7729: checking for strings.h
configure:7729: gcc -c -g -O2  conftest.c >&5
configure:7729: $? = 0
configure:7729: result: yes
configure:7729: checking for inttypes.h
configure:7729: gcc -c -g -O2  conftest.c >&5
configure:7729: $? = 0
configure:7729: result: yes
configure:7729: checking for stdint.h
configure:7729: gcc -c -g -O2  conftest.c >&5
configure:7729: $? = 0
configure:7729: result: yes
configure:7729: checking for unistd.h
configure:7729: gcc -c -g -O2  conftest.c >&5
configure:7729: $? = 0
configure:7729: result: yes
configure:7743: checking for dlfcn.h
configure:7743: gcc -c -g -O2  conftest.c >&5
configure:7743: $? = 0
configure:7743: result: yes
configure:7949: checking for objdir
configure:7964: result: .libs
configure:8235: checking if gcc supports -fno-rtti -fno-exceptions
configure:8253: gcc -c -g -O2  -fno-rtti -fno-exceptions conftest.c >&5
cc1: warning: command line option '-fno-rtti' is valid for C++/ObjC++ but not for C
configure:8257: $? = 0
configure:8270: result: no
configure:8597: checking for gcc option to produce PIC
configure:8604: result: -fPIC -DPIC
configure:8612: checking if gcc PIC flag -fPIC -DPIC works
configure:8630: gcc -c -g -O2  -fPIC -DPIC -DPIC conftest.c >&5
configure:8634: $? = 0
configure:8647: result: yes
configure:8676: checking if gcc static flag -static works
configure:8704: result: yes
configure:8719: checking if gcc supports -c -o file.o
configure:8740: gcc -c -g -O2  -o out/conftest2.o conftest.c >&5
configure:8744: $? = 0
configure:8766: result: yes
configure:8774: checking if gcc supports -c -o file.o
configure:8821: result: yes
configure:8854: checking whether the gcc linker (/usr/bin/ld -m elf_x86_64) supports shared libraries
configure:10011: result: yes
configure:10251: checking dynamic linker characteristics
configure:10751: gcc -o conftest -g -O2   -Wl,-rpath -Wl,/foo conftest.c  >&5
configure:10751: $? = 0
configure:10985: result: GNU/Linux ld.so
configure:11092: checking how to hardcode library paths into programs
configure:11117: result: immediate
configure:11657: checking whether stripping libraries is possible
configure:11662: result: yes
configure:11697: checking if libtool supports shared libraries
configure:11699: result: yes
configure:11702: checking whether to build shared libraries
configure:11723: result: no
configure:11726: checking whether to build static libraries
configure:11730: result: yes
configure:11819: checking for gcc
configure:11846: result: gcc
configure:12075: checking for C compiler version
configure:12084: gcc --version >&5
gcc (Ubuntu 7.5.0-3ubuntu1~18.04) 7.5.0
Copyright (C) 2017 Free Software Foundation, Inc.
This is free software; see the source for copying conditions.  There is NO
warranty; not even for MERCHANTABILITY or FITNESS FOR A PARTICULAR PURPOSE.

configure:12095: $? = 0
configure:12084: gcc -v >&5
Using built-in specs.
COLLECT_GCC=gcc
COLLECT_LTO_WRAPPER=/usr/lib/gcc/x86_64-linux-gnu/7/lto-wrapper
OFFLOAD_TARGET_NAMES=nvptx-none
OFFLOAD_TARGET_DEFAULT=1
Target: x86_64-linux-gnu
Configured with: ../src/configure -v --with-pkgversion='Ubuntu 7.5.0-3ubuntu1~18.04' --with-bugurl=file:///usr/share/doc/gcc-7/README.Bugs --enable-languages=c,ada,c++,go,brig,d,fortran,objc,obj-c++ --prefix=/usr --with-gcc-major-version-only --program-suffix=-7 --program-prefix=x86_64-linux-gnu- --enable-shared --enable-linker-build-id --libexecdir=/usr/lib --without-included-gettext --enable-threads=posix --libdir=/usr/lib --enable-nls --enable-bootstrap --enable-clocale=gnu --enable-libstdcxx-debug --enable-libstdcxx-time=yes --with-default-libstdcxx-abi=new --enable-gnu-unique-object --disable-vtable-verify --enable-libmpx --enable-plugin --enable-default-pie --with-system-zlib --with-target-system-zlib --enable-objc-gc=auto --enable-multiarch --disable-werror --with-arch-32=i686 --with-abi=m64 --with-multilib-list=m32,m64,mx32 --enable-multilib --with-tune=generic --enable-offload-targets=nvptx-none --without-cuda-driver --enable-checking=release --build=x86_64-linux-gnu --host=x86_64-linux-gnu --target=x86_64-linux-gnu
Thread model: posix
gcc version 7.5.0 (Ubuntu 7.5.0-3ubuntu1~18.04) 
configure:12095: $? = 0
configure:12084: gcc -V >&5
gcc: error: unrecognized command line option '-V'
gcc: fatal error: no input files
compilation terminated.
configure:12095: $? = 1
configure:12084: gcc -qversion >&5
gcc: error: unrecognized command line option '-qversion'; did you mean '--version'?
gcc: fatal error: no input files
compilation terminated.
configure:12095: $? = 1
configure:12099: checking whether we are using the GNU C compiler
configure:12127: result: yes
configure:12136: checking whether gcc accepts -g
configure:12197: result: yes
configure:12214: checking for gcc option to accept ISO C89
configure:12290: result: none needed
configure:12315: checking whether gcc understands -c and -o together
configure:12352: result: yes
configure:12371: checking dependency style of gcc
configure:12482: result: gcc3
configure:12561: checking for g++
configure:12577: found /usr/bin/g++
configure:12588: result: g++
configure:12615: checking for C++ compiler version
configure:12624: g++ --version >&5
g++ (Ubuntu 7.5.0-3ubuntu1~18.04) 7.5.0
Copyright (C) 2017 Free Software Foundation, Inc.
This is free software; see the source for copying conditions.  There is NO
warranty; not even for MERCHANTABILITY or FITNESS FOR A PARTICULAR PURPOSE.

configure:12635: $? = 0
configure:12624: g++ -v >&5
Using built-in specs.
COLLECT_GCC=g++
COLLECT_LTO_WRAPPER=/usr/lib/gcc/x86_64-linux-gnu/7/lto-wrapper
OFFLOAD_TARGET_NAMES=nvptx-none
OFFLOAD_TARGET_DEFAULT=1
Target: x86_64-linux-gnu
Configured with: ../src/configure -v --with-pkgversion='Ubuntu 7.5.0-3ubuntu1~18.04' --with-bugurl=file:///usr/share/doc/gcc-7/README.Bugs --enable-languages=c,ada,c++,go,brig,d,fortran,objc,obj-c++ --prefix=/usr --with-gcc-major-version-only --program-suffix=-7 --program-prefix=x86_64-linux-gnu- --enable-shared --enable-linker-build-id --libexecdir=/usr/lib --without-included-gettext --enable-threads=posix --libdir=/usr/lib --enable-nls --enable-bootstrap --enable-clocale=gnu --enable-libstdcxx-debug --enable-libstdcxx-time=yes --with-default-libstdcxx-abi=new --enable-gnu-unique-object --disable-vtable-verify --enable-libmpx --enable-plugin --enable-default-pie --with-system-zlib --with-target-system-zlib --enable-objc-gc=auto --enable-multiarch --disable-werror --with-arch-32=i686 --with-abi=m64 --with-multilib-list=m32,m64,mx32 --enable-multilib --with-tune=generic --enable-offload-targets=nvptx-none --without-cuda-driver --enable-checking=release --build=x86_64-linux-gnu --host=x86_64-linux-gnu --target=x86_64-linux-gnu
Thread model: posix
gcc version 7.5.0 (Ubuntu 7.5.0-3ubuntu1~18.04) 
configure:12635: $? = 0
configure:12624: g++ -V >&5
g++: error: unrecognized command line option '-V'
g++: fatal error: no input files
compilation terminated.
configure:12635: $? = 1
configure:12624: g++ -qversion >&5
g++: error: unrecognized command line option '-qversion'; did you mean '--version'?
g++: fatal error: no input files
compilation terminated.
configure:12635: $? = 1
configure:12639: checking whether we are using the GNU C++ compiler
configure:12658: g++ -c   conftest.cpp >&5
configure:12658: $? = 0
configure:12667: result: yes
configure:12676: checking whether g++ accepts -g
configure:12696: g++ -c -g  conftest.cpp >&5
configure:12696: $? = 0
configure:12737: result: yes
configure:12762: checking dependency style of g++
configure:12873: result: gcc3
configure:12906: checking how to run the C++ preprocessor
configure:12933: g++ -E  conftest.cpp
configure:12933: $? = 0
configure:12947: g++ -E  conftest.cpp
conftest.cpp:23:10: fatal error: ac_nonexistent.h: No such file or directory
 #include <ac_nonexistent.h>
          ^~~~~~~~~~~~~~~~~~
compilation terminated.
configure:12947: $? = 1
configure: failed program was:
| /* confdefs.h */
| #define PACKAGE_NAME "libwidgetextra"
| #define PACKAGE_TARNAME "libwidgetextra"
| #define PACKAGE_VERSION "1.0"
| #define PACKAGE_STRING "libwidgetextra 1.0"
| #define PACKAGE_BUGREPORT ""
| #define PACKAGE_URL ""
| #define PACKAGE "libwidgetextra"
| #define VERSION "1.0"
| #define STDC_HEADERS 1
| #define HAVE_SYS_TYPES_H 1
| #define HAVE_SYS_STAT_H 1
| #define HAVE_STDLIB_H 1
| #define HAVE_STRING_H 1
| #define HAVE_MEMORY_H 1
| #define HAVE_STRINGS_H 1
| #define HAVE_INTTYPES_H 1
| #define HAVE_STDINT_H 1
| #define HAVE_UNISTD_H 1
| #define HAVE_DLFCN_H 1
| #define LT_OBJDIR ".libs/"
| /* end confdefs.h.  */
| #include <ac_nonexistent.h>
configure:12972: result: g++ -E
configure:12992: g++ -E  conftest.cpp
configure:12992: $? = 0
configure:13006: g++ -E  conftest.cpp
conftest.cpp:23:10: fatal error: ac_nonexistent.h: No such file or directory
 #include <ac_nonexistent.h>
          ^~~~~~~~~~~~~~~~~~
compilation terminated.
configure:13006: $? = 1
configure: failed program was:
| /* confdefs.h */
| #define PACKAGE_NAME "libwidgetextra"
| #define PACKAGE_TARNAME "libwidgetextra"
| #define PACKAGE_VERSION "1.0"
| #define PACKAGE_STRING "libwidgetextra 1.0"
| #define PACKAGE_BUGREPORT ""
| #define PACKAGE_URL ""
| #define PACKAGE "libwidgetextra"
| #define VERSION "1.0"
| #define STDC_HEADERS 1
| #define HAVE_SYS_TYPES_H 1
| #define HAVE_SYS_STAT_H 1
| #define HAVE_STDLIB_H 1
| #define HAVE_STRING_H 1
| #define HAVE_MEMORY_H 1
| #define HAVE_STRINGS_H 1
| #define HAVE_INTTYPES_H 1
| #define HAVE_STDINT_H 1
| #define HAVE_UNISTD_H 1
| #define HAVE_DLFCN_H 1
| #define LT_OBJDIR ".libs/"
| /* end confdefs.h.  */
| #include <ac_nonexistent.h>
configure:13175: checking for ld used by g++
configure:13242: result: /usr/bin/ld -m elf_x86_64
configure:13249: checking if the linker (/usr/bin/ld -m elf_x86_64) is GNU ld
configure:13264: result: yes
configure:13319: checking whether the g++ linker (/usr/bin/ld -m elf_x86_64) supports shared libraries
configure:14321: result: yes
configure:14357: g++ -c -g -O2  conftest.cpp >&5
configure:14360: $? = 0
configure:14880: checking for g++ option to produce PIC
configure:14887: result: -fPIC -DPIC
configure:14895: checking if g++ PIC flag -fPIC -DPIC works
configure:14913: g++ -c -g -O2  -fPIC -DPIC -DPIC conftest.cpp >&5
configure:14917: $? = 0
configure:14930: result: yes
configure:14953: checking if g++ static flag -static works
configure:14981: result: yes
configure:14993: checking if g++ supports -c -o file.o
configure:15014: g++ -c -g -O2  -o out/conftest2.o conftest.cpp >&5
configure:15018: $? = 0
configure:15040: result: yes
configure:15045: checking if g++ supports -c -o file.o
configure:15092: result: yes
configure:15122: checking whether the g++ linker (/usr/bin/ld -m elf_x86_64) supports shared libraries
configure:15161: result: yes
configure:15302: checking dynamic linker characteristics
configure:15970: result: GNU/Linux ld.so
configure:16023: checking how to hardcode library paths into programs
configure:16048: result: immediate
configure:16093: checking how to run the C++ preprocessor
configure:16159: result: g++ -E
configure:16179: g++ -E  conftest.cpp
configure:16179: $? = 0
configure:16193: g++ -E  conftest.cpp
conftest.cpp:23:10: fatal error: ac_nonexistent.h: No such file or directory
 #include <ac_nonexistent.h>
          ^~~~~~~~~~~~~~~~~~
compilation terminated.
configure:16193: $? = 1
configure: failed program was:
| /* confdefs.h */
| #define PACKAGE_NAME "libwidgetextra"
| #define PACKAGE_TARNAME "libwidgetextra"
| #define PACKAGE_VERSION "1.0"
| #define PACKAGE_STRING "libwidgetextra 1.0"
| #define PACKAGE_BUGREPORT ""
| #define PACKAGE_URL ""
| #define PACKAGE "libwidgetextra"
| #define VERSION "1.0"
| #define STDC_HEADERS 1
| #define HAVE_SYS_TYPES_H 1
| #define HAVE_SYS_STAT_H 1
| #define HAVE_STDLIB_H 1
| #define HAVE_STRING_H 1
| #define HAVE_MEMORY_H 1
| #define HAVE_STRINGS_H 1
| #define HAVE_INTTYPES_H 1
| #define HAVE_STDINT_H 1
| #define HAVE_UNISTD_H 1
| #define HAVE_DLFCN_H 1
| #define LT_OBJDIR ".libs/"
| /* end confdefs.h.  */
| #include <ac_nonexistent.h>
configure:16255: checking CFLAGS for strict prototypes
configure:16282: gcc -c -g -O2 -DwxDEBUG_LEVEL=0 -pedantic  -fstrict-prototypes -Wstrict-prototypes  conftest.c >&5
gcc: error: unrecognized command line option '-fstrict-prototypes'; did you mean '-Wstrict-prototypes'?
configure:16282: $? = 1
configure: failed program was:
| /* confdefs.h */
| #define PACKAGE_NAME "libwidgetextra"
| #define PACKAGE_TARNAME "libwidgetextra"
| #define PACKAGE_VERSION "1.0"
| #define PACKAGE_STRING "libwidgetextra 1.0"
| #define PACKAGE_BUGREPORT ""
| #define PACKAGE_URL ""
| #define PACKAGE "libwidgetextra"
| #define VERSION "1.0"
| #define STDC_HEADERS 1
| #define HAVE_SYS_TYPES_H 1
| #define HAVE_SYS_STAT_H 1
| #define HAVE_STDLIB_H 1
| #define HAVE_STRING_H 1
| #define HAVE_MEMORY_H 1
| #define HAVE_STRINGS_H 1
| #define HAVE_INTTYPES_H 1
| #define HAVE_STDINT_H 1
| #define HAVE_UNISTD_H 1
| #define HAVE_DLFCN_H 1
| #define LT_OBJDIR ".libs/"
| /* end confdefs.h.  */
| 
| int
| main ()
| {
| return 0;
|   ;
|   return 0;
| }
configure:16282: gcc -c -g -O2 -DwxDEBUG_LEVEL=0 -pedantic  -Wstrict-prototypes  conftest.c >&5
conftest.c:25:1: warning: function declaration isn't a prototype [-Wstrict-prototypes]
 main ()
 ^~~~
configure:16282: $? = 0
configure:16304: gcc -c -g -O2 -DwxDEBUG_LEVEL=0 -pedantic  -Wstrict-prototypes  conftest.c >&5
conftest.c:25:1: warning: function declaration isn't a prototype [-Wstrict-prototypes]
 main ()
 ^~~~
configure:16304: $? = 0
configure:16324: result: -Wstrict-prototypes
configure:16337: : CFLAGS="$CFLAGS $ac_cv_cflags_strict_prototypes"
configure:16340: $? = 0
configure:16348: checking wall_flags for maximum warnings
configure:16375: gcc -c -g -O2 -DwxDEBUG_LEVEL=0 -Wstrict-prototypes -pedantic  -Wall  conftest.c >&5
conftest.c:25:1: warning: function declaration isn't a prototype [-Wstrict-prototypes]
 main ()
 ^~~~
configure:16375: $? = 0
configure:16389: result: -Wall
configure:16402: : wall_flags="$wall_flags $ac_cv_cflags_warn_all"
configure:16405: $? = 0
configure:16420: checking whether the C++ compiler accepts the  -Wall flag
configure:16449: g++ -c  -DwxDEBUG_LEVEL=0  -Wall  conftest.cpp >&5
configure:16449: $? = 0
configure:16472: result: yes
configure:16498: checking whether the C++ preprocessor accepts the  -Wall flag
configure:16527: g++ -E  conftest.cpp
configure:16527: $? = 0
configure:16550: result: yes
configure:16574: checking for wx-config
configure:16593: found /usr/bin/wx-config
configure:16605: result: /usr/bin/wx-config
configure:16632: Checking that the chosen version of wxWidgets is 3.1.x (or 3.0.x)
configure:16662: checking for an ANSI C-conforming const
configure:16728: g++ -c  -DwxDEBUG_LEVEL=0  -Wall   -Wall conftest.cpp >&5
configure:16728: $? = 0
configure:16735: result: yes
configure:16743: checking for size_t
configure:16743: g++ -c  -DwxDEBUG_LEVEL=0  -Wall   -Wall conftest.cpp >&5
configure:16743: $? = 0
configure:16743: g++ -c  -DwxDEBUG_LEVEL=0  -Wall   -Wall conftest.cpp >&5
conftest.cpp: In function 'int main()':
conftest.cpp:59:20: error: expected primary-expression before ')' token
 if (sizeof ((size_t)))
                    ^
configure:16743: $? = 1
configure: failed program was:
| /* confdefs.h */
| #define PACKAGE_NAME "libwidgetextra"
| #define PACKAGE_TARNAME "libwidgetextra"
| #define PACKAGE_VERSION "1.0"
| #define PACKAGE_STRING "libwidgetextra 1.0"
| #define PACKAGE_BUGREPORT ""
| #define PACKAGE_URL ""
| #define PACKAGE "libwidgetextra"
| #define VERSION "1.0"
| #define STDC_HEADERS 1
| #define HAVE_SYS_TYPES_H 1
| #define HAVE_SYS_STAT_H 1
| #define HAVE_STDLIB_H 1
| #define HAVE_STRING_H 1
| #define HAVE_MEMORY_H 1
| #define HAVE_STRINGS_H 1
| #define HAVE_INTTYPES_H 1
| #define HAVE_STDINT_H 1
| #define HAVE_UNISTD_H 1
| #define HAVE_DLFCN_H 1
| #define LT_OBJDIR ".libs/"
| /* end confdefs.h.  */
| #include <stdio.h>
| #ifdef HAVE_SYS_TYPES_H
| # include <sys/types.h>
| #endif
| #ifdef HAVE_SYS_STAT_H
| # include <sys/stat.h>
| #endif
| #ifdef STDC_HEADERS
| # include <stdlib.h>
| # include <stddef.h>
| #else
| # ifdef HAVE_STDLIB_H
| #  include <stdlib.h>
| # endif
| #endif
| #ifdef HAVE_STRING_H
| # if !defined STDC_HEADERS && defined HAVE_MEMORY_H
| #  include <memory.h>
| # endif
| # include <string.h>
| #endif
| #ifdef HAVE_STRINGS_H
| # include <strings.h>
| #endif
| #ifdef HAVE_INTTYPES_H
| # include <inttypes.h>
| #endif
| #ifdef HAVE_STDINT_H
| # include <stdint.h>
| #endif
| #ifdef HAVE_UNISTD_H
| # include <unistd.h>
| #endif
| int
| main ()
| {
| if (sizeof ((size_t)))
| 	    return 0;
|   ;
|   return 0;
| }
configure:16743: result: yes
configure:16903: checking that generated files are newer than configure
configure:16909: result: done
configure:16944: creating ./config.status

## ---------------------- ##
## Running config.status. ##
## ---------------------- ##

This file was extended by libwidgetextra config.status 1.0, which was
generated by GNU Autoconf 2.69.  Invocation command line was

  CONFIG_FILES    = 
  CONFIG_HEADERS  = 
  CONFIG_LINKS    = 
  CONFIG_COMMANDS = 
  $ ./config.status 

on 2jh2xg2j

config.status:1075: creating libwidgetextra.pc
config.status:1075: creating Makefile
config.status:1232: executing depfiles commands
config.status:1232: executing libtool commands

## ---------------- ##
## Cache variables. ##
## ---------------- ##

ac_cv_build=x86_64-unknown-linux-gnu
ac_cv_c_compiler_gnu=yes
ac_cv_c_const=yes
ac_cv_cflags_strict_prototypes=-Wstrict-prototypes
ac_cv_cflags_warn_all=-Wall
ac_cv_cxx_compiler_gnu=yes
ac_cv_env_CCC_set=
ac_cv_env_CCC_value=
ac_cv_env_CC_set=
ac_cv_env_CC_value=
ac_cv_env_CFLAGS_set=
ac_cv_env_CFLAGS_value=
ac_cv_env_CPPFLAGS_set=
ac_cv_env_CPPFLAGS_value=
ac_cv_env_CPP_set=
ac_cv_env_CPP_value=
ac_cv_env_CXXCPP_set=
ac_cv_env_CXXCPP_value=
ac_cv_env_CXXFLAGS_set=
ac_cv_env_CXXFLAGS_value=
ac_cv_env_CXX_set=
ac_cv_env_CXX_value=
ac_cv_env_LDFLAGS_set=
ac_cv_env_LDFLAGS_value=
ac_cv_env_LIBS_set=
ac_cv_env_LIBS_value=
ac_cv_env_build_alias_set=
ac_cv_env_build_alias_value=
ac_cv_env_host_alias_set=
ac_cv_env_host_alias_value=
ac_cv_env_target_alias_set=
ac_cv_env_target_alias_value=
ac_cv_header_dlfcn_h=yes
ac_cv_header_inttypes_h=yes
ac_cv_header_memory_h=yes
ac_cv_header_stdc=yes
ac_cv_header_stdint_h=yes
ac_cv_header_stdlib_h=yes
ac_cv_header_string_h=yes
ac_cv_header_strings_h=yes
ac_cv_header_sys_stat_h=yes
ac_cv_header_sys_types_h=yes
ac_cv_header_unistd_h=yes
ac_cv_host=x86_64-unknown-linux-gnu
ac_cv_objext=o
ac_cv_path_EGREP='/bin/grep -E'
ac_cv_path_FGREP='/bin/grep -F'
ac_cv_path_GREP=/bin/grep
ac_cv_path_SED=/bin/sed
ac_cv_path_WX_CONFIG=/usr/bin/wx-config
ac_cv_path_install='/usr/bin/install -c'
ac_cv_path_mkdir=/bin/mkdir
ac_cv_prog_AWK=gawk
ac_cv_prog_CPP='gcc -E'
ac_cv_prog_CXXCPP='g++ -E'
ac_cv_prog_ac_ct_AR=ar
ac_cv_prog_ac_ct_CC=gcc
ac_cv_prog_ac_ct_CXX=g++
ac_cv_prog_ac_ct_MANIFEST_TOOL=mt
ac_cv_prog_ac_ct_OBJDUMP=objdump
ac_cv_prog_ac_ct_RANLIB=ranlib
ac_cv_prog_ac_ct_STRIP=strip
ac_cv_prog_cc_c89=
ac_cv_prog_cc_g=yes
ac_cv_prog_cxx_g=yes
ac_cv_prog_make_make_set=yes
ac_cv_type_size_t=yes
am_cv_CC_dependencies_compiler_type=gcc3
am_cv_CXX_dependencies_compiler_type=gcc3
am_cv_ar_interface=ar
am_cv_make_support_nested_variables=yes
am_cv_prog_cc_c_o=yes
ax_cv_cxx_check_flag___Wall=yes
ax_cv_cxxcpp_check_flag___Wall=yes
lt_cv_ar_at_file=@
lt_cv_deplibs_check_method=pass_all
lt_cv_file_magic_cmd='$MAGIC_CMD'
lt_cv_file_magic_test_file=
lt_cv_ld_reload_flag=-r
lt_cv_nm_interface='BSD nm'
lt_cv_objdir=.libs
lt_cv_path_LD=/usr/bin/ld
lt_cv_path_LDCXX='/usr/bin/ld -m elf_x86_64'
lt_cv_path_NM='/usr/bin/nm -B'
lt_cv_path_mainfest_tool=no
lt_cv_prog_compiler_c_o=yes
lt_cv_prog_compiler_c_o_CXX=yes
lt_cv_prog_compiler_pic='-fPIC -DPIC'
lt_cv_prog_compiler_pic_CXX='-fPIC -DPIC'
lt_cv_prog_compiler_pic_works=yes
lt_cv_prog_compiler_pic_works_CXX=yes
lt_cv_prog_compiler_rtti_exceptions=no
lt_cv_prog_compiler_static_works=yes
lt_cv_prog_compiler_static_works_CXX=yes
lt_cv_prog_gnu_ld=yes
lt_cv_prog_gnu_ldcxx=yes
lt_cv_sharedlib_from_linklib_cmd='printf %s\n'
lt_cv_shlibpath_overrides_runpath=yes
lt_cv_sys_global_symbol_pipe='sed -n -e '\''s/^.*[	 ]\([ABCDGIRSTW][ABCDGIRSTW]*\)[	 ][	 ]*\([_A-Za-z][_A-Za-z0-9]*\)$/\1 \2 \2/p'\'' | sed '\''/ __gnu_lto/d'\'''
lt_cv_sys_global_symbol_to_c_name_address='sed -n -e '\''s/^: \([^ ]*\)[ ]*$/  {\"\1\", (void *) 0},/p'\'' -e '\''s/^[ABCDGIRSTW]* \([^ ]*\) \([^ ]*\)$/  {"\2", (void *) \&\2},/p'\'''
lt_cv_sys_global_symbol_to_c_name_address_lib_prefix='sed -n -e '\''s/^: \([^ ]*\)[ ]*$/  {\"\1\", (void *) 0},/p'\'' -e '\''s/^[ABCDGIRSTW]* \([^ ]*\) \(lib[^ ]*\)$/  {"\2", (void *) \&\2},/p'\'' -e '\''s/^[ABCDGIRSTW]* \([^ ]*\) \([^ ]*\)$/  {"lib\2", (void *) \&\2},/p'\'''
lt_cv_sys_global_symbol_to_cdecl='sed -n -e '\''s/^T .* \(.*\)$/extern int \1();/p'\'' -e '\''s/^[ABCDGIRSTW]* .* \(.*\)$/extern char \1;/p'\'''
lt_cv_sys_max_cmd_len=1572864
lt_cv_to_host_file_cmd=func_convert_file_noop
lt_cv_to_tool_file_cmd=func_convert_file_noop

## ----------------- ##
## Output variables. ##
## ----------------- ##

ACLOCAL='${SHELL} /home/user/projects/audacity-speech-tagger/audacity-minsrc-2.3.3/lib-src/lib-widget-extra/autotools/missing aclocal-1.14'
AMDEPBACKSLASH='\'
AMDEP_FALSE='#'
AMDEP_TRUE=''
AMTAR='$${TAR-tar}'
AM_BACKSLASH='\'
AM_DEFAULT_V='$(AM_DEFAULT_VERBOSITY)'
AM_DEFAULT_VERBOSITY='1'
AM_V='$(V)'
AR='ar'
AUTOCONF='${SHELL} /home/user/projects/audacity-speech-tagger/audacity-minsrc-2.3.3/lib-src/lib-widget-extra/autotools/missing autoconf'
AUTOHEADER='${SHELL} /home/user/projects/audacity-speech-tagger/audacity-minsrc-2.3.3/lib-src/lib-widget-extra/autotools/missing autoheader'
AUTOMAKE='${SHELL} /home/user/projects/audacity-speech-tagger/audacity-minsrc-2.3.3/lib-src/lib-widget-extra/autotools/missing automake-1.14'
AWK='gawk'
CC='gcc'
CCDEPMODE='depmode=gcc3'
CFLAGS='-g -O2 -DwxDEBUG_LEVEL=0 -Wstrict-prototypes  -Wall'
CPP='gcc -E'
CPPFLAGS='  -Wall'
CXX='g++'
CXXCPP='g++ -E'
CXXDEPMODE='depmode=gcc3'
CXXFLAGS=' -DwxDEBUG_LEVEL=0  -Wall'
CYGPATH_W='echo'
DEFS='-DPACKAGE_NAME=\"libwidgetextra\" -DPACKAGE_TARNAME=\"libwidgetextra\" -DPACKAGE_VERSION=\"1.0\" -DPACKAGE_STRING=\"libwidgetextra\ 1.0\" -DPACKAGE_BUGREPORT=\"\" -DPACKAGE_URL=\"\" -DPACKAGE=\"libwidgetextra\" -DVERSION=\"1.0\" -DSTDC_HEADERS=1 -DHAVE_SYS_TYPES_H=1 -DHAVE_SYS_STAT_H=1 -DHAVE_STDLIB_H=1 -DHAVE_STRING_H=1 -DHAVE_MEMORY_H=1 -DHAVE_STRINGS_H=1 -DHAVE_INTTYPES_H=1 -DHAVE_STDINT_H=1 -DHAVE_UNISTD_H=1 -DHAVE_DLFCN_H=1 -DLT_OBJDIR=\".libs/\"'
DEPDIR='.deps'
DLLTOOL='false'
DSYMUTIL=''
DUMPBIN=''
ECHO_C=''
ECHO_N='-n'
ECHO_T=''
EGREP='/bin/grep -E'
EXEEXT=''
FGREP='/bin/grep -F'
GREP='/bin/grep'
INSTALL_DATA='${INSTALL} -m 644'
INSTALL_PROGRAM='${INSTALL}'
INSTALL_SCRIPT='${INSTALL}'
INSTALL_STRIP_PROGRAM='$(install_sh) -c -s'
LD='/usr/bin/ld -m elf_x86_64'
LDFLAGS=''
LIBOBJS=''
LIBS=''
LIBTOOL='$(SHELL) $(top_builddir)/libtool'
LIPO=''
LN_S='ln -s'
LTLIBOBJS=''
MAINT='#'
MAINTAINER_MODE_FALSE=''
MAINTAINER_MODE_TRUE='#'
MAKEINFO='${SHELL} /home/user/projects/audacity-speech-tagger/audacity-minsrc-2.3.3/lib-src/lib-widget-extra/autotools/missing makeinfo'
MANIFEST_TOOL=':'
MKDIR_P='/bin/mkdir -p'
NM='/usr/bin/nm -B'
NMEDIT=''
OBJDUMP='objdump'
OBJEXT='o'
OTOOL64=''
OTOOL=''
PACKAGE='libwidgetextra'
PACKAGE_BUGREPORT=''
PACKAGE_NAME='libwidgetextra'
PACKAGE_STRING='libwidgetextra 1.0'
PACKAGE_TARNAME='libwidgetextra'
PACKAGE_URL=''
PACKAGE_VERSION='1.0'
PATH_SEPARATOR=':'
RANLIB='ranlib'
SED='/bin/sed'
SET_MAKE=''
SHELL='/bin/bash'
STRIP='strip'
VERSION='1.0'
WX_CONFIG='/usr/bin/wx-config'
WX_CXXFLAGS='-I/usr/lib/x86_64-linux-gnu/wx/include/gtk2-unicode-3.0 -I/usr/include/wx-3.0 -D_FILE_OFFSET_BITS=64 -DWXUSINGDLL -D__WXGTK__ -pthread --std=gnu++11'
WX_LIBS='-L/usr/lib/x86_64-linux-gnu -pthread   -lwx_gtk2u_xrc-3.0 -lwx_gtk2u_html-3.0 -lwx_gtk2u_qa-3.0 -lwx_gtk2u_adv-3.0 -lwx_gtk2u_core-3.0 -lwx_baseu_xml-3.0 -lwx_baseu_net-3.0 -lwx_baseu-3.0 '
ac_ct_AR='ar'
ac_ct_CC='gcc'
ac_ct_CXX='g++'
ac_ct_DUMPBIN=''
am__EXEEXT_FALSE=''
am__EXEEXT_TRUE='#'
am__fastdepCC_FALSE='#'
am__fastdepCC_TRUE=''
am__fastdepCXX_FALSE='#'
am__fastdepCXX_TRUE=''
am__include='include'
am__isrc=' -I$(srcdir)'
am__leading_dot='.'
am__nodep='_no'
am__quote=''
am__tar='$${TAR-tar} chof - "$$tardir"'
am__untar='$${TAR-tar} xf -'
bindir='${exec_prefix}/bin'
build='x86_64-unknown-linux-gnu'
build_alias=''
build_cpu='x86_64'
build_os='linux-gnu'
build_vendor='unknown'
datadir='${datarootdir}'
datarootdir='${prefix}/share'
docdir='${datarootdir}/doc/${PACKAGE_TARNAME}'
dvidir='${docdir}'
exec_prefix='${prefix}'
host='x86_64-unknown-linux-gnu'
host_alias=''
host_cpu='x86_64'
host_os='linux-gnu'
host_vendor='unknown'
htmldir='${docdir}'
includedir='${prefix}/include'
infodir='${datarootdir}/info'
install_sh='${SHELL} /home/user/projects/audacity-speech-tagger/audacity-minsrc-2.3.3/lib-src/lib-widget-extra/autotools/install-sh'
libdir='${exec_prefix}/lib'
libexecdir='${exec_prefix}/libexec'
localedir='${datarootdir}/locale'
localstatedir='${prefix}/var'
mandir='${datarootdir}/man'
mkdir_p='$(MKDIR_P)'
oldincludedir='/usr/include'
pdfdir='${docdir}'
prefix='/usr/local'
program_transform_name='s,x,x,'
psdir='${docdir}'
runstatedir='${localstatedir}/run'
sbindir='${exec_prefix}/sbin'
sharedstatedir='${prefix}/com'
sysconfdir='${prefix}/etc'
target_alias=''

## ----------- ##
## confdefs.h. ##
## ----------- ##

/* confdefs.h */
#define PACKAGE_NAME "libwidgetextra"
#define PACKAGE_TARNAME "libwidgetextra"
#define PACKAGE_VERSION "1.0"
#define PACKAGE_STRING "libwidgetextra 1.0"
#define PACKAGE_BUGREPORT ""
#define PACKAGE_URL ""
#define PACKAGE "libwidgetextra"
#define VERSION "1.0"
#define STDC_HEADERS 1
#define HAVE_SYS_TYPES_H 1
#define HAVE_SYS_STAT_H 1
#define HAVE_STDLIB_H 1
#define HAVE_STRING_H 1
#define HAVE_MEMORY_H 1
#define HAVE_STRINGS_H 1
#define HAVE_INTTYPES_H 1
#define HAVE_STDINT_H 1
#define HAVE_UNISTD_H 1
#define HAVE_DLFCN_H 1
#define LT_OBJDIR ".libs/"

configure: exit 0
