This file contains any messages produced by compilers while
running configure, to aid debugging if configure makes a mistake.

It was created by flac configure 1.3.1, which was
generated by GNU Autoconf 2.69.  Invocation command line was

  $ ../../../lib-src/libflac/configure --disable-option-checking --prefix=/usr/local/ --with-lib-preference=local system --with-ffmpeg=system --disable-dynamic-loading --with-mod-script-pipe --with-wx-config=/usr/bin/wx-config --enable-static=yes --enable-shared=no --disable-xmms-plugin --disable-doxygen-docs --disable-thorough-tests --disable-programs --disable-sqlite --disable-external-libs --disable-alsa --disable-programs --disable-programs PORTAUDIO_CFLAGS=-I/home/user/projects/audacity-speech-tagger/audacity-minsrc-2.3.3/build/../lib-src/portaudio-v19/include PORTAUDIO_LIBS=/home/user/projects/audacity-speech-tagger/audacity-minsrc-2.3.3/build/../lib-src/portaudio-v19/lib/libportaudio.la --cache-file=/dev/null --srcdir=../../../lib-src/libflac

## --------- ##
## Platform. ##
## --------- ##

hostname = 2jh2xg2j
uname -m = x86_64
uname -r = 4.15.0-96-generic
uname -s = Linux
uname -v = #97-Ubuntu SMP Wed Apr 1 03:25:46 UTC 2020

/usr/bin/uname -p = unknown
/bin/uname -X     = unknown

/bin/arch              = unknown
/usr/bin/arch -k       = unknown
/usr/convex/getsysinfo = unknown
/usr/bin/hostinfo      = unknown
/bin/machine           = unknown
/usr/bin/oslevel       = unknown
/bin/universe          = unknown

PATH: /home/user/anaconda3/envs/py36/bin
PATH: /home/user/.rbenv/plugins/ruby-build/bin
PATH: /home/user/.rbenv/shims
PATH: /home/user/.rbenv/bin
PATH: /home/user/gems/bin
PATH: /home/user/anaconda3/bin
PATH: /usr/local/bin
PATH: /home/user/bin
PATH: /home/user/.local/bin
PATH: /usr/local/sbin
PATH: /usr/local/bin
PATH: /usr/sbin
PATH: /usr/bin
PATH: /sbin
PATH: /bin
PATH: /usr/games
PATH: /usr/local/games
PATH: /snap/bin
PATH: /usr/lib/jvm/java-8-oracle/bin
PATH: /usr/lib/jvm/java-8-oracle/db/bin
PATH: /usr/lib/jvm/java-8-oracle/jre/bin
PATH: /usr/share/logtalk/tools/lgtdoc/xml
PATH: /usr/share/logtalk/scripts
PATH: /usr/share/logtalk/integration


## ----------- ##
## Core tests. ##
## ----------- ##

configure:2766: checking for a BSD-compatible install
configure:2834: result: /usr/bin/install -c
configure:2845: checking whether build environment is sane
configure:2900: result: yes
configure:3051: checking for a thread-safe mkdir -p
configure:3090: result: /bin/mkdir -p
configure:3097: checking for gawk
configure:3113: found /usr/bin/gawk
configure:3124: result: gawk
configure:3135: checking whether make sets $(MAKE)
configure:3157: result: yes
configure:3186: checking whether make supports nested variables
configure:3203: result: yes
configure:3282: checking how to create a pax tar archive
configure:3293: tar --version
tar (GNU tar) 1.29
Copyright (C) 2015 Free Software Foundation, Inc.
License GPLv3+: GNU GPL version 3 or later <http://gnu.org/licenses/gpl.html>.
This is free software: you are free to change and redistribute it.
There is NO WARRANTY, to the extent permitted by law.

Written by John Gilmore and Jay Fenlason.
configure:3296: $? = 0
configure:3336: tardir=conftest.dir && eval tar --format=posix -chf - "$tardir" >conftest.tar
configure:3339: $? = 0
configure:3343: tar -xf - <conftest.tar
configure:3346: $? = 0
configure:3348: cat conftest.dir/file
GrepMe
configure:3351: $? = 0
configure:3364: result: gnutar
configure:3414: checking whether to enable maintainer-specific portions of Makefiles
configure:3423: result: no
configure:3447: checking whether make supports nested variables
configure:3464: result: yes
configure:3491: checking for style of include used by make
configure:3519: result: GNU
configure:3590: checking for gcc
configure:3606: found /usr/bin/gcc
configure:3617: result: gcc
configure:3846: checking for C compiler version
configure:3855: gcc --version >&5
gcc (Ubuntu 7.5.0-3ubuntu1~18.04) 7.5.0
Copyright (C) 2017 Free Software Foundation, Inc.
This is free software; see the source for copying conditions.  There is NO
warranty; not even for MERCHANTABILITY or FITNESS FOR A PARTICULAR PURPOSE.

configure:3866: $? = 0
configure:3855: gcc -v >&5
Using built-in specs.
COLLECT_GCC=gcc
COLLECT_LTO_WRAPPER=/usr/lib/gcc/x86_64-linux-gnu/7/lto-wrapper
OFFLOAD_TARGET_NAMES=nvptx-none
OFFLOAD_TARGET_DEFAULT=1
Target: x86_64-linux-gnu
Configured with: ../src/configure -v --with-pkgversion='Ubuntu 7.5.0-3ubuntu1~18.04' --with-bugurl=file:///usr/share/doc/gcc-7/README.Bugs --enable-languages=c,ada,c++,go,brig,d,fortran,objc,obj-c++ --prefix=/usr --with-gcc-major-version-only --program-suffix=-7 --program-prefix=x86_64-linux-gnu- --enable-shared --enable-linker-build-id --libexecdir=/usr/lib --without-included-gettext --enable-threads=posix --libdir=/usr/lib --enable-nls --enable-bootstrap --enable-clocale=gnu --enable-libstdcxx-debug --enable-libstdcxx-time=yes --with-default-libstdcxx-abi=new --enable-gnu-unique-object --disable-vtable-verify --enable-libmpx --enable-plugin --enable-default-pie --with-system-zlib --with-target-system-zlib --enable-objc-gc=auto --enable-multiarch --disable-werror --with-arch-32=i686 --with-abi=m64 --with-multilib-list=m32,m64,mx32 --enable-multilib --with-tune=generic --enable-offload-targets=nvptx-none --without-cuda-driver --enable-checking=release --build=x86_64-linux-gnu --host=x86_64-linux-gnu --target=x86_64-linux-gnu
Thread model: posix
gcc version 7.5.0 (Ubuntu 7.5.0-3ubuntu1~18.04) 
configure:3866: $? = 0
configure:3855: gcc -V >&5
gcc: error: unrecognized command line option '-V'
gcc: fatal error: no input files
compilation terminated.
configure:3866: $? = 1
configure:3855: gcc -qversion >&5
gcc: error: unrecognized command line option '-qversion'; did you mean '--version'?
gcc: fatal error: no input files
compilation terminated.
configure:3866: $? = 1
configure:3886: checking whether the C compiler works
configure:3908: gcc    conftest.c  >&5
configure:3912: $? = 0
configure:3960: result: yes
configure:3963: checking for C compiler default output file name
configure:3965: result: a.out
configure:3971: checking for suffix of executables
configure:3978: gcc -o conftest    conftest.c  >&5
configure:3982: $? = 0
configure:4004: result: 
configure:4026: checking whether we are cross compiling
configure:4034: gcc -o conftest    conftest.c  >&5
configure:4038: $? = 0
configure:4045: ./conftest
configure:4049: $? = 0
configure:4064: result: no
configure:4069: checking for suffix of object files
configure:4091: gcc -c   conftest.c >&5
configure:4095: $? = 0
configure:4116: result: o
configure:4120: checking whether we are using the GNU C compiler
configure:4139: gcc -c   conftest.c >&5
configure:4139: $? = 0
configure:4148: result: yes
configure:4157: checking whether gcc accepts -g
configure:4177: gcc -c -g  conftest.c >&5
configure:4177: $? = 0
configure:4218: result: yes
configure:4235: checking for gcc option to accept ISO C89
configure:4298: gcc  -c -g -O2  conftest.c >&5
configure:4298: $? = 0
configure:4311: result: none needed
configure:4336: checking whether gcc understands -c and -o together
configure:4358: gcc -c conftest.c -o conftest2.o
configure:4361: $? = 0
configure:4358: gcc -c conftest.c -o conftest2.o
configure:4361: $? = 0
configure:4373: result: yes
configure:4392: checking dependency style of gcc
configure:4503: result: gcc3
configure:4522: checking for gcc option to accept ISO C99
configure:4671: gcc  -c -g -O2  conftest.c >&5
configure:4671: $? = 0
configure:4684: result: none needed
configure:4792: checking for gcc option to accept ISO Standard C
configure:4803: result: none needed
configure:4816: checking how to run the C preprocessor
configure:4847: gcc -E  conftest.c
configure:4847: $? = 0
configure:4861: gcc -E  conftest.c
conftest.c:11:10: fatal error: ac_nonexistent.h: No such file or directory
 #include <ac_nonexistent.h>
          ^~~~~~~~~~~~~~~~~~
compilation terminated.
configure:4861: $? = 1
configure: failed program was:
| /* confdefs.h */
| #define PACKAGE_NAME "flac"
| #define PACKAGE_TARNAME "flac"
| #define PACKAGE_VERSION "1.3.1"
| #define PACKAGE_STRING "flac 1.3.1"
| #define PACKAGE_BUGREPORT "flac-dev@xiph.org"
| #define PACKAGE_URL "https://www.xiph.org/flac/"
| #define PACKAGE "flac"
| #define VERSION "1.3.1"
| /* end confdefs.h.  */
| #include <ac_nonexistent.h>
configure:4886: result: gcc -E
configure:4906: gcc -E  conftest.c
configure:4906: $? = 0
configure:4920: gcc -E  conftest.c
conftest.c:11:10: fatal error: ac_nonexistent.h: No such file or directory
 #include <ac_nonexistent.h>
          ^~~~~~~~~~~~~~~~~~
compilation terminated.
configure:4920: $? = 1
configure: failed program was:
| /* confdefs.h */
| #define PACKAGE_NAME "flac"
| #define PACKAGE_TARNAME "flac"
| #define PACKAGE_VERSION "1.3.1"
| #define PACKAGE_STRING "flac 1.3.1"
| #define PACKAGE_BUGREPORT "flac-dev@xiph.org"
| #define PACKAGE_URL "https://www.xiph.org/flac/"
| #define PACKAGE "flac"
| #define VERSION "1.3.1"
| /* end confdefs.h.  */
| #include <ac_nonexistent.h>
configure:4949: checking for grep that handles long lines and -e
configure:5007: result: /bin/grep
configure:5012: checking for egrep
configure:5074: result: /bin/grep -E
configure:5079: checking for ANSI C header files
configure:5099: gcc -c -g -O2  conftest.c >&5
configure:5099: $? = 0
configure:5172: gcc -o conftest -g -O2   conftest.c  >&5
configure:5172: $? = 0
configure:5172: ./conftest
configure:5172: $? = 0
configure:5183: result: yes
configure:5196: checking for sys/types.h
configure:5196: gcc -c -g -O2  conftest.c >&5
configure:5196: $? = 0
configure:5196: result: yes
configure:5196: checking for sys/stat.h
configure:5196: gcc -c -g -O2  conftest.c >&5
configure:5196: $? = 0
configure:5196: result: yes
configure:5196: checking for stdlib.h
configure:5196: gcc -c -g -O2  conftest.c >&5
configure:5196: $? = 0
configure:5196: result: yes
configure:5196: checking for string.h
configure:5196: gcc -c -g -O2  conftest.c >&5
configure:5196: $? = 0
configure:5196: result: yes
configure:5196: checking for memory.h
configure:5196: gcc -c -g -O2  conftest.c >&5
configure:5196: $? = 0
configure:5196: result: yes
configure:5196: checking for strings.h
configure:5196: gcc -c -g -O2  conftest.c >&5
configure:5196: $? = 0
configure:5196: result: yes
configure:5196: checking for inttypes.h
configure:5196: gcc -c -g -O2  conftest.c >&5
configure:5196: $? = 0
configure:5196: result: yes
configure:5196: checking for stdint.h
configure:5196: gcc -c -g -O2  conftest.c >&5
configure:5196: $? = 0
configure:5196: result: yes
configure:5196: checking for unistd.h
configure:5196: gcc -c -g -O2  conftest.c >&5
configure:5196: $? = 0
configure:5196: result: yes
configure:5209: checking minix/config.h usability
configure:5209: gcc -c -g -O2  conftest.c >&5
conftest.c:54:10: fatal error: minix/config.h: No such file or directory
 #include <minix/config.h>
          ^~~~~~~~~~~~~~~~
compilation terminated.
configure:5209: $? = 1
configure: failed program was:
| /* confdefs.h */
| #define PACKAGE_NAME "flac"
| #define PACKAGE_TARNAME "flac"
| #define PACKAGE_VERSION "1.3.1"
| #define PACKAGE_STRING "flac 1.3.1"
| #define PACKAGE_BUGREPORT "flac-dev@xiph.org"
| #define PACKAGE_URL "https://www.xiph.org/flac/"
| #define PACKAGE "flac"
| #define VERSION "1.3.1"
| #define STDC_HEADERS 1
| #define HAVE_SYS_TYPES_H 1
| #define HAVE_SYS_STAT_H 1
| #define HAVE_STDLIB_H 1
| #define HAVE_STRING_H 1
| #define HAVE_MEMORY_H 1
| #define HAVE_STRINGS_H 1
| #define HAVE_INTTYPES_H 1
| #define HAVE_STDINT_H 1
| #define HAVE_UNISTD_H 1
| /* end confdefs.h.  */
| #include <stdio.h>
| #ifdef HAVE_SYS_TYPES_H
| # include <sys/types.h>
| #endif
| #ifdef HAVE_SYS_STAT_H
| # include <sys/stat.h>
| #endif
| #ifdef STDC_HEADERS
| # include <stdlib.h>
| # include <stddef.h>
| #else
| # ifdef HAVE_STDLIB_H
| #  include <stdlib.h>
| # endif
| #endif
| #ifdef HAVE_STRING_H
| # if !defined STDC_HEADERS && defined HAVE_MEMORY_H
| #  include <memory.h>
| # endif
| # include <string.h>
| #endif
| #ifdef HAVE_STRINGS_H
| # include <strings.h>
| #endif
| #ifdef HAVE_INTTYPES_H
| # include <inttypes.h>
| #endif
| #ifdef HAVE_STDINT_H
| # include <stdint.h>
| #endif
| #ifdef HAVE_UNISTD_H
| # include <unistd.h>
| #endif
| #include <minix/config.h>
configure:5209: result: no
configure:5209: checking minix/config.h presence
configure:5209: gcc -E  conftest.c
conftest.c:21:10: fatal error: minix/config.h: No such file or directory
 #include <minix/config.h>
          ^~~~~~~~~~~~~~~~
compilation terminated.
configure:5209: $? = 1
configure: failed program was:
| /* confdefs.h */
| #define PACKAGE_NAME "flac"
| #define PACKAGE_TARNAME "flac"
| #define PACKAGE_VERSION "1.3.1"
| #define PACKAGE_STRING "flac 1.3.1"
| #define PACKAGE_BUGREPORT "flac-dev@xiph.org"
| #define PACKAGE_URL "https://www.xiph.org/flac/"
| #define PACKAGE "flac"
| #define VERSION "1.3.1"
| #define STDC_HEADERS 1
| #define HAVE_SYS_TYPES_H 1
| #define HAVE_SYS_STAT_H 1
| #define HAVE_STDLIB_H 1
| #define HAVE_STRING_H 1
| #define HAVE_MEMORY_H 1
| #define HAVE_STRINGS_H 1
| #define HAVE_INTTYPES_H 1
| #define HAVE_STDINT_H 1
| #define HAVE_UNISTD_H 1
| /* end confdefs.h.  */
| #include <minix/config.h>
configure:5209: result: no
configure:5209: checking for minix/config.h
configure:5209: result: no
configure:5230: checking whether it is safe to define __EXTENSIONS__
configure:5248: gcc -c -g -O2  conftest.c >&5
configure:5248: $? = 0
configure:5255: result: yes
configure:5318: checking for ar
configure:5334: found /usr/bin/ar
configure:5345: result: ar
configure:5371: checking the archiver (ar) interface
configure:5387: gcc -c -g -O2  conftest.c >&5
configure:5387: $? = 0
configure:5389: ar cru libconftest.a conftest.o >&5
ar: `u' modifier ignored since `D' is the default (see `U')
configure:5392: $? = 0
configure:5420: result: ar
configure:5469: checking build system type
configure:5483: result: x86_64-unknown-linux-gnu
configure:5503: checking host system type
configure:5516: result: x86_64-unknown-linux-gnu
configure:5557: checking how to print strings
configure:5584: result: printf
configure:5605: checking for a sed that does not truncate output
configure:5669: result: /bin/sed
configure:5687: checking for fgrep
configure:5749: result: /bin/grep -F
configure:5784: checking for ld used by gcc
configure:5851: result: /usr/bin/ld
configure:5858: checking if the linker (/usr/bin/ld) is GNU ld
configure:5873: result: yes
configure:5885: checking for BSD- or MS-compatible name lister (nm)
configure:5934: result: /usr/bin/nm -B
configure:6064: checking the name lister (/usr/bin/nm -B) interface
configure:6071: gcc -c -g -O2  conftest.c >&5
configure:6074: /usr/bin/nm -B "conftest.o"
configure:6077: output
0000000000000000 B some_variable
configure:6084: result: BSD nm
configure:6087: checking whether ln -s works
configure:6091: result: yes
configure:6099: checking the maximum length of command line arguments
configure:6230: result: 1572864
configure:6247: checking whether the shell understands some XSI constructs
configure:6257: result: yes
configure:6261: checking whether the shell understands "+="
configure:6267: result: yes
configure:6302: checking how to convert x86_64-unknown-linux-gnu file names to x86_64-unknown-linux-gnu format
configure:6342: result: func_convert_file_noop
configure:6349: checking how to convert x86_64-unknown-linux-gnu file names to toolchain format
configure:6369: result: func_convert_file_noop
configure:6376: checking for /usr/bin/ld option to reload object files
configure:6383: result: -r
configure:6457: checking for objdump
configure:6473: found /usr/bin/objdump
configure:6484: result: objdump
configure:6513: checking how to recognize dependent libraries
configure:6711: result: pass_all
configure:6796: checking for dlltool
configure:6826: result: no
configure:6853: checking how to associate runtime and link libraries
configure:6880: result: printf %s\n
configure:7004: checking for archiver @FILE support
configure:7021: gcc -c -g -O2  conftest.c >&5
configure:7021: $? = 0
configure:7024: ar cru libconftest.a @conftest.lst >&5
ar: `u' modifier ignored since `D' is the default (see `U')
configure:7027: $? = 0
configure:7032: ar cru libconftest.a @conftest.lst >&5
ar: `u' modifier ignored since `D' is the default (see `U')
ar: conftest.o: No such file or directory
configure:7035: $? = 1
configure:7047: result: @
configure:7105: checking for strip
configure:7121: found /usr/bin/strip
configure:7132: result: strip
configure:7204: checking for ranlib
configure:7220: found /usr/bin/ranlib
configure:7231: result: ranlib
configure:7333: checking command to parse /usr/bin/nm -B output from gcc object
configure:7453: gcc -c -g -O2  conftest.c >&5
configure:7456: $? = 0
configure:7460: /usr/bin/nm -B conftest.o \| sed -n -e 's/^.*[ ]\([ABCDGIRSTW][ABCDGIRSTW]*\)[ ][ ]*\([_A-Za-z][_A-Za-z0-9]*\)$/\1 \2 \2/p' | sed '/ __gnu_lto/d' \> conftest.nm
configure:7463: $? = 0
configure:7529: gcc -o conftest -g -O2   conftest.c conftstm.o >&5
configure:7532: $? = 0
configure:7570: result: ok
configure:7607: checking for sysroot
configure:7637: result: no
configure:7714: gcc -c -g -O2  conftest.c >&5
configure:7717: $? = 0
configure:7906: checking for mt
configure:7922: found /bin/mt
configure:7933: result: mt
configure:7956: checking if mt is a manifest tool
configure:7962: mt '-?'
configure:7970: result: no
configure:8609: checking for dlfcn.h
configure:8609: gcc -c -g -O2  conftest.c >&5
configure:8609: $? = 0
configure:8609: result: yes
configure:9111: checking for objdir
configure:9126: result: .libs
configure:9397: checking if gcc supports -fno-rtti -fno-exceptions
configure:9415: gcc -c -g -O2  -fno-rtti -fno-exceptions conftest.c >&5
cc1: warning: command line option '-fno-rtti' is valid for C++/ObjC++ but not for C
configure:9419: $? = 0
configure:9432: result: no
configure:9759: checking for gcc option to produce PIC
configure:9766: result: -fPIC -DPIC
configure:9774: checking if gcc PIC flag -fPIC -DPIC works
configure:9792: gcc -c -g -O2  -fPIC -DPIC -DPIC conftest.c >&5
configure:9796: $? = 0
configure:9809: result: yes
configure:9838: checking if gcc static flag -static works
configure:9866: result: yes
configure:9881: checking if gcc supports -c -o file.o
configure:9902: gcc -c -g -O2  -o out/conftest2.o conftest.c >&5
configure:9906: $? = 0
configure:9928: result: yes
configure:9936: checking if gcc supports -c -o file.o
configure:9983: result: yes
configure:10016: checking whether the gcc linker (/usr/bin/ld -m elf_x86_64) supports shared libraries
configure:11173: result: yes
configure:11413: checking dynamic linker characteristics
configure:11913: gcc -o conftest -g -O2   -Wl,-rpath -Wl,/foo conftest.c  >&5
configure:11913: $? = 0
configure:12147: result: GNU/Linux ld.so
configure:12254: checking how to hardcode library paths into programs
configure:12279: result: immediate
configure:12819: checking whether stripping libraries is possible
configure:12824: result: yes
configure:12859: checking if libtool supports shared libraries
configure:12861: result: yes
configure:12864: checking whether to build shared libraries
configure:12885: result: no
configure:12888: checking whether to build static libraries
configure:12892: result: yes
configure:12938: checking dependency style of gcc
configure:13047: result: gcc3
configure:13120: checking for g++
configure:13136: found /usr/bin/g++
configure:13147: result: g++
configure:13174: checking for C++ compiler version
configure:13183: g++ --version >&5
g++ (Ubuntu 7.5.0-3ubuntu1~18.04) 7.5.0
Copyright (C) 2017 Free Software Foundation, Inc.
This is free software; see the source for copying conditions.  There is NO
warranty; not even for MERCHANTABILITY or FITNESS FOR A PARTICULAR PURPOSE.

configure:13194: $? = 0
configure:13183: g++ -v >&5
Using built-in specs.
COLLECT_GCC=g++
COLLECT_LTO_WRAPPER=/usr/lib/gcc/x86_64-linux-gnu/7/lto-wrapper
OFFLOAD_TARGET_NAMES=nvptx-none
OFFLOAD_TARGET_DEFAULT=1
Target: x86_64-linux-gnu
Configured with: ../src/configure -v --with-pkgversion='Ubuntu 7.5.0-3ubuntu1~18.04' --with-bugurl=file:///usr/share/doc/gcc-7/README.Bugs --enable-languages=c,ada,c++,go,brig,d,fortran,objc,obj-c++ --prefix=/usr --with-gcc-major-version-only --program-suffix=-7 --program-prefix=x86_64-linux-gnu- --enable-shared --enable-linker-build-id --libexecdir=/usr/lib --without-included-gettext --enable-threads=posix --libdir=/usr/lib --enable-nls --enable-bootstrap --enable-clocale=gnu --enable-libstdcxx-debug --enable-libstdcxx-time=yes --with-default-libstdcxx-abi=new --enable-gnu-unique-object --disable-vtable-verify --enable-libmpx --enable-plugin --enable-default-pie --with-system-zlib --with-target-system-zlib --enable-objc-gc=auto --enable-multiarch --disable-werror --with-arch-32=i686 --with-abi=m64 --with-multilib-list=m32,m64,mx32 --enable-multilib --with-tune=generic --enable-offload-targets=nvptx-none --without-cuda-driver --enable-checking=release --build=x86_64-linux-gnu --host=x86_64-linux-gnu --target=x86_64-linux-gnu
Thread model: posix
gcc version 7.5.0 (Ubuntu 7.5.0-3ubuntu1~18.04) 
configure:13194: $? = 0
configure:13183: g++ -V >&5
g++: error: unrecognized command line option '-V'
g++: fatal error: no input files
compilation terminated.
configure:13194: $? = 1
configure:13183: g++ -qversion >&5
g++: error: unrecognized command line option '-qversion'; did you mean '--version'?
g++: fatal error: no input files
compilation terminated.
configure:13194: $? = 1
configure:13198: checking whether we are using the GNU C++ compiler
configure:13217: g++ -c   conftest.cpp >&5
configure:13217: $? = 0
configure:13226: result: yes
configure:13235: checking whether g++ accepts -g
configure:13255: g++ -c -g  conftest.cpp >&5
configure:13255: $? = 0
configure:13296: result: yes
configure:13321: checking dependency style of g++
configure:13432: result: gcc3
configure:13465: checking how to run the C++ preprocessor
configure:13492: g++ -E  conftest.cpp
configure:13492: $? = 0
configure:13506: g++ -E  conftest.cpp
conftest.cpp:28:10: fatal error: ac_nonexistent.h: No such file or directory
 #include <ac_nonexistent.h>
          ^~~~~~~~~~~~~~~~~~
compilation terminated.
configure:13506: $? = 1
configure: failed program was:
| /* confdefs.h */
| #define PACKAGE_NAME "flac"
| #define PACKAGE_TARNAME "flac"
| #define PACKAGE_VERSION "1.3.1"
| #define PACKAGE_STRING "flac 1.3.1"
| #define PACKAGE_BUGREPORT "flac-dev@xiph.org"
| #define PACKAGE_URL "https://www.xiph.org/flac/"
| #define PACKAGE "flac"
| #define VERSION "1.3.1"
| #define STDC_HEADERS 1
| #define HAVE_SYS_TYPES_H 1
| #define HAVE_SYS_STAT_H 1
| #define HAVE_STDLIB_H 1
| #define HAVE_STRING_H 1
| #define HAVE_MEMORY_H 1
| #define HAVE_STRINGS_H 1
| #define HAVE_INTTYPES_H 1
| #define HAVE_STDINT_H 1
| #define HAVE_UNISTD_H 1
| #define __EXTENSIONS__ 1
| #define _ALL_SOURCE 1
| #define _GNU_SOURCE 1
| #define _POSIX_PTHREAD_SEMANTICS 1
| #define _TANDEM_SOURCE 1
| #define HAVE_DLFCN_H 1
| #define LT_OBJDIR ".libs/"
| /* end confdefs.h.  */
| #include <ac_nonexistent.h>
configure:13531: result: g++ -E
configure:13551: g++ -E  conftest.cpp
configure:13551: $? = 0
configure:13565: g++ -E  conftest.cpp
conftest.cpp:28:10: fatal error: ac_nonexistent.h: No such file or directory
 #include <ac_nonexistent.h>
          ^~~~~~~~~~~~~~~~~~
compilation terminated.
configure:13565: $? = 1
configure: failed program was:
| /* confdefs.h */
| #define PACKAGE_NAME "flac"
| #define PACKAGE_TARNAME "flac"
| #define PACKAGE_VERSION "1.3.1"
| #define PACKAGE_STRING "flac 1.3.1"
| #define PACKAGE_BUGREPORT "flac-dev@xiph.org"
| #define PACKAGE_URL "https://www.xiph.org/flac/"
| #define PACKAGE "flac"
| #define VERSION "1.3.1"
| #define STDC_HEADERS 1
| #define HAVE_SYS_TYPES_H 1
| #define HAVE_SYS_STAT_H 1
| #define HAVE_STDLIB_H 1
| #define HAVE_STRING_H 1
| #define HAVE_MEMORY_H 1
| #define HAVE_STRINGS_H 1
| #define HAVE_INTTYPES_H 1
| #define HAVE_STDINT_H 1
| #define HAVE_UNISTD_H 1
| #define __EXTENSIONS__ 1
| #define _ALL_SOURCE 1
| #define _GNU_SOURCE 1
| #define _POSIX_PTHREAD_SEMANTICS 1
| #define _TANDEM_SOURCE 1
| #define HAVE_DLFCN_H 1
| #define LT_OBJDIR ".libs/"
| /* end confdefs.h.  */
| #include <ac_nonexistent.h>
configure:13734: checking for ld used by g++
configure:13801: result: /usr/bin/ld -m elf_x86_64
configure:13808: checking if the linker (/usr/bin/ld -m elf_x86_64) is GNU ld
configure:13823: result: yes
configure:13878: checking whether the g++ linker (/usr/bin/ld -m elf_x86_64) supports shared libraries
configure:14880: result: yes
configure:14916: g++ -c -g -O2  conftest.cpp >&5
configure:14919: $? = 0
configure:15439: checking for g++ option to produce PIC
configure:15446: result: -fPIC -DPIC
configure:15454: checking if g++ PIC flag -fPIC -DPIC works
configure:15472: g++ -c -g -O2  -fPIC -DPIC -DPIC conftest.cpp >&5
configure:15476: $? = 0
configure:15489: result: yes
configure:15512: checking if g++ static flag -static works
configure:15540: result: yes
configure:15552: checking if g++ supports -c -o file.o
configure:15573: g++ -c -g -O2  -o out/conftest2.o conftest.cpp >&5
configure:15577: $? = 0
configure:15599: result: yes
configure:15604: checking if g++ supports -c -o file.o
configure:15651: result: yes
configure:15681: checking whether the g++ linker (/usr/bin/ld -m elf_x86_64) supports shared libraries
configure:15720: result: yes
configure:15861: checking dynamic linker characteristics
configure:16529: result: GNU/Linux ld.so
configure:16582: checking how to hardcode library paths into programs
configure:16607: result: immediate
configure:16647: checking whether we are using the CLANG C compiler
configure:16670: gcc -o conftest -g -O2   conftest.c  >&5
conftest.c: In function 'main':
conftest.c:36:5: error: unknown type name 'This'
     This is not clang!
     ^~~~
conftest.c:36:13: error: expected '=', ',', ';', 'asm' or '__attribute__' before 'not'
     This is not clang!
             ^~~
configure:16670: $? = 1
configure: failed program was:
| /* confdefs.h */
| #define PACKAGE_NAME "flac"
| #define PACKAGE_TARNAME "flac"
| #define PACKAGE_VERSION "1.3.1"
| #define PACKAGE_STRING "flac 1.3.1"
| #define PACKAGE_BUGREPORT "flac-dev@xiph.org"
| #define PACKAGE_URL "https://www.xiph.org/flac/"
| #define PACKAGE "flac"
| #define VERSION "1.3.1"
| #define STDC_HEADERS 1
| #define HAVE_SYS_TYPES_H 1
| #define HAVE_SYS_STAT_H 1
| #define HAVE_STDLIB_H 1
| #define HAVE_STRING_H 1
| #define HAVE_MEMORY_H 1
| #define HAVE_STRINGS_H 1
| #define HAVE_INTTYPES_H 1
| #define HAVE_STDINT_H 1
| #define HAVE_UNISTD_H 1
| #define __EXTENSIONS__ 1
| #define _ALL_SOURCE 1
| #define _GNU_SOURCE 1
| #define _POSIX_PTHREAD_SEMANTICS 1
| #define _TANDEM_SOURCE 1
| #define HAVE_DLFCN_H 1
| #define LT_OBJDIR ".libs/"
| /* end confdefs.h.  */
| 
| 			#include <stdio.h>
| 
| int
| main ()
| {
| 
| 			#ifndef __clang__
| 				This is not clang!
| 			#endif
| 
|   ;
|   return 0;
| }
configure:16676: result: no
configure:16702: gcc -o conftest -g -O2   conftest.c  >&5
configure:16702: $? = 0
configure:16712: checking whether make sets $(MAKE)
configure:16734: result: yes
configure:16752: checking for special C compiler options needed for large files
configure:16797: result: no
configure:16803: checking for _FILE_OFFSET_BITS value needed for large files
configure:16828: gcc -c -g -O2  conftest.c >&5
configure:16828: $? = 0
configure:16860: result: no
configure:16945: checking for _LARGEFILE_SOURCE value needed for large files
configure:16964: gcc -o conftest -g -O2   conftest.c  >&5
configure:16964: $? = 0
configure:16992: result: no
configure:17018: checking size of off_t
configure:17023: gcc -o conftest -g -O2   conftest.c  >&5
configure:17023: $? = 0
configure:17023: ./conftest
configure:17023: $? = 0
configure:17037: result: 8
configure:17051: checking size of void*
configure:17056: gcc -o conftest -g -O2   conftest.c  >&5
configure:17056: $? = 0
configure:17056: ./conftest
configure:17056: $? = 0
configure:17070: result: 8
configure:17080: checking for library containing lround
configure:17111: gcc -o conftest -g -O2   conftest.c  >&5
conftest.c:38:6: warning: conflicting types for built-in function 'lround' [-Wbuiltin-declaration-mismatch]
 char lround ();
      ^~~~~~
/tmp/cc6jvbAY.o: In function `main':
/home/user/projects/audacity-speech-tagger/audacity-minsrc-2.3.3/build/lib-src/libflac/conftest.c:42: undefined reference to `lround'
collect2: error: ld returned 1 exit status
configure:17111: $? = 1
configure: failed program was:
| /* confdefs.h */
| #define PACKAGE_NAME "flac"
| #define PACKAGE_TARNAME "flac"
| #define PACKAGE_VERSION "1.3.1"
| #define PACKAGE_STRING "flac 1.3.1"
| #define PACKAGE_BUGREPORT "flac-dev@xiph.org"
| #define PACKAGE_URL "https://www.xiph.org/flac/"
| #define PACKAGE "flac"
| #define VERSION "1.3.1"
| #define STDC_HEADERS 1
| #define HAVE_SYS_TYPES_H 1
| #define HAVE_SYS_STAT_H 1
| #define HAVE_STDLIB_H 1
| #define HAVE_STRING_H 1
| #define HAVE_MEMORY_H 1
| #define HAVE_STRINGS_H 1
| #define HAVE_INTTYPES_H 1
| #define HAVE_STDINT_H 1
| #define HAVE_UNISTD_H 1
| #define __EXTENSIONS__ 1
| #define _ALL_SOURCE 1
| #define _GNU_SOURCE 1
| #define _POSIX_PTHREAD_SEMANTICS 1
| #define _TANDEM_SOURCE 1
| #define HAVE_DLFCN_H 1
| #define LT_OBJDIR ".libs/"
| #define HAVE_FSEEKO 1
| #define SIZEOF_OFF_T 8
| #define SIZEOF_VOIDP 8
| /* end confdefs.h.  */
| 
| /* Override any GCC internal prototype to avoid an error.
|    Use char because int might match the return type of a GCC
|    builtin and then its argument prototype would still apply.  */
| #ifdef __cplusplus
| extern "C"
| #endif
| char lround ();
| int
| main ()
| {
| return lround ();
|   ;
|   return 0;
| }
configure:17111: gcc -o conftest -g -O2   conftest.c -lm   >&5
conftest.c:38:6: warning: conflicting types for built-in function 'lround' [-Wbuiltin-declaration-mismatch]
 char lround ();
      ^~~~~~
configure:17111: $? = 0
configure:17128: result: -lm
configure:17147: checking for variable-length arrays
configure:17163: g++ -c -g -O2  conftest.cpp >&5
configure:17163: $? = 0
configure:17170: result: yes
configure:17191: checking for ANSI C header files
configure:17295: result: yes
configure:17304: checking for inline
configure:17320: gcc -c -g -O2  conftest.c >&5
configure:17320: $? = 0
configure:17328: result: inline
configure:17347: checking for variable-length arrays
configure:17370: result: yes
configure:17379: checking for typeof syntax and keyword spelling
configure:17410: gcc -c -g -O2  conftest.c >&5
configure:17410: $? = 0
configure:17417: result: typeof
configure:17436: checking for stdint.h
configure:17436: result: yes
configure:17436: checking for inttypes.h
configure:17436: result: yes
configure:17436: checking byteswap.h usability
configure:17436: gcc -c -g -O2  conftest.c >&5
configure:17436: $? = 0
configure:17436: result: yes
configure:17436: checking byteswap.h presence
configure:17436: gcc -E  conftest.c
configure:17436: $? = 0
configure:17436: result: yes
configure:17436: checking for byteswap.h
configure:17436: result: yes
configure:17436: checking sys/param.h usability
configure:17436: gcc -c -g -O2  conftest.c >&5
configure:17436: $? = 0
configure:17436: result: yes
configure:17436: checking sys/param.h presence
configure:17436: gcc -E  conftest.c
configure:17436: $? = 0
configure:17436: result: yes
configure:17436: checking for sys/param.h
configure:17436: result: yes
configure:17436: checking termios.h usability
configure:17436: gcc -c -g -O2  conftest.c >&5
configure:17436: $? = 0
configure:17436: result: yes
configure:17436: checking termios.h presence
configure:17436: gcc -E  conftest.c
configure:17436: $? = 0
configure:17436: result: yes
configure:17436: checking for termios.h
configure:17436: result: yes
configure:17436: checking x86intrin.h usability
configure:17436: gcc -c -g -O2  conftest.c >&5
configure:17436: $? = 0
configure:17436: result: yes
configure:17436: checking x86intrin.h presence
configure:17436: gcc -E  conftest.c
configure:17436: $? = 0
configure:17436: result: yes
configure:17436: checking for x86intrin.h
configure:17436: result: yes
configure:17436: checking cpuid.h usability
configure:17436: gcc -c -g -O2  conftest.c >&5
configure:17436: $? = 0
configure:17436: result: yes
configure:17436: checking cpuid.h presence
configure:17436: gcc -E  conftest.c
configure:17436: $? = 0
configure:17436: result: yes
configure:17436: checking for cpuid.h
configure:17436: result: yes
configure:17447: checking whether termios.h defines TIOCGWINSZ
configure:17470: result: no
configure:17474: checking whether sys/ioctl.h defines TIOCGWINSZ
configure:17497: result: yes
configure:17508: checking for bswap32 instrinsic
configure:17528: gcc -o conftest -g -O2   conftest.c -lm  >&5
configure:17528: $? = 0
configure:17543: result: yes
configure:17546: checking for bswap16 instrinsic
configure:17566: gcc -o conftest -g -O2   conftest.c -lm  >&5
configure:17566: $? = 0
configure:17581: result: yes
configure:17587: checking whether byte ordering is bigendian
configure:17602: gcc -c -g -O2  conftest.c >&5
conftest.c:48:9: error: unknown type name 'not'
         not a universal capable compiler
         ^~~
conftest.c:48:15: error: expected '=', ',', ';', 'asm' or '__attribute__' before 'universal'
         not a universal capable compiler
               ^~~~~~~~~
conftest.c:48:15: error: unknown type name 'universal'
configure:17602: $? = 1
configure: failed program was:
| /* confdefs.h */
| #define PACKAGE_NAME "flac"
| #define PACKAGE_TARNAME "flac"
| #define PACKAGE_VERSION "1.3.1"
| #define PACKAGE_STRING "flac 1.3.1"
| #define PACKAGE_BUGREPORT "flac-dev@xiph.org"
| #define PACKAGE_URL "https://www.xiph.org/flac/"
| #define PACKAGE "flac"
| #define VERSION "1.3.1"
| #define STDC_HEADERS 1
| #define HAVE_SYS_TYPES_H 1
| #define HAVE_SYS_STAT_H 1
| #define HAVE_STDLIB_H 1
| #define HAVE_STRING_H 1
| #define HAVE_MEMORY_H 1
| #define HAVE_STRINGS_H 1
| #define HAVE_INTTYPES_H 1
| #define HAVE_STDINT_H 1
| #define HAVE_UNISTD_H 1
| #define __EXTENSIONS__ 1
| #define _ALL_SOURCE 1
| #define _GNU_SOURCE 1
| #define _POSIX_PTHREAD_SEMANTICS 1
| #define _TANDEM_SOURCE 1
| #define HAVE_DLFCN_H 1
| #define LT_OBJDIR ".libs/"
| #define HAVE_FSEEKO 1
| #define SIZEOF_OFF_T 8
| #define SIZEOF_VOIDP 8
| #define HAVE_LROUND 1
| #define HAVE_C_VARARRAYS 1
| #define HAVE_CXX_VARARRAYS 1
| #define STDC_HEADERS 1
| #define HAVE_C_VARARRAYS 1
| #define HAVE_TYPEOF 1
| #define HAVE_STDINT_H 1
| #define HAVE_INTTYPES_H 1
| #define HAVE_BYTESWAP_H 1
| #define HAVE_SYS_PARAM_H 1
| #define HAVE_TERMIOS_H 1
| #define HAVE_X86INTRIN_H 1
| #define HAVE_CPUID_H 1
| #define GWINSZ_IN_SYS_IOCTL 1
| #define HAVE_BSWAP32 1
| #define HAVE_BSWAP16 1
| /* end confdefs.h.  */
| #ifndef __APPLE_CC__
| 	       not a universal capable compiler
| 	     #endif
| 	     typedef int dummy;
| 
configure:17647: gcc -c -g -O2  conftest.c >&5
configure:17647: $? = 0
configure:17665: gcc -c -g -O2  conftest.c >&5
conftest.c: In function 'main':
conftest.c:54:4: error: unknown type name 'not'; did you mean 'ino_t'?
    not big endian
    ^~~
    ino_t
conftest.c:54:12: error: expected '=', ',', ';', 'asm' or '__attribute__' before 'endian'
    not big endian
            ^~~~~~
configure:17665: $? = 1
configure: failed program was:
| /* confdefs.h */
| #define PACKAGE_NAME "flac"
| #define PACKAGE_TARNAME "flac"
| #define PACKAGE_VERSION "1.3.1"
| #define PACKAGE_STRING "flac 1.3.1"
| #define PACKAGE_BUGREPORT "flac-dev@xiph.org"
| #define PACKAGE_URL "https://www.xiph.org/flac/"
| #define PACKAGE "flac"
| #define VERSION "1.3.1"
| #define STDC_HEADERS 1
| #define HAVE_SYS_TYPES_H 1
| #define HAVE_SYS_STAT_H 1
| #define HAVE_STDLIB_H 1
| #define HAVE_STRING_H 1
| #define HAVE_MEMORY_H 1
| #define HAVE_STRINGS_H 1
| #define HAVE_INTTYPES_H 1
| #define HAVE_STDINT_H 1
| #define HAVE_UNISTD_H 1
| #define __EXTENSIONS__ 1
| #define _ALL_SOURCE 1
| #define _GNU_SOURCE 1
| #define _POSIX_PTHREAD_SEMANTICS 1
| #define _TANDEM_SOURCE 1
| #define HAVE_DLFCN_H 1
| #define LT_OBJDIR ".libs/"
| #define HAVE_FSEEKO 1
| #define SIZEOF_OFF_T 8
| #define SIZEOF_VOIDP 8
| #define HAVE_LROUND 1
| #define HAVE_C_VARARRAYS 1
| #define HAVE_CXX_VARARRAYS 1
| #define STDC_HEADERS 1
| #define HAVE_C_VARARRAYS 1
| #define HAVE_TYPEOF 1
| #define HAVE_STDINT_H 1
| #define HAVE_INTTYPES_H 1
| #define HAVE_BYTESWAP_H 1
| #define HAVE_SYS_PARAM_H 1
| #define HAVE_TERMIOS_H 1
| #define HAVE_X86INTRIN_H 1
| #define HAVE_CPUID_H 1
| #define GWINSZ_IN_SYS_IOCTL 1
| #define HAVE_BSWAP32 1
| #define HAVE_BSWAP16 1
| /* end confdefs.h.  */
| #include <sys/types.h>
| 		#include <sys/param.h>
| 
| int
| main ()
| {
| #if BYTE_ORDER != BIG_ENDIAN
| 		 not big endian
| 		#endif
| 
|   ;
|   return 0;
| }
configure:17793: result: no
configure:17858: checking for socklen_t
configure:17858: gcc -c -g -O2  conftest.c >&5
configure:17858: $? = 0
configure:17858: gcc -c -g -O2  conftest.c >&5
conftest.c: In function 'main':
conftest.c:86:24: error: expected expression before ')' token
 if (sizeof ((socklen_t)))
                        ^
configure:17858: $? = 1
configure: failed program was:
| /* confdefs.h */
| #define PACKAGE_NAME "flac"
| #define PACKAGE_TARNAME "flac"
| #define PACKAGE_VERSION "1.3.1"
| #define PACKAGE_STRING "flac 1.3.1"
| #define PACKAGE_BUGREPORT "flac-dev@xiph.org"
| #define PACKAGE_URL "https://www.xiph.org/flac/"
| #define PACKAGE "flac"
| #define VERSION "1.3.1"
| #define STDC_HEADERS 1
| #define HAVE_SYS_TYPES_H 1
| #define HAVE_SYS_STAT_H 1
| #define HAVE_STDLIB_H 1
| #define HAVE_STRING_H 1
| #define HAVE_MEMORY_H 1
| #define HAVE_STRINGS_H 1
| #define HAVE_INTTYPES_H 1
| #define HAVE_STDINT_H 1
| #define HAVE_UNISTD_H 1
| #define __EXTENSIONS__ 1
| #define _ALL_SOURCE 1
| #define _GNU_SOURCE 1
| #define _POSIX_PTHREAD_SEMANTICS 1
| #define _TANDEM_SOURCE 1
| #define HAVE_DLFCN_H 1
| #define LT_OBJDIR ".libs/"
| #define HAVE_FSEEKO 1
| #define SIZEOF_OFF_T 8
| #define SIZEOF_VOIDP 8
| #define HAVE_LROUND 1
| #define HAVE_C_VARARRAYS 1
| #define HAVE_CXX_VARARRAYS 1
| #define STDC_HEADERS 1
| #define HAVE_C_VARARRAYS 1
| #define HAVE_TYPEOF 1
| #define HAVE_STDINT_H 1
| #define HAVE_INTTYPES_H 1
| #define HAVE_BYTESWAP_H 1
| #define HAVE_SYS_PARAM_H 1
| #define HAVE_TERMIOS_H 1
| #define HAVE_X86INTRIN_H 1
| #define HAVE_CPUID_H 1
| #define GWINSZ_IN_SYS_IOCTL 1
| #define HAVE_BSWAP32 1
| #define HAVE_BSWAP16 1
| #define CPU_IS_BIG_ENDIAN 0
| #define CPU_IS_LITTLE_ENDIAN 1
| #define WORDS_BIGENDIAN 0
| /* end confdefs.h.  */
| #include <stdio.h>
| #ifdef HAVE_SYS_TYPES_H
| # include <sys/types.h>
| #endif
| #ifdef HAVE_SYS_STAT_H
| # include <sys/stat.h>
| #endif
| #ifdef STDC_HEADERS
| # include <stdlib.h>
| # include <stddef.h>
| #else
| # ifdef HAVE_STDLIB_H
| #  include <stdlib.h>
| # endif
| #endif
| #ifdef HAVE_STRING_H
| # if !defined STDC_HEADERS && defined HAVE_MEMORY_H
| #  include <memory.h>
| # endif
| # include <string.h>
| #endif
| #ifdef HAVE_STRINGS_H
| # include <strings.h>
| #endif
| #ifdef HAVE_INTTYPES_H
| # include <inttypes.h>
| #endif
| #ifdef HAVE_STDINT_H
| # include <stdint.h>
| #endif
| #ifdef HAVE_UNISTD_H
| # include <unistd.h>
| #endif
| int
| main ()
| {
| if (sizeof ((socklen_t)))
| 	    return 0;
|   ;
|   return 0;
| }
configure:17858: result: yes
configure:17871: checking for getopt_long
configure:17871: gcc -o conftest -g -O2   conftest.c -lm  >&5
configure:17871: $? = 0
configure:17871: result: yes
configure:17885: checking size of void*
configure:17904: result: 8
configure:18617: checking for Ogg
configure:18652: gcc -o conftest -g -O2 -I/usr/local/include   conftest.c -lm  -L/usr/local/lib -logg >&5
conftest.c: In function 'main':
conftest.c:66:3: warning: ignoring return value of 'system', declared with attribute warn_unused_result [-Wunused-result]
   system("touch conf.oggtest");
   ^~~~~~~~~~~~~~~~~~~~~~~~~~~~
configure:18652: $? = 0
configure:18652: ./conftest
configure:18652: $? = 0
configure:18671: result: yes
configure:18793: checking for ld used by gcc
configure:18860: result: /usr/bin/ld -m elf_x86_64
configure:18867: checking if the linker (/usr/bin/ld -m elf_x86_64) is GNU ld
configure:18882: result: yes
configure:18889: checking for shared library run path origin
configure:18902: result: done
configure:19480: checking for iconv
configure:19504: gcc -o conftest -g -O2   conftest.c -lm  >&5
configure:19504: $? = 0
configure:19538: result: yes
configure:19541: checking for working iconv
configure:19661: gcc -o conftest -g -O2   conftest.c -lm  >&5
configure:19661: $? = 0
configure:19661: ./conftest
configure:19661: $? = 0
configure:19673: result: yes
configure:19701: checking for iconv declaration
configure:19730: gcc -c -g -O2  conftest.c >&5
configure:19730: $? = 0
configure:19741: result:
         extern size_t iconv (iconv_t cd, char * *inbuf, size_t *inbytesleft, char * *outbuf, size_t *outbytesleft);
configure:19753: checking for nl_langinfo and CODESET
configure:19769: gcc -o conftest -g -O2   conftest.c -lm  >&5
configure:19769: $? = 0
configure:19778: result: yes
configure:19791: checking for docbook-to-man
configure:19821: result: no
configure:19791: checking for docbook2man
configure:19821: result: no
configure:19848: checking for nasm
configure:19878: result: no
configure:19913: checking for version of gcc
configure:19916: result: 7
configure:19933: checking if gcc accepts -Wdeclaration-after-statement
configure:19950: gcc -o conftest -Wdeclaration-after-statement -DNDEBUG   conftest.c -lm  >&5
configure:19950: $? = 0
configure:19951: result: yes
configure:19963: checking if gcc accepts -D_FORTIFY_SOURCE=2
configure:19980: gcc -o conftest -D_FORTIFY_SOURCE=2 -DNDEBUG   conftest.c -lm  >&5
configure:19980: $? = 0
configure:19981: result: yes
configure:20000: checking if g++ accepts -Weffc++
configure:20018: g++ -o conftest -Weffc++ -DNDEBUG   conftest.cpp -lm  >&5
configure:20018: $? = 0
configure:20019: result: yes
configure:20084: checking if gcc accepts -msse2
configure:20101: gcc -o conftest -msse2 -DNDEBUG  -DFLAC__USE_VISIBILITY_ATTR  conftest.c -lm  >&5
configure:20101: $? = 0
configure:20102: result: yes
configure:20118: checking if gcc accepts -Wextra
configure:20135: gcc -o conftest -Wextra -DNDEBUG  -DFLAC__USE_VISIBILITY_ATTR  conftest.c -lm  >&5
configure:20135: $? = 0
configure:20136: result: yes
configure:20414: checking that generated files are newer than configure
configure:20420: result: done
configure:20532: creating ./config.status

## ---------------------- ##
## Running config.status. ##
## ---------------------- ##

This file was extended by flac config.status 1.3.1, which was
generated by GNU Autoconf 2.69.  Invocation command line was

  CONFIG_FILES    = 
  CONFIG_HEADERS  = 
  CONFIG_LINKS    = 
  CONFIG_COMMANDS = 
  $ ./config.status 

on 2jh2xg2j

config.status:1320: creating Makefile
config.status:1320: creating src/Makefile
config.status:1320: creating src/libFLAC/Makefile
config.status:1320: creating src/libFLAC/flac.pc
config.status:1320: creating src/libFLAC/ia32/Makefile
config.status:1320: creating src/libFLAC/include/Makefile
config.status:1320: creating src/libFLAC/include/private/Makefile
config.status:1320: creating src/libFLAC/include/protected/Makefile
config.status:1320: creating src/libFLAC++/Makefile
config.status:1320: creating src/libFLAC++/flac++.pc
config.status:1320: creating src/flac/Makefile
config.status:1320: creating src/metaflac/Makefile
config.status:1320: creating src/plugin_common/Makefile
config.status:1320: creating src/plugin_xmms/Makefile
config.status:1320: creating src/share/Makefile
config.status:1320: creating src/test_grabbag/Makefile
config.status:1320: creating src/test_grabbag/cuesheet/Makefile
config.status:1320: creating src/test_grabbag/picture/Makefile
config.status:1320: creating src/test_libs_common/Makefile
config.status:1320: creating src/test_libFLAC/Makefile
config.status:1320: creating src/test_libFLAC++/Makefile
config.status:1320: creating src/test_seeking/Makefile
config.status:1320: creating src/test_streams/Makefile
config.status:1320: creating src/utils/Makefile
config.status:1320: creating src/utils/flacdiff/Makefile
config.status:1320: creating src/utils/flactimer/Makefile
config.status:1320: creating examples/Makefile
config.status:1320: creating examples/c/Makefile
config.status:1320: creating examples/c/decode/Makefile
config.status:1320: creating examples/c/decode/file/Makefile
config.status:1320: creating examples/c/encode/Makefile
config.status:1320: creating examples/c/encode/file/Makefile
config.status:1320: creating examples/cpp/Makefile
config.status:1320: creating examples/cpp/decode/Makefile
config.status:1320: creating examples/cpp/decode/file/Makefile
config.status:1320: creating examples/cpp/encode/Makefile
config.status:1320: creating examples/cpp/encode/file/Makefile
config.status:1320: creating include/Makefile
config.status:1320: creating include/FLAC/Makefile
config.status:1320: creating include/FLAC++/Makefile
config.status:1320: creating include/share/Makefile
config.status:1320: creating include/share/grabbag/Makefile
config.status:1320: creating include/test_libs_common/Makefile
config.status:1320: creating doc/Doxyfile
config.status:1320: creating doc/Makefile
config.status:1320: creating doc/html/Makefile
config.status:1320: creating doc/html/images/Makefile
config.status:1320: creating m4/Makefile
config.status:1320: creating man/Makefile
config.status:1320: creating test/common.sh
config.status:1320: creating test/Makefile
config.status:1320: creating test/cuesheets/Makefile
config.status:1320: creating test/flac-to-flac-metadata-test-files/Makefile
config.status:1320: creating test/metaflac-test-files/Makefile
config.status:1320: creating test/pictures/Makefile
config.status:1320: creating build/Makefile
config.status:1320: creating objs/Makefile
config.status:1320: creating objs/debug/Makefile
config.status:1320: creating objs/debug/bin/Makefile
config.status:1320: creating objs/debug/lib/Makefile
config.status:1320: creating objs/release/Makefile
config.status:1320: creating objs/release/bin/Makefile
config.status:1320: creating objs/release/lib/Makefile
config.status:1320: creating config.h
config.status:1486: config.h is unchanged
config.status:1534: executing depfiles commands
config.status:1534: executing libtool commands
configure:23100: result:
-=-=-=-=-=-=-=-=-=-= Configuration Complete =-=-=-=-=-=-=-=-=-=-

  Configuration summary :

    FLAC version : ........................ 1.3.1

    Host CPU : ............................ x86_64
    Host Vendor : ......................... unknown
    Host OS : ............................. linux-gnu


## ---------------- ##
## Cache variables. ##
## ---------------- ##

ac_cv_build=x86_64-unknown-linux-gnu
ac_cv_c_big_endian=0
ac_cv_c_bigendian=no
ac_cv_c_bswap16=yes
ac_cv_c_bswap32=yes
ac_cv_c_compiler_gnu=yes
ac_cv_c_inline=inline
ac_cv_c_little_endian=1
ac_cv_c_typeof=typeof
ac_cv_c_vararrays=yes
ac_cv_cxx_compiler_gnu=yes
ac_cv_env_CCASFLAGS_set=
ac_cv_env_CCASFLAGS_value=
ac_cv_env_CCAS_set=
ac_cv_env_CCAS_value=
ac_cv_env_CCC_set=
ac_cv_env_CCC_value=
ac_cv_env_CC_set=
ac_cv_env_CC_value=
ac_cv_env_CFLAGS_set=
ac_cv_env_CFLAGS_value=
ac_cv_env_CPPFLAGS_set=
ac_cv_env_CPPFLAGS_value=
ac_cv_env_CPP_set=
ac_cv_env_CPP_value=
ac_cv_env_CXXCPP_set=
ac_cv_env_CXXCPP_value=
ac_cv_env_CXXFLAGS_set=
ac_cv_env_CXXFLAGS_value=
ac_cv_env_CXX_set=
ac_cv_env_CXX_value=
ac_cv_env_LDFLAGS_set=
ac_cv_env_LDFLAGS_value=
ac_cv_env_LIBS_set=
ac_cv_env_LIBS_value=
ac_cv_env_build_alias_set=
ac_cv_env_build_alias_value=
ac_cv_env_host_alias_set=
ac_cv_env_host_alias_value=
ac_cv_env_target_alias_set=
ac_cv_env_target_alias_value=
ac_cv_func_getopt_long=yes
ac_cv_header_byteswap_h=yes
ac_cv_header_cpuid_h=yes
ac_cv_header_dlfcn_h=yes
ac_cv_header_inttypes_h=yes
ac_cv_header_memory_h=yes
ac_cv_header_minix_config_h=no
ac_cv_header_stdc=yes
ac_cv_header_stdint_h=yes
ac_cv_header_stdlib_h=yes
ac_cv_header_string_h=yes
ac_cv_header_strings_h=yes
ac_cv_header_sys_param_h=yes
ac_cv_header_sys_stat_h=yes
ac_cv_header_sys_types_h=yes
ac_cv_header_termios_h=yes
ac_cv_header_unistd_h=yes
ac_cv_header_x86intrin_h=yes
ac_cv_host=x86_64-unknown-linux-gnu
ac_cv_objext=o
ac_cv_path_EGREP='/bin/grep -E'
ac_cv_path_FGREP='/bin/grep -F'
ac_cv_path_GREP=/bin/grep
ac_cv_path_SED=/bin/sed
ac_cv_path_install='/usr/bin/install -c'
ac_cv_path_mkdir=/bin/mkdir
ac_cv_prog_AWK=gawk
ac_cv_prog_CPP='gcc -E'
ac_cv_prog_CXXCPP='g++ -E'
ac_cv_prog_ac_ct_AR=ar
ac_cv_prog_ac_ct_CC=gcc
ac_cv_prog_ac_ct_CXX=g++
ac_cv_prog_ac_ct_MANIFEST_TOOL=mt
ac_cv_prog_ac_ct_OBJDUMP=objdump
ac_cv_prog_ac_ct_RANLIB=ranlib
ac_cv_prog_ac_ct_STRIP=strip
ac_cv_prog_cc_c89=
ac_cv_prog_cc_c99=
ac_cv_prog_cc_g=yes
ac_cv_prog_cc_stdc=
ac_cv_prog_cxx_g=yes
ac_cv_prog_make_make_set=yes
ac_cv_safe_to_define___extensions__=yes
ac_cv_search_lround=-lm
ac_cv_sizeof_off_t=8
ac_cv_sizeof_voidp=8
ac_cv_sys_file_offset_bits=no
ac_cv_sys_largefile_CC=no
ac_cv_sys_largefile_source=no
ac_cv_sys_tiocgwinsz_in_sys_ioctl_h=yes
ac_cv_sys_tiocgwinsz_in_termios_h=no
ac_cv_type_socklen_t=yes
acl_cv_path_LD='/usr/bin/ld -m elf_x86_64'
acl_cv_prog_gnu_ld=yes
acl_cv_rpath=done
am_cv_CCAS_dependencies_compiler_type=gcc3
am_cv_CC_dependencies_compiler_type=gcc3
am_cv_CXX_dependencies_compiler_type=gcc3
am_cv_ar_interface=ar
am_cv_func_iconv=yes
am_cv_func_iconv_works=yes
am_cv_langinfo_codeset=yes
am_cv_lib_iconv=no
am_cv_make_support_nested_variables=yes
am_cv_prog_cc_c_o=yes
am_cv_prog_tar_pax=gnutar
am_cv_proto_iconv='extern size_t iconv (iconv_t cd, char * *inbuf, size_t *inbytesleft, char * *outbuf, size_t *outbytesleft);'
am_cv_proto_iconv_arg1=
lt_cv_ar_at_file=@
lt_cv_deplibs_check_method=pass_all
lt_cv_file_magic_cmd='$MAGIC_CMD'
lt_cv_file_magic_test_file=
lt_cv_ld_reload_flag=-r
lt_cv_nm_interface='BSD nm'
lt_cv_objdir=.libs
lt_cv_path_LD=/usr/bin/ld
lt_cv_path_LDCXX='/usr/bin/ld -m elf_x86_64'
lt_cv_path_NM='/usr/bin/nm -B'
lt_cv_path_mainfest_tool=no
lt_cv_prog_compiler_c_o=yes
lt_cv_prog_compiler_c_o_CXX=yes
lt_cv_prog_compiler_pic='-fPIC -DPIC'
lt_cv_prog_compiler_pic_CXX='-fPIC -DPIC'
lt_cv_prog_compiler_pic_works=yes
lt_cv_prog_compiler_pic_works_CXX=yes
lt_cv_prog_compiler_rtti_exceptions=no
lt_cv_prog_compiler_static_works=yes
lt_cv_prog_compiler_static_works_CXX=yes
lt_cv_prog_gnu_ld=yes
lt_cv_prog_gnu_ldcxx=yes
lt_cv_sharedlib_from_linklib_cmd='printf %s\n'
lt_cv_shlibpath_overrides_runpath=yes
lt_cv_sys_global_symbol_pipe='sed -n -e '\''s/^.*[	 ]\([ABCDGIRSTW][ABCDGIRSTW]*\)[	 ][	 ]*\([_A-Za-z][_A-Za-z0-9]*\)$/\1 \2 \2/p'\'' | sed '\''/ __gnu_lto/d'\'''
lt_cv_sys_global_symbol_to_c_name_address='sed -n -e '\''s/^: \([^ ]*\)[ ]*$/  {\"\1\", (void *) 0},/p'\'' -e '\''s/^[ABCDGIRSTW]* \([^ ]*\) \([^ ]*\)$/  {"\2", (void *) \&\2},/p'\'''
lt_cv_sys_global_symbol_to_c_name_address_lib_prefix='sed -n -e '\''s/^: \([^ ]*\)[ ]*$/  {\"\1\", (void *) 0},/p'\'' -e '\''s/^[ABCDGIRSTW]* \([^ ]*\) \(lib[^ ]*\)$/  {"\2", (void *) \&\2},/p'\'' -e '\''s/^[ABCDGIRSTW]* \([^ ]*\) \([^ ]*\)$/  {"lib\2", (void *) \&\2},/p'\'''
lt_cv_sys_global_symbol_to_cdecl='sed -n -e '\''s/^T .* \(.*\)$/extern int \1();/p'\'' -e '\''s/^[ABCDGIRSTW]* .* \(.*\)$/extern char \1;/p'\'''
lt_cv_sys_max_cmd_len=1572864
lt_cv_to_host_file_cmd=func_convert_file_noop
lt_cv_to_tool_file_cmd=func_convert_file_noop
xiph_cv_c_compiler_clang=no

## ----------------- ##
## Output variables. ##
## ----------------- ##

ACLOCAL='${SHELL} /home/user/projects/audacity-speech-tagger/audacity-minsrc-2.3.3/lib-src/libflac/missing aclocal-1.14'
AMDEPBACKSLASH='\'
AMDEP_FALSE='#'
AMDEP_TRUE=''
AMTAR='$${TAR-tar}'
AM_BACKSLASH='\'
AM_DEFAULT_V='$(AM_DEFAULT_VERBOSITY)'
AM_DEFAULT_VERBOSITY='0'
AM_V='$(V)'
AR='ar'
AS='as'
AUTOCONF='${SHELL} /home/user/projects/audacity-speech-tagger/audacity-minsrc-2.3.3/lib-src/libflac/missing autoconf'
AUTOHEADER='${SHELL} /home/user/projects/audacity-speech-tagger/audacity-minsrc-2.3.3/lib-src/libflac/missing autoheader'
AUTOMAKE='${SHELL} /home/user/projects/audacity-speech-tagger/audacity-minsrc-2.3.3/lib-src/libflac/missing automake-1.14'
AWK='gawk'
CC='gcc'
CCAS='gcc'
CCASDEPMODE='depmode=gcc3'
CCASFLAGS='-g -O2'
CCDEPMODE='depmode=gcc3'
CFLAGS='-O3 -funroll-loops   -Wall -Wextra -Wstrict-prototypes -Wmissing-prototypes -Waggregate-return -Wcast-align -Wnested-externs -Wshadow -Wundef -Wmissing-declarations -Wunreachable-code -Winline  -Wdeclaration-after-statement -D_FORTIFY_SOURCE=2 -fvisibility=hidden -msse2 -Wextra'
CPP='gcc -E'
CPPFLAGS='-DNDEBUG  -DFLAC__USE_VISIBILITY_ATTR'
CXX='g++'
CXXCPP='g++ -E'
CXXDEPMODE='depmode=gcc3'
CXXFLAGS='-g -O2 -Wall -Wextra -Wcast-align -Wshadow -Wwrite-strings -Wctor-dtor-privacy -Wnon-virtual-dtor -Wreorder -Wsign-promo -Wundef -Wunreachable-code  -Weffc++ -fvisibility=hidden'
CYGPATH_W='echo'
DEBUG_FALSE=''
DEBUG_TRUE='#'
DEFS='-DHAVE_CONFIG_H'
DEPDIR='.deps'
DLLTOOL='false'
DOCBOOK_TO_MAN=''
DOXYGEN=''
DSYMUTIL=''
DUMPBIN=''
ECHO_C=''
ECHO_N='-n'
ECHO_T=''
EGREP='/bin/grep -E'
EXEEXT=''
FGREP='/bin/grep -F'
FLAC__CPU_X86_64_FALSE='#'
FLAC__CPU_X86_64_TRUE=''
FLAC__TEST_LEVEL='0'
FLAC__TEST_WITH_VALGRIND='no'
FLaC__CPU_IA32_FALSE=''
FLaC__CPU_IA32_TRUE='#'
FLaC__CPU_PPC_FALSE=''
FLaC__CPU_PPC_SPE_FALSE=''
FLaC__CPU_PPC_SPE_TRUE='#'
FLaC__CPU_PPC_TRUE='#'
FLaC__CPU_SPARC_FALSE=''
FLaC__CPU_SPARC_TRUE='#'
FLaC__HAS_DOCBOOK_TO_MAN_FALSE=''
FLaC__HAS_DOCBOOK_TO_MAN_TRUE='#'
FLaC__HAS_DOXYGEN_FALSE=''
FLaC__HAS_DOXYGEN_TRUE='#'
FLaC__HAS_NASM_FALSE=''
FLaC__HAS_NASM_TRUE='#'
FLaC__HAS_OGG_FALSE='#'
FLaC__HAS_OGG_TRUE=''
FLaC__HAS_XMMS_FALSE=''
FLaC__HAS_XMMS_TRUE='#'
FLaC__INSTALL_XMMS_PLUGIN_LOCALLY_FALSE=''
FLaC__INSTALL_XMMS_PLUGIN_LOCALLY_TRUE='#'
FLaC__NO_ASM_FALSE=''
FLaC__NO_ASM_TRUE='#'
FLaC__SSE_OS_FALSE=''
FLaC__SSE_OS_TRUE='#'
FLaC__SYS_DARWIN_FALSE=''
FLaC__SYS_DARWIN_TRUE='#'
FLaC__SYS_LINUX_FALSE=''
FLaC__SYS_LINUX_TRUE='#'
FLaC__USE_ALTIVEC_FALSE='#'
FLaC__USE_ALTIVEC_TRUE=''
FLaC__WITH_CPPLIBS_FALSE='#'
FLaC__WITH_CPPLIBS_TRUE=''
GCC_MAJOR_VERSION='7'
GCC_MINOR_VERSION='7'
GCC_VERSION='7'
GREP='/bin/grep'
INSTALL_DATA='${INSTALL} -m 644'
INSTALL_PROGRAM='${INSTALL}'
INSTALL_SCRIPT='${INSTALL}'
INSTALL_STRIP_PROGRAM='$(install_sh) -c -s'
LD='/usr/bin/ld -m elf_x86_64'
LDFLAGS=''
LIBICONV=''
LIBOBJS=''
LIBS='-lm '
LIBTOOL='$(SHELL) $(top_builddir)/libtool'
LIPO=''
LN_S='ln -s'
LTLIBICONV=''
LTLIBOBJS=''
MAINT='#'
MAINTAINER_MODE_FALSE=''
MAINTAINER_MODE_TRUE='#'
MAKEINFO='${SHELL} /home/user/projects/audacity-speech-tagger/audacity-minsrc-2.3.3/lib-src/libflac/missing makeinfo'
MANIFEST_TOOL=':'
MKDIR_P='/bin/mkdir -p'
NASM=''
NM='/usr/bin/nm -B'
NMEDIT=''
OBJDUMP='objdump'
OBJEXT='o'
OBJ_FORMAT='elf'
OGG_CFLAGS='-I/usr/local/include'
OGG_LIBS='-L/usr/local/lib -logg'
OGG_PACKAGE='ogg'
OS_IS_WINDOWS_FALSE=''
OS_IS_WINDOWS_TRUE='#'
OTOOL64=''
OTOOL=''
PACKAGE='flac'
PACKAGE_BUGREPORT='flac-dev@xiph.org'
PACKAGE_NAME='flac'
PACKAGE_STRING='flac 1.3.1'
PACKAGE_TARNAME='flac'
PACKAGE_URL='https://www.xiph.org/flac/'
PACKAGE_VERSION='1.3.1'
PATH_SEPARATOR=':'
RANLIB='ranlib'
SED='/bin/sed'
SET_MAKE=''
SHELL='/bin/bash'
STRIP='strip'
VERSION='1.3.1'
XMMS_CFLAGS=''
XMMS_CONFIG=''
XMMS_DATA_DIR=''
XMMS_EFFECT_PLUGIN_DIR=''
XMMS_GENERAL_PLUGIN_DIR=''
XMMS_INPUT_PLUGIN_DIR=''
XMMS_LIBS=''
XMMS_OUTPUT_PLUGIN_DIR=''
XMMS_PLUGIN_DIR=''
XMMS_VERSION=''
XMMS_VISUALIZATION_PLUGIN_DIR=''
ac_ct_AR='ar'
ac_ct_CC='gcc'
ac_ct_CXX='g++'
ac_ct_DUMPBIN=''
am__EXEEXT_FALSE=''
am__EXEEXT_TRUE='#'
am__fastdepCCAS_FALSE='#'
am__fastdepCCAS_TRUE=''
am__fastdepCC_FALSE='#'
am__fastdepCC_TRUE=''
am__fastdepCXX_FALSE='#'
am__fastdepCXX_TRUE=''
am__include='include'
am__isrc=' -I$(srcdir)'
am__leading_dot='.'
am__nodep='_no'
am__quote=''
am__tar='tar --format=posix -chf - "$$tardir"'
am__untar='tar -xf -'
bindir='${exec_prefix}/bin'
build='x86_64-unknown-linux-gnu'
build_alias=''
build_cpu='x86_64'
build_os='linux-gnu'
build_vendor='unknown'
datadir='${datarootdir}'
datarootdir='${prefix}/share'
docdir='${datarootdir}/doc/${PACKAGE_TARNAME}'
dvidir='${docdir}'
exec_prefix='${prefix}'
host='x86_64-unknown-linux-gnu'
host_alias=''
host_cpu='x86_64'
host_os='linux-gnu'
host_vendor='unknown'
htmldir='${docdir}'
includedir='${prefix}/include'
infodir='${datarootdir}/info'
install_sh='${SHELL} /home/user/projects/audacity-speech-tagger/audacity-minsrc-2.3.3/lib-src/libflac/install-sh'
libdir='${exec_prefix}/lib'
libexecdir='${exec_prefix}/libexec'
localedir='${datarootdir}/locale'
localstatedir='${prefix}/var'
mandir='${datarootdir}/man'
mkdir_p='$(MKDIR_P)'
oldincludedir='/usr/include'
pdfdir='${docdir}'
prefix='/usr/local'
program_transform_name='s,x,x,'
psdir='${docdir}'
sbindir='${exec_prefix}/sbin'
sharedstatedir='${prefix}/com'
sysconfdir='${prefix}/etc'
target_alias=''

## ----------- ##
## confdefs.h. ##
## ----------- ##

/* confdefs.h */
#define PACKAGE_NAME "flac"
#define PACKAGE_TARNAME "flac"
#define PACKAGE_VERSION "1.3.1"
#define PACKAGE_STRING "flac 1.3.1"
#define PACKAGE_BUGREPORT "flac-dev@xiph.org"
#define PACKAGE_URL "https://www.xiph.org/flac/"
#define PACKAGE "flac"
#define VERSION "1.3.1"
#define STDC_HEADERS 1
#define HAVE_SYS_TYPES_H 1
#define HAVE_SYS_STAT_H 1
#define HAVE_STDLIB_H 1
#define HAVE_STRING_H 1
#define HAVE_MEMORY_H 1
#define HAVE_STRINGS_H 1
#define HAVE_INTTYPES_H 1
#define HAVE_STDINT_H 1
#define HAVE_UNISTD_H 1
#define __EXTENSIONS__ 1
#define _ALL_SOURCE 1
#define _GNU_SOURCE 1
#define _POSIX_PTHREAD_SEMANTICS 1
#define _TANDEM_SOURCE 1
#define HAVE_DLFCN_H 1
#define LT_OBJDIR ".libs/"
#define HAVE_FSEEKO 1
#define SIZEOF_OFF_T 8
#define SIZEOF_VOIDP 8
#define HAVE_LROUND 1
#define HAVE_C_VARARRAYS 1
#define HAVE_CXX_VARARRAYS 1
#define STDC_HEADERS 1
#define HAVE_C_VARARRAYS 1
#define HAVE_TYPEOF 1
#define HAVE_STDINT_H 1
#define HAVE_INTTYPES_H 1
#define HAVE_BYTESWAP_H 1
#define HAVE_SYS_PARAM_H 1
#define HAVE_TERMIOS_H 1
#define HAVE_X86INTRIN_H 1
#define HAVE_CPUID_H 1
#define GWINSZ_IN_SYS_IOCTL 1
#define HAVE_BSWAP32 1
#define HAVE_BSWAP16 1
#define CPU_IS_BIG_ENDIAN 0
#define CPU_IS_LITTLE_ENDIAN 1
#define WORDS_BIGENDIAN 0
#define HAVE_SOCKLEN_T 1
#define HAVE_GETOPT_LONG 1
#define SIZEOF_VOIDP 8
#define FLAC__CPU_X86_64 1
#define FLAC__HAS_X86INTRIN 
#define FLAC__ALIGN_MALLOC_DATA 1
#define FLAC__SSE_OS 1
#define FLAC__USE_ALTIVEC 1
#define FLAC__HAS_OGG 1
#define HAVE_ICONV 1
#define ICONV_CONST 
#define HAVE_LANGINFO_CODESET 1

configure: exit 0
